
+UUDFP:6C1DEBA42837,19FF1A000000D0FB010064000000DD420D003200000094210B00

+UUDF:6C1DEBA42837,-54,1,0,0,26,"CCF9579B2233","",543622,14

+UUDF:6C1DEBA42837,-54,1,0,0,35,"CCF9579B2233","",543672,15

+UUDF:6C1DEBA42837,-58,2,1,0,23,"CCF9579B2233","",543722,16

+UUDF:6C1DEBA42837,-61,2,1,0,18,"CCF9579B2233","",543772,17

+UUDF:6C1DEBA42837,-59,3,2,0,10,"CCF9579B2233","",543822,18

+UUDF:6C1DEBA42837,-57,3,2,0,19,"CCF9579B2233","",543872,19

+UUDF:6C1DEBA42837,-60,4,2,0,28,"CCF9579B2233","",543972,21

+UUDF:6C1DEBA42837,-59,4,2,0,33,"CCF9579B2233","",544022,22

+UUDF:6C1DEBA42837,-61,4,3,0,14,"CCF9579B2233","",544072,23

+UUDF:6C1DEBA42837,-53,4,3,0,32,"CCF9579B2233","",544122,24

+UUDF:6C1DEBA42837,-64,5,3,0,10,"CCF9579B2233","",544172,25

+UUDF:6C1DEBA42837,-72,6,4,0,17,"CCF9579B2233","",544222,26

+UUDF:6C1DEBA42837,-65,7,5,0,15,"CCF9579B2233","",544272,27

+UUDF:6C1DEBA42837,-64,7,5,0,6,"CCF9579B2233","",544322,28

+UUDF:6C1DEBA42837,-61,7,6,0,3,"CCF9579B2233","",544372,29

+UUDF:6C1DEBA42837,-56,8,6,0,12,"CCF9579B2233","",544422,30

+UUDF:6C1DEBA42837,-58,8,7,0,12,"CCF9579B2233","",544472,31

+UUDF:6C1DEBA42837,-60,8,8,0,26,"CCF9579B2233","",544522,32

+UUDFP:6C1DEBA42837,19FF1A000000D0FB010064000000DD420D003200000094210B00

+UUDF:6C1DEBA42837,-66,8,8,0,6,"CCF9579B2233","",544572,33

+UUDF:6C1DEBA42837,-57,9,9,0,23,"CCF9579B2233","",544622,34

+UUDF:6C1DEBA42837,-62,10,10,0,12,"CCF9579B2233","",544672,35

+UUDF:6C1DEBA42837,-54,10,11,0,25,"CCF9579B2233","",544722,36

+UUDF:6C1DEBA42837,-56,10,12,0,14,"CCF9579B2233","",544772,37

+UUDF:6C1DEBA42837,-59,10,13,0,28,"CCF9579B2233","",544822,38

+UUDF:6C1DEBA42837,-55,10,14,0,32,"CCF9579B2233","",544872,39

+UUDF:6C1DEBA42837,-56,11,15,0,25,"CCF9579B2233","",544922,40

+UUDF:6C1DEBA42837,-63,12,17,0,5,"CCF9579B2233","",544972,41

+UUDF:6C1DEBA42837,-61,12,20,0,10,"CCF9579B2233","",545022,42

+UUDF:6C1DEBA42837,-54,12,23,0,20,"CCF9579B2233","",545072,43

+UUDF:6C1DEBA42837,-55,13,25,0,17,"CCF9579B2233","",545122,44

+UUDF:6C1DEBA42837,-49,14,27,0,36,"CCF9579B2233","",545172,45

+UUDF:6C1DEBA42837,-54,16,29,0,10,"CCF9579B2233","",545222,46

+UUDF:6C1DEBA42837,-48,16,30,0,36,"CCF9579B2233","",545272,47

+UUDF:6C1DEBA42837,-55,17,32,0,10,"CCF9579B2233","",545322,48

+UUDF:6C1DEBA42837,-56,18,33,0,14,"CCF9579B2233","",545372,49

+UUDF:6C1DEBA42837,-58,19,35,0,11,"CCF9579B2233","",545422,50

+UUDF:6C1DEBA42837,-59,16,36,0,30,"CCF9579B2233","",545472,51

+UUDF:6C1DEBA42837,-55,14,36,0,36,"CCF9579B2233","",545522,52

+UUDFP:6C1DEBA42837,19FF1A000000D0FB010064000000DD420D003200000094210B00

+UUDF:6C1DEBA42837,-55,12,37,0,31,"CCF9579B2233","",545572,53

+UUDF:6C1DEBA42837,-68,12,38,0,17,"CCF9579B2233","",545622,54

+UUDF:6C1DEBA42837,-53,10,38,0,36,"CCF9579B2233","",545672,55

+UUDF:6C1DEBA42837,-59,10,40,0,22,"CCF9579B2233","",545722,56

+UUDF:6C1DEBA42837,-61,10,31,0,15,"CCF9579B2233","",545772,57

+UUDF:6C1DEBA42837,-69,8,32,0,2,"CCF9579B2233","",545822,58

+UUDF:6C1DEBA42837,-80,7,34,0,0,"CCF9579B2233","",545872,59

+UUDF:6C1DEBA42837,-53,7,35,0,35,"CCF9579B2233","",545922,60

+UUDF:6C1DEBA42837,-69,6,37,0,13,"CCF9579B2233","",545972,61

+UUDF:6C1DEBA42837,-63,5,28,0,18,"CCF9579B2233","",546022,62

+UUDF:6C1DEBA42837,-72,5,30,0,10,"CCF9579B2233","",546072,63

+UUDF:6C1DEBA42837,-65,5,33,0,16,"CCF9579B2233","",546122,64

+UUDF:6C1DEBA42837,-64,5,35,0,18,"CCF9579B2233","",546172,65

+UUDF:6C1DEBA42837,-59,5,36,0,28,"CCF9579B2233","",546222,66

+UUDF:6C1DEBA42837,-55,6,37,0,31,"CCF9579B2233","",546272,67

+UUDF:6C1DEBA42837,-70,6,38,0,5,"CCF9579B2233","",546322,68

+UUDF:6C1DEBA42837,-56,6,38,0,29,"CCF9579B2233","",546372,69

+UUDF:6C1DEBA42837,-68,5,40,0,12,"CCF9579B2233","",546422,70

+UUDF:6C1DEBA42837,-62,4,41,0,15,"CCF9579B2233","",546472,71

+UUDF:6C1DEBA42837,-52,4,41,0,34,"CCF9579B2233","",546522,72

+UUDFP:6C1DEBA42837,19FF1A000000D0FB010064000000DD420D003200000094210B00

+UUDF:6C1DEBA42837,-74,4,41,0,1,"CCF9579B2233","",546572,73

+UUDF:6C1DEBA42837,-58,4,31,0,24,"CCF9579B2233","",546672,75

+UUDF:6C1DEBA42837,-58,3,33,0,18,"CCF9579B2233","",546722,76

+UUDF:6C1DEBA42837,-61,2,35,0,13,"CCF9579B2233","",546772,77

+UUDF:6C1DEBA42837,-71,1,36,0,7,"CCF9579B2233","",546822,78

+UUDF:6C1DEBA42837,-71,3,38,0,0,"CCF9579B2233","",546872,79

+UUDF:6C1DEBA42837,-65,3,40,0,4,"CCF9579B2233","",546922,80

+UUDF:6C1DEBA42837,-58,3,40,0,17,"CCF9579B2233","",546972,81

+UUDF:6C1DEBA42837,-54,3,40,0,35,"CCF9579B2233","",547022,82

+UUDF:6C1DEBA42837,-59,2,41,0,7,"CCF9579B2233","",547072,83

+UUDF:6C1DEBA42837,-58,2,42,0,4,"CCF9579B2233","",547122,84

+UUDF:6C1DEBA42837,-52,2,42,0,28,"CCF9579B2233","",547172,85

+UUDF:6C1DEBA42837,-57,1,41,0,3,"CCF9579B2233","",547222,86

+UUDF:6C1DEBA42837,-52,2,41,0,29,"CCF9579B2233","",547272,87

+UUDF:6C1DEBA42837,-56,1,41,0,11,"CCF9579B2233","",547322,88

+UUDF:6C1DEBA42837,-54,1,42,0,3,"CCF9579B2233","",547372,89

+UUDF:6C1DEBA42837,-55,2,42,0,15,"CCF9579B2233","",547422,90

+UUDF:6C1DEBA42837,-56,2,42,0,11,"CCF9579B2233","",547472,91

+UUDF:6C1DEBA42837,-57,2,42,0,9,"CCF9579B2233","",547522,92

+UUDFP:6C1DEBA42837,19FF1A000000D0FB010064000000DD420D003200000094210B00

+UUDF:6C1DEBA42837,-55,1,42,0,18,"CCF9579B2233","",547572,93

+UUDF:6C1DEBA42837,-55,-1,42,0,15,"CCF9579B2233","",547622,94

+UUDF:6C1DEBA42837,-53,-1,42,0,19,"CCF9579B2233","",547672,95

+UUDF:6C1DEBA42837,-59,-1,41,0,1,"CCF9579B2233","",547722,96

+UUDF:6C1DEBA42837,-59,-2,40,0,14,"CCF9579B2233","",547772,97

+UUDF:6C1DEBA42837,-55,-3,40,0,36,"CCF9579B2233","",547822,98

+UUDF:6C1DEBA42837,-58,-3,39,0,25,"CCF9579B2233","",547872,99

+UUDF:6C1DEBA42837,-60,-4,39,0,10,"CCF9579B2233","",547922,100

+UUDF:6C1DEBA42837,-54,-4,38,0,36,"CCF9579B2233","",547972,101

+UUDF:6C1DEBA42837,-57,-5,38,0,34,"CCF9579B2233","",548022,102

+UUDF:6C1DEBA42837,-63,-6,38,0,10,"CCF9579B2233","",548072,103

+UUDF:6C1DEBA42837,-56,-6,37,0,24,"CCF9579B2233","",548122,104

+UUDF:6C1DEBA42837,-63,-7,37,0,17,"CCF9579B2233","",548172,105

+UUDF:6C1DEBA42837,-70,-7,37,0,7,"CCF9579B2233","",548222,106

+UUDF:6C1DEBA42837,-68,-7,36,0,18,"CCF9579B2233","",548322,108

+UUDF:6C1DEBA42837,-73,-8,35,0,15,"CCF9579B2233","",548372,109

+UUDF:6C1DEBA42837,-64,-8,35,0,4,"CCF9579B2233","",548422,110

+UUDF:6C1DEBA42837,-54,-9,34,0,23,"CCF9579B2233","",548472,111

+UUDF:6C1DEBA42837,-55,-9,34,0,31,"CCF9579B2233","",548522,112

+UUDFP:6C1DEBA42837,19FF1A000000307500006400000020270D0031000000560F0900

+UUDF:6C1DEBA42837,-63,-11,34,0,9,"CCF9579B2233","",548572,113

+UUDF:6C1DEBA42837,-60,-13,33,0,8,"CCF9579B2233","",548622,114

+UUDF:6C1DEBA42837,-54,-14,33,0,27,"CCF9579B2233","",548672,115

+UUDF:6C1DEBA42837,-58,-15,33,0,10,"CCF9579B2233","",548722,116

+UUDF:6C1DEBA42837,-65,-16,32,0,1,"CCF9579B2233","",548772,117

+UUDF:6C1DEBA42837,-58,-17,32,0,11,"CCF9579B2233","",548822,118

+UUDF:6C1DEBA42837,-63,-17,31,0,15,"CCF9579B2233","",548872,119

+UUDF:6C1DEBA42837,-66,-18,30,0,4,"CCF9579B2233","",548922,120

+UUDF:6C1DEBA42837,-62,-18,30,0,14,"CCF9579B2233","",548972,121

+UUDF:6C1DEBA42837,-62,-19,30,0,17,"CCF9579B2233","",549022,122

+UUDF:6C1DEBA42837,-59,-19,29,0,34,"CCF9579B2233","",549072,123

+UUDF:6C1DEBA42837,-62,-20,28,0,23,"CCF9579B2233","",549122,124

+UUDF:6C1DEBA42837,-66,-20,28,0,11,"CCF9579B2233","",549172,125

+UUDF:6C1DEBA42837,-57,-20,27,0,28,"CCF9579B2233","",549222,126

+UUDF:6C1DEBA42837,-60,-21,26,0,10,"CCF9579B2233","",549272,127

+UUDF:6C1DEBA42837,-62,-21,25,0,0,"CCF9579B2233","",549322,128

+UUDF:6C1DEBA42837,-69,-21,24,0,15,"CCF9579B2233","",549422,130

+UUDF:6C1DEBA42837,-66,-22,24,0,17,"CCF9579B2233","",549472,131

+UUDF:6C1DEBA42837,-64,-22,23,0,5,"CCF9579B2233","",549522,132

+UUDFP:6C1DEBA42837,19FF1A000000307500006400000020270D0031000000560F0900

+UUDF:6C1DEBA42837,-66,-22,22,0,3,"CCF9579B2233","",549573,133

+UUDF:6C1DEBA42837,-67,-23,21,0,22,"CCF9579B2233","",549622,134

+UUDF:6C1DEBA42837,-59,-23,21,0,7,"CCF9579B2233","",549672,135

+UUDF:6C1DEBA42837,-60,-23,20,0,15,"CCF9579B2233","",549722,136

+UUDF:6C1DEBA42837,-71,-23,20,0,21,"CCF9579B2233","",549772,137

+UUDF:6C1DEBA42837,-73,-23,19,0,0,"CCF9579B2233","",549822,138

+UUDF:6C1DEBA42837,-62,-23,18,0,13,"CCF9579B2233","",549872,139

+UUDF:6C1DEBA42837,-59,-23,17,0,26,"CCF9579B2233","",549922,140

+UUDF:6C1DEBA42837,-70,-24,17,0,6,"CCF9579B2233","",549972,141

+UUDF:6C1DEBA42837,-66,-24,16,0,2,"CCF9579B2233","",550022,142

+UUDF:6C1DEBA42837,-60,-24,16,0,32,"CCF9579B2233","",550072,143

+UUDF:6C1DEBA42837,-57,-24,15,0,31,"CCF9579B2233","",550122,144

+UUDF:6C1DEBA42837,-72,-24,14,0,11,"CCF9579B2233","",550172,145

+UUDF:6C1DEBA42837,-64,-24,13,0,1,"CCF9579B2233","",550222,146

+UUDF:6C1DEBA42837,-62,-24,13,0,20,"CCF9579B2233","",550272,147

+UUDF:6C1DEBA42837,-60,-24,12,0,22,"CCF9579B2233","",550322,148

+UUDF:6C1DEBA42837,-61,-24,11,0,17,"CCF9579B2233","",550372,149

+UUDF:6C1DEBA42837,-60,-24,11,0,11,"CCF9579B2233","",550423,150

+UUDF:6C1DEBA42837,-64,-24,11,0,0,"CCF9579B2233","",550472,151

+UUDF:6C1DEBA42837,-62,-25,10,0,3,"CCF9579B2233","",550522,152

+UUDFP:6C1DEBA42837,19FF1A000000307500006400000020270D0031000000560F0900

+UUDF:6C1DEBA42837,-59,-25,9,0,20,"CCF9579B2233","",550573,153

+UUDF:6C1DEBA42837,-61,-25,9,0,6,"CCF9579B2233","",550622,154

+UUDF:6C1DEBA42837,-57,-25,8,0,34,"CCF9579B2233","",550672,155

+UUDF:6C1DEBA42837,-59,-25,7,0,3,"CCF9579B2233","",550773,157

+UUDF:6C1DEBA42837,-52,-25,7,0,30,"CCF9579B2233","",550822,158

+UUDF:6C1DEBA42837,-60,-25,7,0,3,"CCF9579B2233","",550873,159

+UUDF:6C1DEBA42837,-60,-25,6,0,7,"CCF9579B2233","",550922,160

+UUDF:6C1DEBA42837,-57,-25,6,0,10,"CCF9579B2233","",550972,161

+UUDF:6C1DEBA42837,-63,-26,5,0,0,"CCF9579B2233","",551022,162

+UUDF:6C1DEBA42837,-56,-26,5,0,12,"CCF9579B2233","",551072,163

+UUDF:6C1DEBA42837,-54,-26,5,0,27,"CCF9579B2233","",551123,164

+UUDF:6C1DEBA42837,-55,-26,4,0,23,"CCF9579B2233","",551173,165

+UUDF:6C1DEBA42837,-60,-27,4,0,12,"CCF9579B2233","",551222,166

+UUDF:6C1DEBA42837,-57,-27,4,0,26,"CCF9579B2233","",551273,167

+UUDF:6C1DEBA42837,-62,-27,3,0,6,"CCF9579B2233","",551322,168

+UUDF:6C1DEBA42837,-60,-26,3,0,20,"CCF9579B2233","",551373,169

+UUDF:6C1DEBA42837,-60,-26,2,0,21,"CCF9579B2233","",551423,170

+UUDF:6C1DEBA42837,-61,-26,2,0,15,"CCF9579B2233","",551473,171

+UUDF:6C1DEBA42837,-55,-25,1,0,32,"CCF9579B2233","",551523,172

+UUDFP:6C1DEBA42837,19FF1A000000307500006400000020270D0031000000560F0900

+UUDF:6C1DEBA42837,-55,-25,1,0,26,"CCF9579B2233","",551573,173

+UUDF:6C1DEBA42837,-54,-24,0,0,35,"CCF9579B2233","",551623,174

+UUDF:6C1DEBA42837,-60,-23,0,0,12,"CCF9579B2233","",551673,175

+UUDF:6C1DEBA42837,-57,-22,0,0,20,"CCF9579B2233","",551723,176

+UUDF:6C1DEBA42837,-61,-21,1,0,2,"CCF9579B2233","",551773,177

+UUDF:6C1DEBA42837,-56,-21,0,0,28,"CCF9579B2233","",551823,178

+UUDF:6C1DEBA42837,-54,-21,0,0,28,"CCF9579B2233","",551873,179

+UUDF:6C1DEBA42837,-62,-20,0,0,2,"CCF9579B2233","",551923,180

+UUDF:6C1DEBA42837,-55,-20,-1,0,18,"CCF9579B2233","",551973,181

+UUDF:6C1DEBA42837,-56,-20,-1,0,20,"CCF9579B2233","",552023,182

+UUDF:6C1DEBA42837,-56,-21,-2,0,18,"CCF9579B2233","",552073,183

+UUDF:6C1DEBA42837,-65,-20,-3,0,9,"CCF9579B2233","",552123,184

+UUDF:6C1DEBA42837,-63,-19,-4,0,17,"CCF9579B2233","",552173,185

+UUDF:6C1DEBA42837,-60,-18,-5,0,28,"CCF9579B2233","",552223,186

+UUDF:6C1DEBA42837,-62,-17,-5,0,9,"CCF9579B2233","",552273,187

+UUDF:6C1DEBA42837,-58,-16,-6,0,34,"CCF9579B2233","",552323,188

+UUDF:6C1DEBA42837,-60,-15,-9,0,14,"CCF9579B2233","",552373,189

+UUDF:6C1DEBA42837,-57,-14,-11,0,34,"CCF9579B2233","",552423,190

+UUDF:6C1DEBA42837,-61,-13,-10,0,25,"CCF9579B2233","",552473,191

+UUDF:6C1DEBA42837,-60,-12,-10,0,3,"CCF9579B2233","",552523,192

+UUDFP:6C1DEBA42837,19FF1A000000307500006400000020270D0031000000560F0900

+UUDF:6C1DEBA42837,-57,-12,-9,0,31,"CCF9579B2233","",552573,193

+UUDF:6C1DEBA42837,-64,-10,-12,0,12,"CCF9579B2233","",552623,194

+UUDF:6C1DEBA42837,-61,-9,-14,0,23,"CCF9579B2233","",552673,195

+UUDF:6C1DEBA42837,-60,-9,-14,0,26,"CCF9579B2233","",552723,196

+UUDF:6C1DEBA42837,-60,-8,-15,0,20,"CCF9579B2233","",552773,197

+UUDF:6C1DEBA42837,-60,-6,-17,0,1,"CCF9579B2233","",552823,198

+UUDF:6C1DEBA42837,-62,-5,-17,0,30,"CCF9579B2233","",552873,199

+UUDF:6C1DEBA42837,-63,-4,-18,0,35,"CCF9579B2233","",552923,200

+UUDF:6C1DEBA42837,-61,-2,-19,0,29,"CCF9579B2233","",553023,202

+UUDF:6C1DEBA42837,-60,1,-15,0,1,"CCF9579B2233","",553073,203

+UUDF:6C1DEBA42837,-54,3,-17,0,25,"CCF9579B2233","",553123,204

+UUDF:6C1DEBA42837,-68,6,-19,0,10,"CCF9579B2233","",553173,205

+UUDF:6C1DEBA42837,-64,10,-22,0,17,"CCF9579B2233","",553223,206

+UUDF:6C1DEBA42837,-65,13,-24,0,16,"CCF9579B2233","",553273,207

+UUDF:6C1DEBA42837,-55,14,-24,0,26,"CCF9579B2233","",553323,208

+UUDF:6C1DEBA42837,-63,14,-25,0,18,"CCF9579B2233","",553373,209

+UUDF:6C1DEBA42837,-62,15,-27,0,4,"CCF9579B2233","",553423,210

+UUDF:6C1DEBA42837,-57,16,-27,0,16,"CCF9579B2233","",553473,211

+UUDF:6C1DEBA42837,-55,16,-27,0,32,"CCF9579B2233","",553523,212

+UUDFP:6C1DEBA42837,19FF1A000000409C000064000000AB5E0D0030000000AC630800

+UUDF:6C1DEBA42837,-58,17,-27,0,19,"CCF9579B2233","",553573,213

+UUDF:6C1DEBA42837,-60,17,-27,0,25,"CCF9579B2233","",553623,214

+UUDF:6C1DEBA42837,-60,17,-28,0,29,"CCF9579B2233","",553673,215

+UUDF:6C1DEBA42837,-65,17,-27,0,20,"CCF9579B2233","",553723,216

+UUDF:6C1DEBA42837,-67,16,-27,0,20,"CCF9579B2233","",553773,217

+UUDF:6C1DEBA42837,-61,16,-27,0,15,"CCF9579B2233","",553823,218

+UUDF:6C1DEBA42837,-68,16,-26,0,9,"CCF9579B2233","",553873,219

+UUDF:6C1DEBA42837,-66,15,-26,0,11,"CCF9579B2233","",553923,220

+UUDF:6C1DEBA42837,-79,14,-25,0,10,"CCF9579B2233","",554023,222

+UUDF:6C1DEBA42837,-63,16,-25,0,15,"CCF9579B2233","",554073,223

+UUDF:6C1DEBA42837,-52,17,-25,0,34,"CCF9579B2233","",554123,224

+UUDF:6C1DEBA42837,-61,18,-25,0,3,"CCF9579B2233","",554173,225

+UUDF:6C1DEBA42837,-55,19,-25,0,20,"CCF9579B2233","",554223,226

+UUDF:6C1DEBA42837,-63,19,-25,0,33,"CCF9579B2233","",554273,227

+UUDF:6C1DEBA42837,-73,19,-24,0,24,"CCF9579B2233","",554323,228

+UUDF:6C1DEBA42837,-57,19,-22,0,29,"CCF9579B2233","",554373,229

+UUDF:6C1DEBA42837,-51,20,-23,0,33,"CCF9579B2233","",554423,230

+UUDF:6C1DEBA42837,-51,20,-23,0,36,"CCF9579B2233","",554473,231

+UUDF:6C1DEBA42837,-53,21,-23,0,32,"CCF9579B2233","",554523,232

+UUDFP:6C1DEBA42837,19FF1A000000409C000064000000AB5E0D0030000000AC630800

+UUDF:6C1DEBA42837,-57,22,-24,0,3,"CCF9579B2233","",554573,233

+UUDF:6C1DEBA42837,-57,22,-24,0,19,"CCF9579B2233","",554673,235

+UUDF:6C1DEBA42837,-57,22,-23,0,16,"CCF9579B2233","",554723,236

+UUDF:6C1DEBA42837,-56,22,-23,0,15,"CCF9579B2233","",554773,237

+UUDF:6C1DEBA42837,-50,23,-24,0,32,"CCF9579B2233","",554823,238

+UUDF:6C1DEBA42837,-49,24,-24,0,20,"CCF9579B2233","",554873,239

+UUDF:6C1DEBA42837,-53,25,-24,0,2,"CCF9579B2233","",554923,240

+UUDF:6C1DEBA42837,-54,26,-24,0,11,"CCF9579B2233","",554973,241

+UUDF:6C1DEBA42837,-58,26,-23,0,12,"CCF9579B2233","",555023,242

+UUDF:6C1DEBA42837,-54,26,-23,0,11,"CCF9579B2233","",555073,243

+UUDF:6C1DEBA42837,-50,27,-23,0,17,"CCF9579B2233","",555123,244

+UUDF:6C1DEBA42837,-49,28,-23,0,15,"CCF9579B2233","",555173,245

+UUDF:6C1DEBA42837,-55,28,-23,0,2,"CCF9579B2233","",555223,246

+UUDF:6C1DEBA42837,-53,28,-22,0,20,"CCF9579B2233","",555273,247

+UUDF:6C1DEBA42837,-49,28,-22,0,30,"CCF9579B2233","",555323,248

+UUDF:6C1DEBA42837,-56,28,-22,0,1,"CCF9579B2233","",555373,249

+UUDF:6C1DEBA42837,-52,29,-21,0,25,"CCF9579B2233","",555423,250

+UUDF:6C1DEBA42837,-56,29,-20,0,6,"CCF9579B2233","",555473,251

+UUDF:6C1DEBA42837,-52,29,-20,0,16,"CCF9579B2233","",555523,252

+UUDFP:6C1DEBA42837,19FF1A000000409C000064000000AB5E0D0030000000AC630800

+UUDF:6C1DEBA42837,-53,29,-19,0,30,"CCF9579B2233","",555573,253

+UUDF:6C1DEBA42837,-52,30,-18,0,28,"CCF9579B2233","",555623,254

+UUDF:6C1DEBA42837,-51,30,-18,0,19,"CCF9579B2233","",555673,255

+UUDF:6C1DEBA42837,-55,30,-17,0,8,"CCF9579B2233","",555723,256

+UUDF:6C1DEBA42837,-55,30,-16,0,8,"CCF9579B2233","",555773,257

+UUDF:6C1DEBA42837,-49,31,-15,0,28,"CCF9579B2233","",555823,258

+UUDF:6C1DEBA42837,-58,31,-14,0,2,"CCF9579B2233","",555873,259

+UUDF:6C1DEBA42837,-55,31,-12,0,8,"CCF9579B2233","",555923,260

+UUDF:6C1DEBA42837,-48,31,-11,0,35,"CCF9579B2233","",555973,261

+UUDF:6C1DEBA42837,-54,31,-10,0,5,"CCF9579B2233","",556023,262

+UUDF:6C1DEBA42837,-51,31,-10,0,34,"CCF9579B2233","",556073,263

+UUDF:6C1DEBA42837,-54,31,-8,0,17,"CCF9579B2233","",556123,264

+UUDF:6C1DEBA42837,-56,31,-7,0,11,"CCF9579B2233","",556173,265

+UUDF:6C1DEBA42837,-60,31,-6,0,7,"CCF9579B2233","",556223,266

+UUDF:6C1DEBA42837,-52,31,-5,0,29,"CCF9579B2233","",556273,267

+UUDF:6C1DEBA42837,-51,32,-5,0,36,"CCF9579B2233","",556323,268

+UUDF:6C1DEBA42837,-57,33,-4,0,25,"CCF9579B2233","",556373,269

+UUDF:6C1DEBA42837,-60,33,-3,0,2,"CCF9579B2233","",556423,270

+UUDF:6C1DEBA42837,-60,34,-1,0,19,"CCF9579B2233","",556473,271

+UUDF:6C1DEBA42837,-59,35,-1,0,25,"CCF9579B2233","",556523,272

+UUDFP:6C1DEBA42837,19FF1A000000409C000064000000AB5E0D0030000000AC630800

+UUDF:6C1DEBA42837,-68,35,0,0,1,"CCF9579B2233","",556573,273

+UUDF:6C1DEBA42837,-51,35,1,0,30,"CCF9579B2233","",556623,274

+UUDF:6C1DEBA42837,-57,35,1,0,15,"CCF9579B2233","",556673,275

+UUDF:6C1DEBA42837,-55,35,2,0,22,"CCF9579B2233","",556723,276

+UUDF:6C1DEBA42837,-59,36,3,0,9,"CCF9579B2233","",556773,277

+UUDF:6C1DEBA42837,-60,36,3,0,10,"CCF9579B2233","",556823,278

+UUDF:6C1DEBA42837,-61,36,3,0,16,"CCF9579B2233","",556873,279

+UUDF:6C1DEBA42837,-50,36,5,0,27,"CCF9579B2233","",556923,280

+UUDF:6C1DEBA42837,-53,37,7,0,23,"CCF9579B2233","",556973,281

+UUDF:6C1DEBA42837,-49,37,8,0,30,"CCF9579B2233","",557023,282

+UUDF:6C1DEBA42837,-57,38,8,0,11,"CCF9579B2233","",557073,283

+UUDF:6C1DEBA42837,-52,37,9,0,19,"CCF9579B2233","",557123,284

+UUDF:6C1DEBA42837,-54,38,10,0,8,"CCF9579B2233","",557173,285

+UUDF:6C1DEBA42837,-53,37,9,0,17,"CCF9579B2233","",557223,286

+UUDF:6C1DEBA42837,-53,37,10,0,10,"CCF9579B2233","",557273,287

+UUDF:6C1DEBA42837,-54,38,11,0,3,"CCF9579B2233","",557323,288

+UUDF:6C1DEBA42837,-53,39,12,0,23,"CCF9579B2233","",557373,289

+UUDF:6C1DEBA42837,-50,39,13,0,28,"CCF9579B2233","",557423,290

+UUDF:6C1DEBA42837,-47,38,14,0,32,"CCF9579B2233","",557473,291

+UUDF:6C1DEBA42837,-55,39,16,0,2,"CCF9579B2233","",557523,292

+UUDFP:6C1DEBA42837,19FF1A000000409C000064000000AB5E0D0030000000AC630800

+UUDF:6C1DEBA42837,-57,40,18,0,6,"CCF9579B2233","",557573,293

+UUDF:6C1DEBA42837,-51,40,19,0,20,"CCF9579B2233","",557623,294

+UUDF:6C1DEBA42837,-52,40,20,0,9,"CCF9579B2233","",557673,295

+UUDF:6C1DEBA42837,-54,40,21,0,23,"CCF9579B2233","",557723,296

+UUDF:6C1DEBA42837,-60,40,22,0,1,"CCF9579B2233","",557773,297

+UUDF:6C1DEBA42837,-54,40,24,0,8,"CCF9579B2233","",557823,298

+UUDF:6C1DEBA42837,-55,39,24,0,33,"CCF9579B2233","",557873,299

+UUDF:6C1DEBA42837,-57,38,20,0,15,"CCF9579B2233","",557923,300

+UUDF:6C1DEBA42837,-51,37,21,0,27,"CCF9579B2233","",557973,301

+UUDF:6C1DEBA42837,-56,37,18,0,8,"CCF9579B2233","",558023,302

+UUDF:6C1DEBA42837,-58,36,16,0,12,"CCF9579B2233","",558073,303

+UUDF:6C1DEBA42837,-59,35,17,0,12,"CCF9579B2233","",558123,304

+UUDF:6C1DEBA42837,-59,34,18,0,12,"CCF9579B2233","",558173,305

+UUDF:6C1DEBA42837,-62,33,20,0,6,"CCF9579B2233","",558223,306

+UUDF:6C1DEBA42837,-59,32,21,0,28,"CCF9579B2233","",558273,307

+UUDF:6C1DEBA42837,-61,32,21,0,22,"CCF9579B2233","",558323,308

+UUDF:6C1DEBA42837,-63,31,22,0,14,"CCF9579B2233","",558373,309

+UUDF:6C1DEBA42837,-62,30,23,0,3,"CCF9579B2233","",558423,310

+UUDF:6C1DEBA42837,-59,29,23,0,29,"CCF9579B2233","",558473,311

+UUDF:6C1DEBA42837,-54,28,24,0,35,"CCF9579B2233","",558523,312

+UUDFP:6C1DEBA42837,19FF1A00000050C3000064000000D91D0D002D000000EA750A00

+UUDF:6C1DEBA42837,-56,27,25,0,26,"CCF9579B2233","",558573,313

+UUDF:6C1DEBA42837,-62,27,26,0,15,"CCF9579B2233","",558623,314

+UUDF:6C1DEBA42837,-55,26,26,0,35,"CCF9579B2233","",558673,315

+UUDF:6C1DEBA42837,-56,26,27,0,28,"CCF9579B2233","",558723,316

+UUDF:6C1DEBA42837,-55,26,28,0,28,"CCF9579B2233","",558773,317

+UUDF:6C1DEBA42837,-52,26,28,0,31,"CCF9579B2233","",558823,318

+UUDF:6C1DEBA42837,-62,25,29,0,8,"CCF9579B2233","",558873,319

+UUDF:6C1DEBA42837,-52,25,29,0,29,"CCF9579B2233","",558923,320

+UUDF:6C1DEBA42837,-53,24,29,0,26,"CCF9579B2233","",558973,321

+UUDF:6C1DEBA42837,-54,23,30,0,26,"CCF9579B2233","",559023,322

+UUDF:6C1DEBA42837,-55,22,30,0,29,"CCF9579B2233","",559073,323

+UUDF:6C1DEBA42837,-62,21,31,0,18,"CCF9579B2233","",559123,324

+UUDF:6C1DEBA42837,-56,21,31,0,27,"CCF9579B2233","",559173,325

+UUDF:6C1DEBA42837,-56,20,32,0,25,"CCF9579B2233","",559223,326

+UUDF:6C1DEBA42837,-60,19,32,0,13,"CCF9579B2233","",559273,327

+UUDF:6C1DEBA42837,-58,18,33,0,25,"CCF9579B2233","",559323,328

+UUDF:6C1DEBA42837,-62,18,34,0,5,"CCF9579B2233","",559373,329

+UUDF:6C1DEBA42837,-65,17,34,0,0,"CCF9579B2233","",559423,330

+UUDF:6C1DEBA42837,-64,16,35,0,0,"CCF9579B2233","",559473,331

+UUDF:6C1DEBA42837,-62,15,36,0,0,"CCF9579B2233","",559523,332

+UUDFP:6C1DEBA42837,19FF1A00000050C3000064000000D91D0D002D000000EA750A00

+UUDF:6C1DEBA42837,-63,14,36,0,26,"CCF9579B2233","",559573,333

+UUDF:6C1DEBA42837,-59,13,37,0,5,"CCF9579B2233","",559623,334

+UUDF:6C1DEBA42837,-51,13,37,0,35,"CCF9579B2233","",559673,335

+UUDF:6C1DEBA42837,-60,12,37,0,9,"CCF9579B2233","",559723,336

+UUDF:6C1DEBA42837,-64,10,37,0,13,"CCF9579B2233","",559773,337

+UUDF:6C1DEBA42837,-66,9,37,0,12,"CCF9579B2233","",559823,338

+UUDF:6C1DEBA42837,-55,8,38,0,36,"CCF9579B2233","",559873,339

+UUDF:6C1DEBA42837,-60,8,38,0,18,"CCF9579B2233","",559923,340

+UUDF:6C1DEBA42837,-61,7,38,0,20,"CCF9579B2233","",559973,341

+UUDF:6C1DEBA42837,-59,6,39,0,17,"CCF9579B2233","",560023,342

+UUDF:6C1DEBA42837,-61,6,39,0,12,"CCF9579B2233","",560073,343

+UUDF:6C1DEBA42837,-60,5,39,0,9,"CCF9579B2233","",560123,344

+UUDF:6C1DEBA42837,-62,4,40,0,5,"CCF9579B2233","",560173,345

+UUDF:6C1DEBA42837,-71,2,40,0,13,"CCF9579B2233","",560223,346

+UUDF:6C1DEBA42837,-62,2,40,0,24,"CCF9579B2233","",560273,347

+UUDF:6C1DEBA42837,-60,1,41,0,23,"CCF9579B2233","",560323,348

+UUDF:6C1DEBA42837,-72,-1,41,0,0,"CCF9579B2233","",560373,349

+UUDF:6C1DEBA42837,-55,-2,41,0,35,"CCF9579B2233","",560423,350

+UUDF:6C1DEBA42837,-56,-2,41,0,33,"CCF9579B2233","",560473,351

+UUDF:6C1DEBA42837,-59,-4,41,0,29,"CCF9579B2233","",560523,352

+UUDFP:6C1DEBA42837,19FF1A00000050C3000064000000D91D0D002D000000EA750A00

+UUDF:6C1DEBA42837,-64,-5,41,0,9,"CCF9579B2233","",560573,353

+UUDF:6C1DEBA42837,-64,-6,40,0,12,"CCF9579B2233","",560623,354

+UUDF:6C1DEBA42837,-61,-7,40,0,16,"CCF9579B2233","",560673,355

+UUDF:6C1DEBA42837,-62,-7,39,0,23,"CCF9579B2233","",560723,356

+UUDF:6C1DEBA42837,-69,-8,38,0,25,"CCF9579B2233","",560823,358

+UUDF:6C1DEBA42837,-72,-9,38,0,23,"CCF9579B2233","",560873,359

+UUDF:6C1DEBA42837,-72,-10,38,0,22,"CCF9579B2233","",560923,360

+UUDF:6C1DEBA42837,-69,-11,37,0,13,"CCF9579B2233","",560973,361

+UUDF:6C1DEBA42837,-59,-12,37,0,31,"CCF9579B2233","",561073,363

+UUDF:6C1DEBA42837,-70,-13,36,0,16,"CCF9579B2233","",561123,364

+UUDF:6C1DEBA42837,-65,-14,36,0,6,"CCF9579B2233","",561173,365

+UUDF:6C1DEBA42837,-67,-15,35,0,17,"CCF9579B2233","",561223,366

+UUDF:6C1DEBA42837,-63,-15,34,0,21,"CCF9579B2233","",561273,367

+UUDF:6C1DEBA42837,-64,-16,33,0,14,"CCF9579B2233","",561323,368

+UUDF:6C1DEBA42837,-61,-16,33,0,31,"CCF9579B2233","",561373,369

+UUDF:6C1DEBA42837,-71,-17,32,0,28,"CCF9579B2233","",561423,370

+UUDF:6C1DEBA42837,-66,-17,32,0,32,"CCF9579B2233","",561473,371

+UUDF:6C1DEBA42837,-67,-18,31,0,2,"CCF9579B2233","",561523,372

+UUDFP:6C1DEBA42837,19FF1A00000050C3000064000000D91D0D002D000000EA750A00

+UUDF:6C1DEBA42837,-64,-18,30,0,6,"CCF9579B2233","",561573,373

+UUDF:6C1DEBA42837,-78,-19,29,0,25,"CCF9579B2233","",561623,374

+UUDF:6C1DEBA42837,-64,-19,28,0,7,"CCF9579B2233","",561673,375

+UUDF:6C1DEBA42837,-67,-20,28,0,17,"CCF9579B2233","",561723,376

+UUDF:6C1DEBA42837,-61,-20,27,0,25,"CCF9579B2233","",561773,377

+UUDF:6C1DEBA42837,-72,-20,26,0,30,"CCF9579B2233","",561823,378

+UUDF:6C1DEBA42837,-70,-20,26,0,32,"CCF9579B2233","",561873,379

+UUDF:6C1DEBA42837,-60,-20,25,0,36,"CCF9579B2233","",561923,380

+UUDF:6C1DEBA42837,-75,-20,25,0,19,"CCF9579B2233","",561973,381

+UUDF:6C1DEBA42837,-79,-21,24,0,8,"CCF9579B2233","",562073,383

+UUDF:6C1DEBA42837,-75,-21,23,0,2,"CCF9579B2233","",562123,384

+UUDF:6C1DEBA42837,-65,-21,22,0,11,"CCF9579B2233","",562223,386

+UUDF:6C1DEBA42837,-60,-21,21,0,30,"CCF9579B2233","",562273,387

+UUDF:6C1DEBA42837,-67,-21,20,0,1,"CCF9579B2233","",562323,388

+UUDF:6C1DEBA42837,-67,-22,19,0,14,"CCF9579B2233","",562373,389

+UUDF:6C1DEBA42837,-66,-22,18,0,17,"CCF9579B2233","",562423,390

+UUDF:6C1DEBA42837,-74,-22,17,0,2,"CCF9579B2233","",562473,391

+UUDF:6C1DEBA42837,-65,-22,16,0,36,"CCF9579B2233","",562523,392

+UUDFP:6C1DEBA42837,19FF1A00000050C3000064000000D91D0D002D000000EA750A00

+UUDF:6C1DEBA42837,-67,-22,16,0,19,"CCF9579B2233","",562574,393

+UUDF:6C1DEBA42837,-68,-22,15,0,28,"CCF9579B2233","",562623,394

+UUDF:6C1DEBA42837,-65,-22,14,0,30,"CCF9579B2233","",562673,395

+UUDF:6C1DEBA42837,-66,-22,13,0,22,"CCF9579B2233","",562723,396

+UUDF:6C1DEBA42837,-63,-22,12,0,17,"CCF9579B2233","",562773,397

+UUDF:6C1DEBA42837,-60,-22,11,0,34,"CCF9579B2233","",562823,398

+UUDF:6C1DEBA42837,-60,-22,10,0,25,"CCF9579B2233","",562873,399

+UUDF:6C1DEBA42837,-56,-23,9,0,31,"CCF9579B2233","",562973,401

+UUDF:6C1DEBA42837,-59,-22,9,0,27,"CCF9579B2233","",563073,403

+UUDF:6C1DEBA42837,-60,-22,8,0,14,"CCF9579B2233","",563123,404

+UUDF:6C1DEBA42837,-59,-22,7,0,9,"CCF9579B2233","",563173,405

+UUDF:6C1DEBA42837,-60,-22,7,0,2,"CCF9579B2233","",563223,406

+UUDF:6C1DEBA42837,-58,-22,6,0,2,"CCF9579B2233","",563273,407

+UUDF:6C1DEBA42837,-55,-22,5,0,31,"CCF9579B2233","",563323,408

+UUDF:6C1DEBA42837,-61,-22,5,0,3,"CCF9579B2233","",563373,409

+UUDF:6C1DEBA42837,-55,-22,4,0,19,"CCF9579B2233","",563423,410

+UUDF:6C1DEBA42837,-64,-21,3,0,0,"CCF9579B2233","",563473,411

+UUDF:6C1DEBA42837,-54,-21,3,0,27,"CCF9579B2233","",563523,412

+UUDFP:6C1DEBA42837,19FF1A0000007011010064000000B5570D002E0000003FFF0A00

+UUDF:6C1DEBA42837,-61,-21,3,0,16,"CCF9579B2233","",563574,413

+UUDF:6C1DEBA42837,-57,-21,3,0,23,"CCF9579B2233","",563623,414

+UUDF:6C1DEBA42837,-60,-20,4,0,22,"CCF9579B2233","",563673,415

+UUDF:6C1DEBA42837,-60,-19,4,0,0,"CCF9579B2233","",563723,416

+UUDF:6C1DEBA42837,-62,-19,4,0,5,"CCF9579B2233","",563773,417

+UUDF:6C1DEBA42837,-55,-19,4,0,35,"CCF9579B2233","",563823,418

+UUDF:6C1DEBA42837,-56,-18,3,0,20,"CCF9579B2233","",563873,419

+UUDF:6C1DEBA42837,-60,-18,3,0,25,"CCF9579B2233","",563923,420

+UUDF:6C1DEBA42837,-53,-18,2,0,36,"CCF9579B2233","",563973,421

+UUDF:6C1DEBA42837,-55,-17,1,0,21,"CCF9579B2233","",564073,423

+UUDF:6C1DEBA42837,-53,-17,0,0,36,"CCF9579B2233","",564123,424

+UUDF:6C1DEBA42837,-52,-17,0,0,33,"CCF9579B2233","",564174,425

+UUDF:6C1DEBA42837,-55,-16,-2,0,19,"CCF9579B2233","",564223,426

+UUDF:6C1DEBA42837,-54,-16,-2,0,32,"CCF9579B2233","",564273,427

+UUDF:6C1DEBA42837,-56,-16,-1,0,30,"CCF9579B2233","",564323,428

+UUDF:6C1DEBA42837,-59,-16,-1,0,11,"CCF9579B2233","",564373,429

+UUDF:6C1DEBA42837,-61,-15,-1,0,11,"CCF9579B2233","",564423,430

+UUDF:6C1DEBA42837,-61,-14,-2,0,7,"CCF9579B2233","",564473,431

+UUDF:6C1DEBA42837,-61,-14,-2,0,8,"CCF9579B2233","",564523,432

+UUDFP:6C1DEBA42837,19FF1A0000007011010064000000B5570D002E0000003FFF0A00

+UUDF:6C1DEBA42837,-54,-13,-3,0,34,"CCF9579B2233","",564574,433

+UUDF:6C1DEBA42837,-55,-12,-3,0,32,"CCF9579B2233","",564623,434

+UUDF:6C1DEBA42837,-63,-12,-4,0,22,"CCF9579B2233","",564723,436

+UUDF:6C1DEBA42837,-59,-11,-5,0,11,"CCF9579B2233","",564774,437

+UUDF:6C1DEBA42837,-63,-11,-5,0,24,"CCF9579B2233","",564823,438

+UUDF:6C1DEBA42837,-56,-10,-6,0,32,"CCF9579B2233","",564873,439

+UUDF:6C1DEBA42837,-57,-10,-6,0,23,"CCF9579B2233","",564923,440

+UUDF:6C1DEBA42837,-57,-9,-7,0,34,"CCF9579B2233","",564973,441

+UUDF:6C1DEBA42837,-55,-9,-7,0,32,"CCF9579B2233","",565023,442

+UUDF:6C1DEBA42837,-59,-8,-8,0,13,"CCF9579B2233","",565073,443

+UUDF:6C1DEBA42837,-59,-7,-9,0,3,"CCF9579B2233","",565123,444

+UUDF:6C1DEBA42837,-58,-6,-10,0,12,"CCF9579B2233","",565173,445

+UUDF:6C1DEBA42837,-61,-5,-9,0,27,"CCF9579B2233","",565223,446

+UUDF:6C1DEBA42837,-59,-4,-10,0,13,"CCF9579B2233","",565273,447

+UUDF:6C1DEBA42837,-60,-3,-11,0,24,"CCF9579B2233","",565323,448

+UUDF:6C1DEBA42837,-60,-2,-11,0,7,"CCF9579B2233","",565373,449

+UUDF:6C1DEBA42837,-61,-2,-11,0,25,"CCF9579B2233","",565423,450

+UUDF:6C1DEBA42837,-62,-1,-12,0,18,"CCF9579B2233","",565473,451

+UUDF:6C1DEBA42837,-66,0,-12,0,17,"CCF9579B2233","",565523,452

+UUDFP:6C1DEBA42837,19FF1A0000007011010064000000B5570D002E0000003FFF0A00

+UUDF:6C1DEBA42837,-59,1,-13,0,9,"CCF9579B2233","",565574,453

+UUDF:6C1DEBA42837,-66,1,-14,0,14,"CCF9579B2233","",565623,454

+UUDF:6C1DEBA42837,-59,2,-14,0,29,"CCF9579B2233","",565673,455

+UUDF:6C1DEBA42837,-66,2,-14,0,19,"CCF9579B2233","",565724,456

+UUDF:6C1DEBA42837,-78,1,-14,0,5,"CCF9579B2233","",565774,457

+UUDF:6C1DEBA42837,-76,1,-15,0,5,"CCF9579B2233","",565824,458

+UUDF:6C1DEBA42837,-66,2,-15,0,18,"CCF9579B2233","",565874,459

+UUDF:6C1DEBA42837,-67,2,-15,0,7,"CCF9579B2233","",565923,460

+UUDF:6C1DEBA42837,-60,3,-15,0,36,"CCF9579B2233","",565973,461

+UUDF:6C1DEBA42837,-60,5,-16,0,36,"CCF9579B2233","",566024,462

+UUDF:6C1DEBA42837,-71,4,-16,0,15,"CCF9579B2233","",566074,463

+UUDF:6C1DEBA42837,-67,5,-16,0,19,"CCF9579B2233","",566124,464

+UUDF:6C1DEBA42837,-60,6,-15,0,31,"CCF9579B2233","",566174,465

+UUDF:6C1DEBA42837,-71,7,-14,0,2,"CCF9579B2233","",566223,466

+UUDF:6C1DEBA42837,-68,9,-15,0,24,"CCF9579B2233","",566274,467

+UUDF:6C1DEBA42837,-59,12,-12,0,30,"CCF9579B2233","",566324,468

+UUDF:6C1DEBA42837,-74,11,-12,0,6,"CCF9579B2233","",566374,469

+UUDF:6C1DEBA42837,-62,7,-15,0,23,"CCF9579B2233","",566423,470

+UUDF:6C1DEBA42837,-63,7,-13,0,7,"CCF9579B2233","",566474,471

+UUDF:6C1DEBA42837,-59,9,-15,0,11,"CCF9579B2233","",566524,472

+UUDFP:6C1DEBA42837,19FF1A0000007011010064000000B5570D002E0000003FFF0A00

+UUDF:6C1DEBA42837,-56,11,-16,0,3,"CCF9579B2233","",566574,473

+UUDF:6C1DEBA42837,-50,12,-16,0,29,"CCF9579B2233","",566624,474

+UUDF:6C1DEBA42837,-56,13,-16,0,5,"CCF9579B2233","",566674,475

+UUDF:6C1DEBA42837,-60,11,-16,0,9,"CCF9579B2233","",566724,476

+UUDF:6C1DEBA42837,-76,11,-17,0,21,"CCF9579B2233","",566774,477

+UUDF:6C1DEBA42837,-65,10,-18,0,8,"CCF9579B2233","",566824,478

+UUDF:6C1DEBA42837,-54,12,-19,0,30,"CCF9579B2233","",566874,479

+UUDF:6C1DEBA42837,-53,8,-19,0,29,"CCF9579B2233","",566924,480

+UUDF:6C1DEBA42837,-63,9,-20,0,1,"CCF9579B2233","",566974,481

+UUDF:6C1DEBA42837,-55,11,-20,0,18,"CCF9579B2233","",567024,482

+UUDF:6C1DEBA42837,-62,11,-21,0,4,"CCF9579B2233","",567074,483

+UUDF:6C1DEBA42837,-59,13,-20,0,22,"CCF9579B2233","",567124,484

+UUDF:6C1DEBA42837,-62,14,-20,0,25,"CCF9579B2233","",567174,485

+UUDF:6C1DEBA42837,-63,14,-19,0,9,"CCF9579B2233","",567224,486

+UUDF:6C1DEBA42837,-63,16,-19,0,20,"CCF9579B2233","",567274,487

+UUDF:6C1DEBA42837,-62,17,-19,0,5,"CCF9579B2233","",567324,488

+UUDF:6C1DEBA42837,-63,20,-19,0,16,"CCF9579B2233","",567374,489

+UUDF:6C1DEBA42837,-60,20,-19,0,3,"CCF9579B2233","",567424,490

+UUDF:6C1DEBA42837,-55,21,-19,0,36,"CCF9579B2233","",567474,491

+UUDF:6C1DEBA42837,-57,21,-18,0,14,"CCF9579B2233","",567524,492

+UUDFP:6C1DEBA42837,19FF1A0000007011010064000000B5570D002E0000003FFF0A00

+UUDF:6C1DEBA42837,-57,21,-17,0,11,"CCF9579B2233","",567574,493

+UUDF:6C1DEBA42837,-60,21,-17,0,8,"CCF9579B2233","",567624,494

+UUDF:6C1DEBA42837,-55,21,-17,0,13,"CCF9579B2233","",567674,495

+UUDF:6C1DEBA42837,-55,22,-17,0,34,"CCF9579B2233","",567724,496

+UUDF:6C1DEBA42837,-60,22,-17,0,31,"CCF9579B2233","",567774,497

+UUDF:6C1DEBA42837,-68,22,-16,0,32,"CCF9579B2233","",567824,498

+UUDF:6C1DEBA42837,-67,22,-16,0,7,"CCF9579B2233","",567874,499

+UUDF:6C1DEBA42837,-63,23,-15,0,0,"CCF9579B2233","",567924,500

+UUDF:6C1DEBA42837,-60,21,-15,0,33,"CCF9579B2233","",567974,501

+UUDF:6C1DEBA42837,-62,21,-15,0,16,"CCF9579B2233","",568024,502

+UUDF:6C1DEBA42837,-58,22,-14,0,33,"CCF9579B2233","",568074,503

+UUDF:6C1DEBA42837,-69,21,-16,0,6,"CCF9579B2233","",568124,504

+UUDF:6C1DEBA42837,-65,24,-13,0,15,"CCF9579B2233","",568174,505

+UUDF:6C1DEBA42837,-66,24,-12,0,8,"CCF9579B2233","",568224,506

+UUDF:6C1DEBA42837,-55,25,-12,0,24,"CCF9579B2233","",568274,507

+UUDF:6C1DEBA42837,-53,27,-11,0,30,"CCF9579B2233","",568324,508

+UUDF:6C1DEBA42837,-73,27,-11,0,13,"CCF9579B2233","",568374,509

+UUDF:6C1DEBA42837,-64,27,-10,0,5,"CCF9579B2233","",568424,510

+UUDF:6C1DEBA42837,-63,27,-10,0,6,"CCF9579B2233","",568474,511

+UUDFP:6C1DEBA42837,19FF1A000000701101006400000091520D002C000000EADC0A00

+UUDF:6C1DEBA42837,-60,28,-8,0,4,"CCF9579B2233","",568574,513

+UUDF:6C1DEBA42837,-62,28,-7,0,14,"CCF9579B2233","",568624,514

+UUDF:6C1DEBA42837,-58,29,-6,0,5,"CCF9579B2233","",568674,515

+UUDF:6C1DEBA42837,-61,30,-6,0,13,"CCF9579B2233","",568724,516

+UUDF:6C1DEBA42837,-74,31,-6,0,17,"CCF9579B2233","",568774,517

+UUDF:6C1DEBA42837,-61,31,-5,0,34,"CCF9579B2233","",568824,518

+UUDF:6C1DEBA42837,-67,31,-5,0,16,"CCF9579B2233","",568874,519

+UUDF:6C1DEBA42837,-77,31,-5,0,11,"CCF9579B2233","",568924,520

+UUDF:6C1DEBA42837,-65,31,-5,0,5,"CCF9579B2233","",568974,521

+UUDF:6C1DEBA42837,-69,31,-5,0,19,"CCF9579B2233","",569024,522

+UUDF:6C1DEBA42837,-63,32,-5,0,23,"CCF9579B2233","",569074,523

+UUDF:6C1DEBA42837,-64,32,-4,0,11,"CCF9579B2233","",569124,524

+UUDF:6C1DEBA42837,-66,33,-3,0,12,"CCF9579B2233","",569174,525

+UUDF:6C1DEBA42837,-60,34,-1,0,35,"CCF9579B2233","",569224,526

+UUDF:6C1DEBA42837,-60,34,0,0,17,"CCF9579B2233","",569274,527

+UUDF:6C1DEBA42837,-57,35,2,0,21,"CCF9579B2233","",569324,528

+UUDF:6C1DEBA42837,-56,35,3,0,25,"CCF9579B2233","",569374,529

+UUDF:6C1DEBA42837,-59,35,4,0,35,"CCF9579B2233","",569424,530

+UUDF:6C1DEBA42837,-62,36,6,0,2,"CCF9579B2233","",569474,531

+UUDF:6C1DEBA42837,-57,36,7,0,18,"CCF9579B2233","",569524,532

+UUDFP:6C1DEBA42837,19FF1A000000701101006400000091520D002C000000EADC0A00

+UUDF:6C1DEBA42837,-64,36,7,0,11,"CCF9579B2233","",569574,533

+UUDF:6C1DEBA42837,-62,35,8,0,14,"CCF9579B2233","",569624,534

+UUDF:6C1DEBA42837,-55,36,6,0,18,"CCF9579B2233","",569674,535

+UUDF:6C1DEBA42837,-58,38,4,0,21,"CCF9579B2233","",569724,536

+UUDF:6C1DEBA42837,-61,38,4,0,12,"CCF9579B2233","",569774,537

+UUDF:6C1DEBA42837,-59,39,5,0,5,"CCF9579B2233","",569824,538

+UUDF:6C1DEBA42837,-63,39,4,0,9,"CCF9579B2233","",569874,539

+UUDF:6C1DEBA42837,-53,39,4,0,31,"CCF9579B2233","",569924,540

+UUDF:6C1DEBA42837,-60,39,5,0,4,"CCF9579B2233","",569974,541

+UUDF:6C1DEBA42837,-50,39,6,0,30,"CCF9579B2233","",570024,542

+UUDF:6C1DEBA42837,-60,39,7,0,6,"CCF9579B2233","",570074,543

+UUDF:6C1DEBA42837,-58,40,9,0,16,"CCF9579B2233","",570124,544

+UUDF:6C1DEBA42837,-60,40,10,0,8,"CCF9579B2233","",570174,545

+UUDF:6C1DEBA42837,-60,40,11,0,17,"CCF9579B2233","",570224,546

+UUDF:6C1DEBA42837,-60,40,12,0,6,"CCF9579B2233","",570274,547

+UUDF:6C1DEBA42837,-59,40,13,0,2,"CCF9579B2233","",570324,548

+UUDF:6C1DEBA42837,-59,40,14,0,6,"CCF9579B2233","",570374,549

+UUDF:6C1DEBA42837,-59,41,16,0,2,"CCF9579B2233","",570424,550

+UUDF:6C1DEBA42837,-52,41,16,0,17,"CCF9579B2233","",570474,551

+UUDF:6C1DEBA42837,-55,41,17,0,16,"CCF9579B2233","",570524,552

+UUDFP:6C1DEBA42837,19FF1A000000701101006400000091520D002C000000EADC0A00

+UUDF:6C1DEBA42837,-59,41,17,0,7,"CCF9579B2233","",570574,553

+UUDF:6C1DEBA42837,-54,40,17,0,32,"CCF9579B2233","",570624,554

+UUDF:6C1DEBA42837,-59,40,18,0,20,"CCF9579B2233","",570674,555

+UUDF:6C1DEBA42837,-55,39,19,0,28,"CCF9579B2233","",570724,556

+UUDF:6C1DEBA42837,-63,38,19,0,1,"CCF9579B2233","",570774,557

+UUDF:6C1DEBA42837,-49,38,20,0,31,"CCF9579B2233","",570824,558

+UUDF:6C1DEBA42837,-52,38,21,0,20,"CCF9579B2233","",570874,559

+UUDF:6C1DEBA42837,-49,38,21,0,25,"CCF9579B2233","",570924,560

+UUDF:6C1DEBA42837,-52,38,22,0,36,"CCF9579B2233","",570974,561

+UUDF:6C1DEBA42837,-57,38,22,0,2,"CCF9579B2233","",571024,562

+UUDF:6C1DEBA42837,-57,38,23,0,6,"CCF9579B2233","",571074,563

+UUDF:6C1DEBA42837,-58,37,24,0,1,"CCF9579B2233","",571124,564

+UUDF:6C1DEBA42837,-53,36,24,0,33,"CCF9579B2233","",571174,565

+UUDF:6C1DEBA42837,-51,36,25,0,29,"CCF9579B2233","",571224,566

+UUDF:6C1DEBA42837,-53,35,26,0,20,"CCF9579B2233","",571274,567

+UUDF:6C1DEBA42837,-54,35,26,0,6,"CCF9579B2233","",571324,568

+UUDF:6C1DEBA42837,-54,35,27,0,17,"CCF9579B2233","",571374,569

+UUDF:6C1DEBA42837,-57,34,27,0,22,"CCF9579B2233","",571474,571

+UUDF:6C1DEBA42837,-53,33,28,0,24,"CCF9579B2233","",571524,572

+UUDFP:6C1DEBA42837,19FF1A000000701101006400000091520D002C000000EADC0A00

+UUDF:6C1DEBA42837,-51,32,28,0,24,"CCF9579B2233","",571574,573

+UUDF:6C1DEBA42837,-58,31,28,0,2,"CCF9579B2233","",571624,574

+UUDF:6C1DEBA42837,-53,31,29,0,21,"CCF9579B2233","",571674,575

+UUDF:6C1DEBA42837,-48,30,29,0,31,"CCF9579B2233","",571724,576

+UUDF:6C1DEBA42837,-49,30,30,0,31,"CCF9579B2233","",571774,577

+UUDF:6C1DEBA42837,-51,30,31,0,23,"CCF9579B2233","",571824,578

+UUDF:6C1DEBA42837,-54,29,31,0,16,"CCF9579B2233","",571874,579

+UUDF:6C1DEBA42837,-54,29,32,0,16,"CCF9579B2233","",571924,580

+UUDF:6C1DEBA42837,-55,28,33,0,14,"CCF9579B2233","",571974,581

+UUDF:6C1DEBA42837,-59,27,33,0,1,"CCF9579B2233","",572024,582

+UUDF:6C1DEBA42837,-53,26,33,0,36,"CCF9579B2233","",572074,583

+UUDF:6C1DEBA42837,-56,26,34,0,12,"CCF9579B2233","",572124,584

+UUDF:6C1DEBA42837,-56,25,35,0,12,"CCF9579B2233","",572174,585

+UUDF:6C1DEBA42837,-56,24,36,0,11,"CCF9579B2233","",572224,586

+UUDF:6C1DEBA42837,-53,23,36,0,26,"CCF9579B2233","",572274,587

+UUDF:6C1DEBA42837,-55,22,36,0,20,"CCF9579B2233","",572324,588

+UUDF:6C1DEBA42837,-56,21,36,0,15,"CCF9579B2233","",572374,589

+UUDF:6C1DEBA42837,-59,21,37,0,2,"CCF9579B2233","",572424,590

+UUDF:6C1DEBA42837,-55,20,37,0,21,"CCF9579B2233","",572474,591

+UUDF:6C1DEBA42837,-61,20,38,0,1,"CCF9579B2233","",572524,592

+UUDFP:6C1DEBA42837,19FF1A000000701101006400000091520D002C000000EADC0A00

+UUDF:6C1DEBA42837,-56,19,38,0,5,"CCF9579B2233","",572574,593

+UUDF:6C1DEBA42837,-48,18,38,0,31,"CCF9579B2233","",572624,594

+UUDF:6C1DEBA42837,-49,18,39,0,32,"CCF9579B2233","",572674,595

+UUDF:6C1DEBA42837,-55,17,39,0,5,"CCF9579B2233","",572724,596

+UUDF:6C1DEBA42837,-54,16,39,0,27,"CCF9579B2233","",572774,597

+UUDF:6C1DEBA42837,-65,16,38,0,36,"CCF9579B2233","",572824,598

+UUDF:6C1DEBA42837,-70,15,35,0,10,"CCF9579B2233","",572874,599

+UUDF:6C1DEBA42837,-64,14,36,0,2,"CCF9579B2233","",572924,600

+UUDF:6C1DEBA42837,-59,12,36,0,31,"CCF9579B2233","",572974,601

+UUDF:6C1DEBA42837,-66,11,36,0,26,"CCF9579B2233","",573024,602
