
+UUDFP:6C1DEBA42837,19FF19000000E022020064000000C4450D003700000054DD0900

+UUDF:6C1DEBA42837,-61,0,0,0,1,"CCF9579B2233","",251342,14

+UUDF:6C1DEBA42837,-60,1,0,0,4,"CCF9579B2233","",251392,15

+UUDF:6C1DEBA42837,-52,2,0,0,25,"CCF9579B2233","",251442,16

+UUDF:6C1DEBA42837,-51,2,-1,0,25,"CCF9579B2233","",251492,17

+UUDF:6C1DEBA42837,-57,2,-1,0,12,"CCF9579B2233","",251542,18

+UUDF:6C1DEBA42837,-51,3,-1,0,35,"CCF9579B2233","",251592,19

+UUDF:6C1DEBA42837,-50,3,-1,0,36,"CCF9579B2233","",251642,20

+UUDF:6C1DEBA42837,-50,4,-1,0,27,"CCF9579B2233","",251692,21

+UUDF:6C1DEBA42837,-49,4,-2,0,33,"CCF9579B2233","",251742,22

+UUDF:6C1DEBA42837,-60,4,-1,0,15,"CCF9579B2233","",251792,23

+UUDF:6C1DEBA42837,-63,3,-1,0,6,"CCF9579B2233","",251842,24

+UUDF:6C1DEBA42837,-60,3,-1,0,0,"CCF9579B2233","",251892,25

+UUDF:6C1DEBA42837,-65,3,-1,0,7,"CCF9579B2233","",251942,26

+UUDF:6C1DEBA42837,-63,3,-1,0,19,"CCF9579B2233","",251992,27

+UUDF:6C1DEBA42837,-60,3,-1,0,14,"CCF9579B2233","",252042,28

+UUDF:6C1DEBA42837,-63,3,-1,0,24,"CCF9579B2233","",252142,30

+UUDF:6C1DEBA42837,-62,3,-1,0,24,"CCF9579B2233","",252192,31

+UUDF:6C1DEBA42837,-60,3,-1,0,14,"CCF9579B2233","",252242,32

+UUDF:6C1DEBA42837,-71,4,0,0,36,"CCF9579B2233","",252292,33

+UUDFP:6C1DEBA42837,19FF19000000E022020064000000C4450D003700000054DD0900

+UUDF:6C1DEBA42837,-65,4,0,0,29,"CCF9579B2233","",252343,34

+UUDF:6C1DEBA42837,-62,4,0,0,8,"CCF9579B2233","",252392,35

+UUDF:6C1DEBA42837,-62,4,0,0,5,"CCF9579B2233","",252442,36

+UUDF:6C1DEBA42837,-62,4,0,0,28,"CCF9579B2233","",252492,37

+UUDF:6C1DEBA42837,-62,4,0,0,24,"CCF9579B2233","",252542,38

+UUDF:6C1DEBA42837,-59,4,0,0,19,"CCF9579B2233","",252592,39

+UUDF:6C1DEBA42837,-61,4,0,0,9,"CCF9579B2233","",252642,40

+UUDF:6C1DEBA42837,-59,5,1,0,31,"CCF9579B2233","",252692,41

+UUDF:6C1DEBA42837,-61,5,1,0,25,"CCF9579B2233","",252742,42

+UUDF:6C1DEBA42837,-61,5,1,0,24,"CCF9579B2233","",252792,43

+UUDF:6C1DEBA42837,-56,5,2,0,34,"CCF9579B2233","",252842,44

+UUDF:6C1DEBA42837,-60,5,2,0,26,"CCF9579B2233","",252892,45

+UUDF:6C1DEBA42837,-59,6,2,0,24,"CCF9579B2233","",252942,46

+UUDF:6C1DEBA42837,-63,6,2,0,6,"CCF9579B2233","",252992,47

+UUDF:6C1DEBA42837,-59,6,2,0,26,"CCF9579B2233","",253042,48

+UUDF:6C1DEBA42837,-62,6,2,0,5,"CCF9579B2233","",253092,49

+UUDF:6C1DEBA42837,-64,6,2,0,3,"CCF9579B2233","",253142,50

+UUDF:6C1DEBA42837,-66,5,2,0,1,"CCF9579B2233","",253192,51

+UUDF:6C1DEBA42837,-62,6,3,0,25,"CCF9579B2233","",253242,52

+UUDF:6C1DEBA42837,-63,6,3,0,25,"CCF9579B2233","",253292,53

+UUDFP:6C1DEBA42837,19FF19000000E022020064000000C4450D003700000054DD0900

+UUDF:6C1DEBA42837,-69,6,3,0,6,"CCF9579B2233","",253343,54

+UUDF:6C1DEBA42837,-70,6,3,0,0,"CCF9579B2233","",253392,55

+UUDF:6C1DEBA42837,-78,5,3,0,4,"CCF9579B2233","",253442,56

+UUDF:6C1DEBA42837,-74,5,3,0,0,"CCF9579B2233","",253492,57

+UUDF:6C1DEBA42837,-77,5,4,0,19,"CCF9579B2233","",253542,58

+UUDF:6C1DEBA42837,-58,4,4,0,33,"CCF9579B2233","",253592,59

+UUDF:6C1DEBA42837,-62,4,5,0,24,"CCF9579B2233","",253643,60

+UUDF:6C1DEBA42837,-63,3,5,0,2,"CCF9579B2233","",253693,61

+UUDF:6C1DEBA42837,-70,3,6,0,17,"CCF9579B2233","",253743,62

+UUDF:6C1DEBA42837,-68,2,6,0,14,"CCF9579B2233","",253793,63

+UUDF:6C1DEBA42837,-63,2,7,0,22,"CCF9579B2233","",253843,64

+UUDF:6C1DEBA42837,-65,2,7,0,21,"CCF9579B2233","",253893,65

+UUDF:6C1DEBA42837,-64,2,7,0,31,"CCF9579B2233","",253943,66

+UUDF:6C1DEBA42837,-70,2,8,0,17,"CCF9579B2233","",253993,67

+UUDF:6C1DEBA42837,-67,2,9,0,15,"CCF9579B2233","",254043,68

+UUDF:6C1DEBA42837,-64,2,9,0,33,"CCF9579B2233","",254093,69

+UUDF:6C1DEBA42837,-66,2,9,0,31,"CCF9579B2233","",254143,70

+UUDF:6C1DEBA42837,-73,2,9,0,10,"CCF9579B2233","",254193,71

+UUDF:6C1DEBA42837,-64,2,9,0,24,"CCF9579B2233","",254243,72

+UUDF:6C1DEBA42837,-68,2,9,0,12,"CCF9579B2233","",254293,73

+UUDFP:6C1DEBA42837,19FF19000000E022020064000000C4450D003700000054DD0900

+UUDF:6C1DEBA42837,-63,2,9,0,5,"CCF9579B2233","",254343,74

+UUDF:6C1DEBA42837,-62,1,10,0,30,"CCF9579B2233","",254393,75

+UUDF:6C1DEBA42837,-66,1,9,0,22,"CCF9579B2233","",254443,76

+UUDF:6C1DEBA42837,-74,1,10,0,6,"CCF9579B2233","",254493,77

+UUDF:6C1DEBA42837,-83,1,10,0,9,"CCF9579B2233","",254543,78

+UUDF:6C1DEBA42837,-75,0,10,0,1,"CCF9579B2233","",254593,79

+UUDF:6C1DEBA42837,-63,0,10,0,26,"CCF9579B2233","",254693,81

+UUDF:6C1DEBA42837,-68,0,11,0,8,"CCF9579B2233","",254743,82

+UUDF:6C1DEBA42837,-62,-1,11,0,28,"CCF9579B2233","",254793,83

+UUDF:6C1DEBA42837,-67,-1,11,0,8,"CCF9579B2233","",254843,84

+UUDF:6C1DEBA42837,-59,-2,11,0,20,"CCF9579B2233","",254893,85

+UUDF:6C1DEBA42837,-60,-2,11,0,25,"CCF9579B2233","",254943,86

+UUDF:6C1DEBA42837,-65,-3,11,0,12,"CCF9579B2233","",254993,87

+UUDF:6C1DEBA42837,-60,-4,11,0,21,"CCF9579B2233","",255043,88

+UUDF:6C1DEBA42837,-59,-4,11,0,36,"CCF9579B2233","",255093,89

+UUDF:6C1DEBA42837,-63,-5,11,0,15,"CCF9579B2233","",255143,90

+UUDF:6C1DEBA42837,-72,-5,11,0,7,"CCF9579B2233","",255193,91

+UUDF:6C1DEBA42837,-65,-6,11,0,1,"CCF9579B2233","",255243,92

+UUDF:6C1DEBA42837,-68,-6,11,0,12,"CCF9579B2233","",255293,93

+UUDFP:6C1DEBA42837,19FF19000000E022020064000000C4450D003700000054DD0900

+UUDF:6C1DEBA42837,-60,-7,11,0,34,"CCF9579B2233","",255343,94

+UUDF:6C1DEBA42837,-59,-7,11,0,32,"CCF9579B2233","",255393,95

+UUDF:6C1DEBA42837,-63,-8,11,0,13,"CCF9579B2233","",255443,96

+UUDF:6C1DEBA42837,-68,-8,11,0,1,"CCF9579B2233","",255493,97

+UUDF:6C1DEBA42837,-56,-9,11,0,36,"CCF9579B2233","",255543,98

+UUDF:6C1DEBA42837,-60,-9,12,0,30,"CCF9579B2233","",255593,99

+UUDF:6C1DEBA42837,-63,-10,12,0,26,"CCF9579B2233","",255643,100

+UUDF:6C1DEBA42837,-64,-11,12,0,17,"CCF9579B2233","",255693,101

+UUDF:6C1DEBA42837,-60,-11,12,0,32,"CCF9579B2233","",255743,102

+UUDF:6C1DEBA42837,-63,-12,12,0,16,"CCF9579B2233","",255793,103

+UUDF:6C1DEBA42837,-63,-13,12,0,16,"CCF9579B2233","",255843,104

+UUDF:6C1DEBA42837,-56,-13,13,0,36,"CCF9579B2233","",255893,105

+UUDF:6C1DEBA42837,-62,-14,13,0,14,"CCF9579B2233","",255943,106

+UUDF:6C1DEBA42837,-55,-14,13,0,32,"CCF9579B2233","",255993,107

+UUDF:6C1DEBA42837,-55,-15,14,0,31,"CCF9579B2233","",256043,108

+UUDF:6C1DEBA42837,-56,-15,14,0,28,"CCF9579B2233","",256093,109

+UUDF:6C1DEBA42837,-56,-16,14,0,36,"CCF9579B2233","",256143,110

+UUDF:6C1DEBA42837,-60,-16,14,0,18,"CCF9579B2233","",256193,111

+UUDF:6C1DEBA42837,-65,-17,14,0,3,"CCF9579B2233","",256243,112

+UUDF:6C1DEBA42837,-63,-18,13,0,12,"CCF9579B2233","",256293,113

+UUDFP:6C1DEBA42837,19FF19000000102700006400000063300D00360000009F7F0500

+UUDF:6C1DEBA42837,-55,-18,13,0,30,"CCF9579B2233","",256343,114

+UUDF:6C1DEBA42837,-58,-18,13,0,22,"CCF9579B2233","",256443,116

+UUDF:6C1DEBA42837,-66,-19,13,0,10,"CCF9579B2233","",256493,117

+UUDF:6C1DEBA42837,-70,-19,13,0,4,"CCF9579B2233","",256543,118

+UUDF:6C1DEBA42837,-68,-19,12,0,6,"CCF9579B2233","",256593,119

+UUDF:6C1DEBA42837,-72,-19,11,0,1,"CCF9579B2233","",256643,120

+UUDF:6C1DEBA42837,-57,-19,12,0,28,"CCF9579B2233","",256693,121

+UUDF:6C1DEBA42837,-65,-19,11,0,4,"CCF9579B2233","",256743,122

+UUDF:6C1DEBA42837,-57,-20,11,0,27,"CCF9579B2233","",256793,123

+UUDF:6C1DEBA42837,-66,-20,11,0,1,"CCF9579B2233","",256843,124

+UUDF:6C1DEBA42837,-58,-20,11,0,33,"CCF9579B2233","",256893,125

+UUDF:6C1DEBA42837,-64,-20,11,0,10,"CCF9579B2233","",256943,126

+UUDF:6C1DEBA42837,-62,-20,11,0,6,"CCF9579B2233","",256993,127

+UUDF:6C1DEBA42837,-61,-20,11,0,5,"CCF9579B2233","",257043,128

+UUDF:6C1DEBA42837,-71,-20,11,0,15,"CCF9579B2233","",257093,129

+UUDF:6C1DEBA42837,-62,-20,10,0,2,"CCF9579B2233","",257143,130

+UUDF:6C1DEBA42837,-59,-20,11,0,30,"CCF9579B2233","",257193,131

+UUDF:6C1DEBA42837,-61,-20,11,0,22,"CCF9579B2233","",257243,132

+UUDF:6C1DEBA42837,-61,-20,11,0,21,"CCF9579B2233","",257293,133

+UUDFP:6C1DEBA42837,19FF19000000102700006400000063300D00360000009F7F0500

+UUDF:6C1DEBA42837,-64,-20,11,0,34,"CCF9579B2233","",257343,134

+UUDF:6C1DEBA42837,-70,-20,10,0,36,"CCF9579B2233","",257393,135

+UUDF:6C1DEBA42837,-62,-20,10,0,19,"CCF9579B2233","",257443,136

+UUDF:6C1DEBA42837,-63,-20,10,0,10,"CCF9579B2233","",257493,137

+UUDF:6C1DEBA42837,-67,-20,10,0,17,"CCF9579B2233","",257543,138

+UUDF:6C1DEBA42837,-66,-20,9,0,11,"CCF9579B2233","",257593,139

+UUDF:6C1DEBA42837,-63,-20,9,0,34,"CCF9579B2233","",257643,140

+UUDF:6C1DEBA42837,-59,-20,9,0,31,"CCF9579B2233","",257693,141

+UUDF:6C1DEBA42837,-59,-20,9,0,29,"CCF9579B2233","",257743,142

+UUDF:6C1DEBA42837,-59,-20,10,0,31,"CCF9579B2233","",257793,143

+UUDF:6C1DEBA42837,-59,-20,10,0,30,"CCF9579B2233","",257843,144

+UUDF:6C1DEBA42837,-62,-20,10,0,22,"CCF9579B2233","",257893,145

+UUDF:6C1DEBA42837,-63,-20,10,0,2,"CCF9579B2233","",257943,146

+UUDF:6C1DEBA42837,-61,-21,10,0,6,"CCF9579B2233","",257993,147

+UUDF:6C1DEBA42837,-62,-21,10,0,5,"CCF9579B2233","",258043,148

+UUDF:6C1DEBA42837,-57,-21,10,0,33,"CCF9579B2233","",258093,149

+UUDF:6C1DEBA42837,-65,-21,9,0,1,"CCF9579B2233","",258143,150

+UUDF:6C1DEBA42837,-56,-21,9,0,27,"CCF9579B2233","",258193,151

+UUDF:6C1DEBA42837,-61,-21,9,0,14,"CCF9579B2233","",258243,152

+UUDF:6C1DEBA42837,-68,-21,9,0,19,"CCF9579B2233","",258293,153

+UUDFP:6C1DEBA42837,19FF19000000102700006400000063300D00360000009F7F0500

+UUDF:6C1DEBA42837,-62,-21,9,0,8,"CCF9579B2233","",258343,154

+UUDF:6C1DEBA42837,-58,-21,9,0,34,"CCF9579B2233","",258393,155

+UUDF:6C1DEBA42837,-71,-21,8,0,21,"CCF9579B2233","",258493,157

+UUDF:6C1DEBA42837,-64,-21,8,0,29,"CCF9579B2233","",258543,158

+UUDF:6C1DEBA42837,-67,-22,8,0,23,"CCF9579B2233","",258593,159

+UUDF:6C1DEBA42837,-66,-22,8,0,35,"CCF9579B2233","",258643,160

+UUDF:6C1DEBA42837,-63,-22,8,0,5,"CCF9579B2233","",258693,161

+UUDF:6C1DEBA42837,-57,-22,8,0,12,"CCF9579B2233","",258743,162

+UUDF:6C1DEBA42837,-57,-23,8,0,13,"CCF9579B2233","",258793,163

+UUDF:6C1DEBA42837,-65,-23,8,0,8,"CCF9579B2233","",258843,164

+UUDF:6C1DEBA42837,-65,-23,8,0,3,"CCF9579B2233","",258893,165

+UUDF:6C1DEBA42837,-54,-23,8,0,30,"CCF9579B2233","",258943,166

+UUDF:6C1DEBA42837,-60,-23,8,0,14,"CCF9579B2233","",258993,167

+UUDF:6C1DEBA42837,-55,-24,8,0,26,"CCF9579B2233","",259043,168

+UUDF:6C1DEBA42837,-61,-24,8,0,17,"CCF9579B2233","",259093,169

+UUDF:6C1DEBA42837,-58,-24,8,0,23,"CCF9579B2233","",259143,170

+UUDF:6C1DEBA42837,-54,-24,8,0,34,"CCF9579B2233","",259193,171

+UUDF:6C1DEBA42837,-61,-24,8,0,21,"CCF9579B2233","",259243,172

+UUDF:6C1DEBA42837,-63,-24,7,0,13,"CCF9579B2233","",259293,173

+UUDFP:6C1DEBA42837,19FF19000000102700006400000063300D00360000009F7F0500

+UUDF:6C1DEBA42837,-57,-24,8,0,29,"CCF9579B2233","",259343,174

+UUDF:6C1DEBA42837,-63,-24,8,0,7,"CCF9579B2233","",259393,175

+UUDF:6C1DEBA42837,-55,-24,8,0,36,"CCF9579B2233","",259443,176

+UUDF:6C1DEBA42837,-55,-24,8,0,31,"CCF9579B2233","",259493,177

+UUDF:6C1DEBA42837,-59,-24,8,0,25,"CCF9579B2233","",259543,178

+UUDF:6C1DEBA42837,-55,-24,8,0,34,"CCF9579B2233","",259593,179

+UUDF:6C1DEBA42837,-55,-24,8,0,34,"CCF9579B2233","",259643,180

+UUDF:6C1DEBA42837,-62,-24,8,0,2,"CCF9579B2233","",259743,182

+UUDF:6C1DEBA42837,-62,-24,9,0,1,"CCF9579B2233","",259793,183

+UUDF:6C1DEBA42837,-58,-24,9,0,27,"CCF9579B2233","",259843,184

+UUDF:6C1DEBA42837,-60,-24,9,0,21,"CCF9579B2233","",259893,185

+UUDF:6C1DEBA42837,-62,-24,9,0,24,"CCF9579B2233","",259943,186

+UUDF:6C1DEBA42837,-64,-24,10,0,23,"CCF9579B2233","",259993,187

+UUDF:6C1DEBA42837,-60,-24,10,0,8,"CCF9579B2233","",260043,188

+UUDF:6C1DEBA42837,-54,-24,10,0,26,"CCF9579B2233","",260093,189

+UUDF:6C1DEBA42837,-60,-24,10,0,6,"CCF9579B2233","",260143,190

+UUDF:6C1DEBA42837,-57,-24,11,0,30,"CCF9579B2233","",260193,191

+UUDF:6C1DEBA42837,-56,-24,11,0,17,"CCF9579B2233","",260243,192

+UUDF:6C1DEBA42837,-60,-25,11,0,2,"CCF9579B2233","",260293,193

+UUDFP:6C1DEBA42837,19FF19000000102700006400000063300D00360000009F7F0500

+UUDF:6C1DEBA42837,-59,-25,11,0,2,"CCF9579B2233","",260343,194

+UUDF:6C1DEBA42837,-60,-25,12,0,8,"CCF9579B2233","",260393,195

+UUDF:6C1DEBA42837,-53,-25,12,0,28,"CCF9579B2233","",260443,196

+UUDF:6C1DEBA42837,-54,-25,12,0,23,"CCF9579B2233","",260493,197

+UUDF:6C1DEBA42837,-59,-25,12,0,19,"CCF9579B2233","",260543,198

+UUDF:6C1DEBA42837,-60,-24,12,0,10,"CCF9579B2233","",260593,199

+UUDF:6C1DEBA42837,-63,-24,13,0,4,"CCF9579B2233","",260643,200

+UUDF:6C1DEBA42837,-67,-24,13,0,6,"CCF9579B2233","",260693,201

+UUDF:6C1DEBA42837,-86,-23,13,0,12,"CCF9579B2233","",260743,202

+UUDF:6C1DEBA42837,-61,-23,12,0,7,"CCF9579B2233","",260793,203

+UUDF:6C1DEBA42837,-59,-23,12,0,16,"CCF9579B2233","",260843,204

+UUDF:6C1DEBA42837,-57,-22,12,0,13,"CCF9579B2233","",260893,205

+UUDF:6C1DEBA42837,-64,-22,12,0,1,"CCF9579B2233","",260943,206

+UUDF:6C1DEBA42837,-62,-22,12,0,13,"CCF9579B2233","",260993,207

+UUDF:6C1DEBA42837,-55,-22,13,0,30,"CCF9579B2233","",261043,208

+UUDF:6C1DEBA42837,-60,-21,13,0,27,"CCF9579B2233","",261093,209

+UUDF:6C1DEBA42837,-68,-20,13,0,28,"CCF9579B2233","",261143,210

+UUDF:6C1DEBA42837,-63,-20,13,0,23,"CCF9579B2233","",261193,211

+UUDF:6C1DEBA42837,-62,-19,13,0,32,"CCF9579B2233","",261243,212

+UUDF:6C1DEBA42837,-67,-19,13,0,15,"CCF9579B2233","",261293,213

+UUDFP:6C1DEBA42837,19FF19000000409C000064000000C4320D00350000002C980100

+UUDF:6C1DEBA42837,-69,-18,14,0,7,"CCF9579B2233","",261344,214

+UUDF:6C1DEBA42837,-64,-17,14,0,0,"CCF9579B2233","",261394,215

+UUDF:6C1DEBA42837,-60,-16,14,0,5,"CCF9579B2233","",261443,216

+UUDF:6C1DEBA42837,-58,-16,14,0,28,"CCF9579B2233","",261493,217

+UUDF:6C1DEBA42837,-57,-16,14,0,33,"CCF9579B2233","",261543,218

+UUDF:6C1DEBA42837,-60,-15,14,0,14,"CCF9579B2233","",261593,219

+UUDF:6C1DEBA42837,-59,-14,15,0,11,"CCF9579B2233","",261643,220

+UUDF:6C1DEBA42837,-56,-13,15,0,14,"CCF9579B2233","",261693,221

+UUDF:6C1DEBA42837,-60,-12,15,0,6,"CCF9579B2233","",261743,222

+UUDF:6C1DEBA42837,-57,-12,15,0,28,"CCF9579B2233","",261793,223

+UUDF:6C1DEBA42837,-60,-11,15,0,10,"CCF9579B2233","",261843,224

+UUDF:6C1DEBA42837,-57,-10,15,0,4,"CCF9579B2233","",261893,225

+UUDF:6C1DEBA42837,-61,-10,15,0,10,"CCF9579B2233","",261943,226

+UUDF:6C1DEBA42837,-58,-9,15,0,19,"CCF9579B2233","",261993,227

+UUDF:6C1DEBA42837,-59,-9,14,0,22,"CCF9579B2233","",262043,228

+UUDF:6C1DEBA42837,-62,-8,14,0,0,"CCF9579B2233","",262093,229

+UUDF:6C1DEBA42837,-59,-7,15,0,9,"CCF9579B2233","",262143,230

+UUDF:6C1DEBA42837,-61,-6,15,0,19,"CCF9579B2233","",262193,231

+UUDF:6C1DEBA42837,-61,-5,14,0,27,"CCF9579B2233","",262243,232

+UUDF:6C1DEBA42837,-58,-5,14,0,33,"CCF9579B2233","",262293,233

+UUDFP:6C1DEBA42837,19FF19000000409C000064000000C4320D00350000002C980100

+UUDF:6C1DEBA42837,-60,-4,14,0,24,"CCF9579B2233","",262344,234

+UUDF:6C1DEBA42837,-60,-3,14,0,10,"CCF9579B2233","",262393,235

+UUDF:6C1DEBA42837,-62,-2,15,0,5,"CCF9579B2233","",262443,236

+UUDF:6C1DEBA42837,-54,-2,15,0,24,"CCF9579B2233","",262493,237

+UUDF:6C1DEBA42837,-59,-1,15,0,24,"CCF9579B2233","",262543,238

+UUDF:6C1DEBA42837,-56,0,15,0,15,"CCF9579B2233","",262593,239

+UUDF:6C1DEBA42837,-54,1,15,0,34,"CCF9579B2233","",262644,240

+UUDF:6C1DEBA42837,-55,1,15,0,23,"CCF9579B2233","",262693,241

+UUDF:6C1DEBA42837,-55,2,15,0,36,"CCF9579B2233","",262744,242

+UUDF:6C1DEBA42837,-60,3,15,0,8,"CCF9579B2233","",262794,243

+UUDF:6C1DEBA42837,-62,4,15,0,2,"CCF9579B2233","",262844,244

+UUDF:6C1DEBA42837,-54,3,14,0,26,"CCF9579B2233","",262894,245

+UUDF:6C1DEBA42837,-57,4,14,0,13,"CCF9579B2233","",262944,246

+UUDF:6C1DEBA42837,-55,4,14,0,33,"CCF9579B2233","",262994,247

+UUDF:6C1DEBA42837,-58,5,14,0,11,"CCF9579B2233","",263044,248

+UUDF:6C1DEBA42837,-52,6,14,0,23,"CCF9579B2233","",263094,249

+UUDF:6C1DEBA42837,-62,6,13,0,0,"CCF9579B2233","",263144,250

+UUDF:6C1DEBA42837,-55,6,13,0,23,"CCF9579B2233","",263194,251

+UUDF:6C1DEBA42837,-53,7,14,0,35,"CCF9579B2233","",263244,252

+UUDF:6C1DEBA42837,-60,7,13,0,24,"CCF9579B2233","",263294,253

+UUDFP:6C1DEBA42837,19FF19000000409C000064000000C4320D00350000002C980100

+UUDF:6C1DEBA42837,-56,9,14,0,13,"CCF9579B2233","",263344,254

+UUDF:6C1DEBA42837,-54,10,14,0,21,"CCF9579B2233","",263394,255

+UUDF:6C1DEBA42837,-53,10,15,0,31,"CCF9579B2233","",263444,256

+UUDF:6C1DEBA42837,-59,11,15,0,24,"CCF9579B2233","",263494,257

+UUDF:6C1DEBA42837,-59,13,16,0,5,"CCF9579B2233","",263544,258

+UUDF:6C1DEBA42837,-60,13,17,0,32,"CCF9579B2233","",263594,259

+UUDF:6C1DEBA42837,-60,13,16,0,28,"CCF9579B2233","",263644,260

+UUDF:6C1DEBA42837,-61,15,17,0,2,"CCF9579B2233","",263694,261

+UUDF:6C1DEBA42837,-64,14,16,0,28,"CCF9579B2233","",263744,262

+UUDF:6C1DEBA42837,-62,16,14,0,7,"CCF9579B2233","",263794,263

+UUDF:6C1DEBA42837,-60,18,15,0,17,"CCF9579B2233","",263844,264

+UUDF:6C1DEBA42837,-61,18,15,0,0,"CCF9579B2233","",263894,265

+UUDF:6C1DEBA42837,-62,19,14,0,17,"CCF9579B2233","",263944,266

+UUDF:6C1DEBA42837,-62,22,16,0,3,"CCF9579B2233","",263994,267

+UUDF:6C1DEBA42837,-56,23,15,0,29,"CCF9579B2233","",264044,268

+UUDF:6C1DEBA42837,-68,21,14,0,10,"CCF9579B2233","",264094,269

+UUDF:6C1DEBA42837,-61,22,13,0,3,"CCF9579B2233","",264144,270

+UUDF:6C1DEBA42837,-58,23,14,0,29,"CCF9579B2233","",264194,271

+UUDF:6C1DEBA42837,-60,24,15,0,6,"CCF9579B2233","",264244,272

+UUDF:6C1DEBA42837,-62,25,15,0,20,"CCF9579B2233","",264294,273

+UUDFP:6C1DEBA42837,19FF19000000409C000064000000C4320D00350000002C980100

+UUDF:6C1DEBA42837,-58,26,15,0,30,"CCF9579B2233","",264344,274

+UUDF:6C1DEBA42837,-64,25,14,0,14,"CCF9579B2233","",264394,275

+UUDF:6C1DEBA42837,-74,23,12,0,28,"CCF9579B2233","",264494,277

+UUDF:6C1DEBA42837,-64,25,10,0,3,"CCF9579B2233","",264544,278

+UUDF:6C1DEBA42837,-64,24,7,0,36,"CCF9579B2233","",264594,279

+UUDF:6C1DEBA42837,-83,23,6,0,1,"CCF9579B2233","",264644,280

+UUDF:6C1DEBA42837,-62,23,4,0,36,"CCF9579B2233","",264694,281

+UUDF:6C1DEBA42837,-69,23,4,0,0,"CCF9579B2233","",264744,282

+UUDF:6C1DEBA42837,-66,24,4,0,9,"CCF9579B2233","",264794,283

+UUDF:6C1DEBA42837,-65,24,4,0,8,"CCF9579B2233","",264844,284

+UUDF:6C1DEBA42837,-62,25,4,0,15,"CCF9579B2233","",264894,285

+UUDF:6C1DEBA42837,-69,27,2,0,5,"CCF9579B2233","",264944,286

+UUDF:6C1DEBA42837,-62,28,2,0,19,"CCF9579B2233","",264994,287

+UUDF:6C1DEBA42837,-62,29,2,0,23,"CCF9579B2233","",265044,288

+UUDF:6C1DEBA42837,-66,30,2,0,33,"CCF9579B2233","",265094,289

+UUDF:6C1DEBA42837,-67,31,2,0,35,"CCF9579B2233","",265144,290

+UUDF:6C1DEBA42837,-60,31,1,0,19,"CCF9579B2233","",265194,291

+UUDF:6C1DEBA42837,-60,32,1,0,7,"CCF9579B2233","",265244,292

+UUDF:6C1DEBA42837,-60,32,1,0,4,"CCF9579B2233","",265294,293

+UUDFP:6C1DEBA42837,19FF19000000409C000064000000C4320D00350000002C980100

+UUDF:6C1DEBA42837,-55,32,1,0,22,"CCF9579B2233","",265344,294

+UUDF:6C1DEBA42837,-59,32,1,0,19,"CCF9579B2233","",265394,295

+UUDF:6C1DEBA42837,-55,33,1,0,33,"CCF9579B2233","",265444,296

+UUDF:6C1DEBA42837,-56,33,1,0,28,"CCF9579B2233","",265494,297

+UUDF:6C1DEBA42837,-57,34,1,0,30,"CCF9579B2233","",265544,298

+UUDF:6C1DEBA42837,-57,34,1,0,35,"CCF9579B2233","",265594,299

+UUDF:6C1DEBA42837,-63,36,1,0,21,"CCF9579B2233","",265644,300

+UUDF:6C1DEBA42837,-65,36,0,0,32,"CCF9579B2233","",265694,301

+UUDF:6C1DEBA42837,-69,36,0,0,33,"CCF9579B2233","",265744,302

+UUDF:6C1DEBA42837,-67,37,-1,0,3,"CCF9579B2233","",265794,303

+UUDF:6C1DEBA42837,-62,37,-1,0,13,"CCF9579B2233","",265844,304

+UUDF:6C1DEBA42837,-59,37,-1,0,18,"CCF9579B2233","",265894,305

+UUDF:6C1DEBA42837,-74,39,-2,0,1,"CCF9579B2233","",265944,306

+UUDF:6C1DEBA42837,-63,39,-2,0,10,"CCF9579B2233","",265994,307

+UUDF:6C1DEBA42837,-62,40,-1,0,11,"CCF9579B2233","",266044,308

+UUDF:6C1DEBA42837,-64,39,-1,0,30,"CCF9579B2233","",266094,309

+UUDF:6C1DEBA42837,-65,41,0,0,4,"CCF9579B2233","",266144,310

+UUDF:6C1DEBA42837,-59,41,-1,0,21,"CCF9579B2233","",266194,311

+UUDF:6C1DEBA42837,-62,41,-1,0,28,"CCF9579B2233","",266244,312

+UUDF:6C1DEBA42837,-62,41,-2,0,35,"CCF9579B2233","",266294,313

+UUDFP:6C1DEBA42837,19FF190000007011010064000000C72D0D00320000000D8E0700

+UUDF:6C1DEBA42837,-60,41,-2,0,17,"CCF9579B2233","",266344,314

+UUDF:6C1DEBA42837,-63,41,-2,0,31,"CCF9579B2233","",266394,315

+UUDF:6C1DEBA42837,-60,41,-2,0,11,"CCF9579B2233","",266444,316

+UUDF:6C1DEBA42837,-60,42,-2,0,23,"CCF9579B2233","",266494,317

+UUDF:6C1DEBA42837,-68,42,-3,0,4,"CCF9579B2233","",266544,318

+UUDF:6C1DEBA42837,-61,42,-3,0,23,"CCF9579B2233","",266594,319

+UUDF:6C1DEBA42837,-65,42,-4,0,24,"CCF9579B2233","",266644,320

+UUDF:6C1DEBA42837,-65,42,-3,0,34,"CCF9579B2233","",266694,321

+UUDF:6C1DEBA42837,-60,42,-4,0,6,"CCF9579B2233","",266744,322

+UUDF:6C1DEBA42837,-66,42,-4,0,24,"CCF9579B2233","",266794,323

+UUDF:6C1DEBA42837,-66,42,-4,0,21,"CCF9579B2233","",266844,324

+UUDF:6C1DEBA42837,-68,42,-4,0,15,"CCF9579B2233","",266894,325

+UUDF:6C1DEBA42837,-64,43,-3,0,7,"CCF9579B2233","",266944,326

+UUDF:6C1DEBA42837,-56,43,-3,0,28,"CCF9579B2233","",266994,327

+UUDF:6C1DEBA42837,-61,44,-2,0,6,"CCF9579B2233","",267044,328

+UUDF:6C1DEBA42837,-67,44,-2,0,31,"CCF9579B2233","",267094,329

+UUDF:6C1DEBA42837,-59,44,-2,0,11,"CCF9579B2233","",267144,330

+UUDF:6C1DEBA42837,-61,43,-2,0,15,"CCF9579B2233","",267194,331

+UUDF:6C1DEBA42837,-64,43,-1,0,28,"CCF9579B2233","",267244,332

+UUDF:6C1DEBA42837,-68,42,-1,0,12,"CCF9579B2233","",267294,333

+UUDFP:6C1DEBA42837,19FF190000007011010064000000C72D0D00320000000D8E0700

+UUDF:6C1DEBA42837,-64,42,-1,0,0,"CCF9579B2233","",267344,334

+UUDF:6C1DEBA42837,-74,41,0,0,7,"CCF9579B2233","",267394,335

+UUDF:6C1DEBA42837,-71,41,0,0,10,"CCF9579B2233","",267444,336

+UUDF:6C1DEBA42837,-64,39,0,0,17,"CCF9579B2233","",267494,337

+UUDF:6C1DEBA42837,-65,38,0,0,36,"CCF9579B2233","",267544,338

+UUDF:6C1DEBA42837,-61,39,1,0,19,"CCF9579B2233","",267594,339

+UUDF:6C1DEBA42837,-65,38,2,0,10,"CCF9579B2233","",267644,340

+UUDF:6C1DEBA42837,-57,38,2,0,33,"CCF9579B2233","",267694,341

+UUDF:6C1DEBA42837,-66,37,2,0,9,"CCF9579B2233","",267744,342

+UUDF:6C1DEBA42837,-56,37,3,0,23,"CCF9579B2233","",267794,343

+UUDF:6C1DEBA42837,-56,38,4,0,23,"CCF9579B2233","",267844,344

+UUDF:6C1DEBA42837,-60,38,5,0,12,"CCF9579B2233","",267894,345

+UUDF:6C1DEBA42837,-62,37,6,0,28,"CCF9579B2233","",267944,346

+UUDF:6C1DEBA42837,-65,36,7,0,25,"CCF9579B2233","",267994,347

+UUDF:6C1DEBA42837,-60,36,7,0,3,"CCF9579B2233","",268044,348

+UUDF:6C1DEBA42837,-60,36,8,0,10,"CCF9579B2233","",268094,349

+UUDF:6C1DEBA42837,-60,36,8,0,21,"CCF9579B2233","",268144,350

+UUDF:6C1DEBA42837,-61,36,8,0,4,"CCF9579B2233","",268194,351

+UUDF:6C1DEBA42837,-62,37,8,0,29,"CCF9579B2233","",268244,352

+UUDF:6C1DEBA42837,-63,36,9,0,36,"CCF9579B2233","",268294,353

+UUDFP:6C1DEBA42837,19FF190000007011010064000000C72D0D00320000000D8E0700

+UUDF:6C1DEBA42837,-67,36,9,0,12,"CCF9579B2233","",268345,354

+UUDF:6C1DEBA42837,-67,36,9,0,11,"CCF9579B2233","",268394,355

+UUDF:6C1DEBA42837,-60,35,10,0,29,"CCF9579B2233","",268444,356

+UUDF:6C1DEBA42837,-66,34,10,0,0,"CCF9579B2233","",268544,358

+UUDF:6C1DEBA42837,-63,34,10,0,26,"CCF9579B2233","",268595,359

+UUDF:6C1DEBA42837,-57,33,11,0,34,"CCF9579B2233","",268644,360

+UUDF:6C1DEBA42837,-61,33,11,0,13,"CCF9579B2233","",268694,361

+UUDF:6C1DEBA42837,-56,33,12,0,27,"CCF9579B2233","",268744,362

+UUDF:6C1DEBA42837,-61,32,12,0,5,"CCF9579B2233","",268794,363

+UUDF:6C1DEBA42837,-55,32,13,0,25,"CCF9579B2233","",268844,364

+UUDF:6C1DEBA42837,-62,32,13,0,4,"CCF9579B2233","",268894,365

+UUDF:6C1DEBA42837,-62,32,13,0,8,"CCF9579B2233","",268944,366

+UUDF:6C1DEBA42837,-73,31,14,0,31,"CCF9579B2233","",268994,367

+UUDF:6C1DEBA42837,-65,31,14,0,5,"CCF9579B2233","",269044,368

+UUDF:6C1DEBA42837,-64,30,14,0,25,"CCF9579B2233","",269094,369

+UUDF:6C1DEBA42837,-64,29,14,0,21,"CCF9579B2233","",269144,370

+UUDF:6C1DEBA42837,-60,29,15,0,25,"CCF9579B2233","",269194,371

+UUDF:6C1DEBA42837,-72,29,15,0,9,"CCF9579B2233","",269244,372

+UUDF:6C1DEBA42837,-60,28,15,0,31,"CCF9579B2233","",269294,373

+UUDFP:6C1DEBA42837,19FF190000007011010064000000C72D0D00320000000D8E0700

+UUDF:6C1DEBA42837,-73,28,15,0,2,"CCF9579B2233","",269345,374

+UUDF:6C1DEBA42837,-58,28,15,0,27,"CCF9579B2233","",269394,375

+UUDF:6C1DEBA42837,-56,27,15,0,25,"CCF9579B2233","",269444,376

+UUDF:6C1DEBA42837,-63,27,15,0,4,"CCF9579B2233","",269494,377

+UUDF:6C1DEBA42837,-61,26,15,0,2,"CCF9579B2233","",269544,378

+UUDF:6C1DEBA42837,-59,26,14,0,34,"CCF9579B2233","",269595,379

+UUDF:6C1DEBA42837,-58,25,14,0,3,"CCF9579B2233","",269644,380

+UUDF:6C1DEBA42837,-57,24,14,0,31,"CCF9579B2233","",269695,381

+UUDF:6C1DEBA42837,-60,24,14,0,12,"CCF9579B2233","",269745,382

+UUDF:6C1DEBA42837,-60,23,14,0,13,"CCF9579B2233","",269795,383

+UUDF:6C1DEBA42837,-53,22,14,0,27,"CCF9579B2233","",269845,384

+UUDF:6C1DEBA42837,-64,22,14,0,3,"CCF9579B2233","",269895,385

+UUDF:6C1DEBA42837,-56,21,14,0,20,"CCF9579B2233","",269945,386

+UUDF:6C1DEBA42837,-61,21,15,0,6,"CCF9579B2233","",269995,387

+UUDF:6C1DEBA42837,-60,20,15,0,4,"CCF9579B2233","",270045,388

+UUDF:6C1DEBA42837,-54,20,15,0,26,"CCF9579B2233","",270095,389

+UUDF:6C1DEBA42837,-60,19,15,0,9,"CCF9579B2233","",270145,390

+UUDF:6C1DEBA42837,-57,19,15,0,34,"CCF9579B2233","",270195,391

+UUDF:6C1DEBA42837,-57,19,15,0,24,"CCF9579B2233","",270245,392

+UUDF:6C1DEBA42837,-57,18,15,0,20,"CCF9579B2233","",270295,393

+UUDFP:6C1DEBA42837,19FF190000007011010064000000C72D0D00320000000D8E0700

+UUDF:6C1DEBA42837,-71,18,15,0,28,"CCF9579B2233","",270345,394

+UUDF:6C1DEBA42837,-69,17,15,0,30,"CCF9579B2233","",270395,395

+UUDF:6C1DEBA42837,-61,17,15,0,5,"CCF9579B2233","",270445,396

+UUDF:6C1DEBA42837,-79,16,16,0,23,"CCF9579B2233","",270495,397

+UUDF:6C1DEBA42837,-60,16,16,0,26,"CCF9579B2233","",270545,398

+UUDF:6C1DEBA42837,-65,15,15,0,19,"CCF9579B2233","",270595,399

+UUDF:6C1DEBA42837,-56,14,16,0,26,"CCF9579B2233","",270645,400

+UUDF:6C1DEBA42837,-56,14,16,0,25,"CCF9579B2233","",270695,401

+UUDF:6C1DEBA42837,-68,13,16,0,9,"CCF9579B2233","",270745,402

+UUDF:6C1DEBA42837,-62,12,16,0,11,"CCF9579B2233","",270795,403

+UUDF:6C1DEBA42837,-58,12,16,0,25,"CCF9579B2233","",270845,404

+UUDF:6C1DEBA42837,-61,11,16,0,4,"CCF9579B2233","",270895,405

+UUDF:6C1DEBA42837,-62,11,16,0,8,"CCF9579B2233","",270945,406

+UUDF:6C1DEBA42837,-62,10,16,0,3,"CCF9579B2233","",270995,407

+UUDF:6C1DEBA42837,-62,10,16,0,4,"CCF9579B2233","",271045,408

+UUDF:6C1DEBA42837,-61,9,16,0,0,"CCF9579B2233","",271095,409

+UUDF:6C1DEBA42837,-54,8,16,0,29,"CCF9579B2233","",271145,410

+UUDF:6C1DEBA42837,-61,8,16,0,10,"CCF9579B2233","",271195,411

+UUDF:6C1DEBA42837,-56,7,16,0,24,"CCF9579B2233","",271245,412

+UUDF:6C1DEBA42837,-54,7,15,0,31,"CCF9579B2233","",271295,413

+UUDFP:6C1DEBA42837,19FF19000000A08601006400000086340D0032000000872C0300

+UUDF:6C1DEBA42837,-61,6,16,0,0,"CCF9579B2233","",271345,414

+UUDF:6C1DEBA42837,-57,6,15,0,26,"CCF9579B2233","",271395,415

+UUDF:6C1DEBA42837,-61,5,16,0,4,"CCF9579B2233","",271445,416

+UUDF:6C1DEBA42837,-63,4,15,0,31,"CCF9579B2233","",271495,417

+UUDF:6C1DEBA42837,-61,4,15,0,3,"CCF9579B2233","",271545,418

+UUDF:6C1DEBA42837,-61,3,15,0,27,"CCF9579B2233","",271645,420

+UUDF:6C1DEBA42837,-62,3,15,0,20,"CCF9579B2233","",271695,421

+UUDF:6C1DEBA42837,-56,2,16,0,32,"CCF9579B2233","",271745,422

+UUDF:6C1DEBA42837,-60,1,15,0,20,"CCF9579B2233","",271795,423

+UUDF:6C1DEBA42837,-60,0,16,0,5,"CCF9579B2233","",271845,424

+UUDF:6C1DEBA42837,-61,0,16,0,1,"CCF9579B2233","",271895,425

+UUDF:6C1DEBA42837,-57,-1,16,0,34,"CCF9579B2233","",271945,426

+UUDF:6C1DEBA42837,-59,-2,16,0,31,"CCF9579B2233","",271995,427

+UUDF:6C1DEBA42837,-63,-3,16,0,3,"CCF9579B2233","",272045,428

+UUDF:6C1DEBA42837,-60,-4,16,0,15,"CCF9579B2233","",272095,429

+UUDF:6C1DEBA42837,-59,-5,16,0,23,"CCF9579B2233","",272145,430

+UUDF:6C1DEBA42837,-57,-5,16,0,36,"CCF9579B2233","",272195,431

+UUDF:6C1DEBA42837,-62,-6,16,0,3,"CCF9579B2233","",272245,432

+UUDF:6C1DEBA42837,-55,-7,17,0,30,"CCF9579B2233","",272295,433

+UUDFP:6C1DEBA42837,19FF19000000A08601006400000086340D0032000000872C0300

+UUDF:6C1DEBA42837,-53,-8,17,0,32,"CCF9579B2233","",272345,434

+UUDF:6C1DEBA42837,-53,-9,17,0,32,"CCF9579B2233","",272395,435

+UUDF:6C1DEBA42837,-55,-10,17,0,33,"CCF9579B2233","",272445,436

+UUDF:6C1DEBA42837,-58,-10,17,0,30,"CCF9579B2233","",272495,437

+UUDF:6C1DEBA42837,-57,-11,17,0,35,"CCF9579B2233","",272545,438

+UUDF:6C1DEBA42837,-58,-12,17,0,36,"CCF9579B2233","",272595,439

+UUDF:6C1DEBA42837,-59,-13,17,0,36,"CCF9579B2233","",272645,440

+UUDF:6C1DEBA42837,-65,-13,17,0,6,"CCF9579B2233","",272695,441

+UUDF:6C1DEBA42837,-64,-14,17,0,33,"CCF9579B2233","",272745,442

+UUDF:6C1DEBA42837,-63,-15,17,0,21,"CCF9579B2233","",272795,443

+UUDF:6C1DEBA42837,-61,-15,17,0,27,"CCF9579B2233","",272845,444

+UUDF:6C1DEBA42837,-58,-15,16,0,33,"CCF9579B2233","",272895,445

+UUDF:6C1DEBA42837,-79,-16,17,0,7,"CCF9579B2233","",272945,446

+UUDF:6C1DEBA42837,-63,-16,17,0,14,"CCF9579B2233","",272995,447

+UUDF:6C1DEBA42837,-60,-17,17,0,32,"CCF9579B2233","",273045,448

+UUDF:6C1DEBA42837,-60,-17,17,0,27,"CCF9579B2233","",273095,449

+UUDF:6C1DEBA42837,-57,-18,17,0,31,"CCF9579B2233","",273145,450

+UUDF:6C1DEBA42837,-60,-18,17,0,21,"CCF9579B2233","",273195,451

+UUDF:6C1DEBA42837,-60,-19,17,0,21,"CCF9579B2233","",273245,452

+UUDF:6C1DEBA42837,-62,-19,17,0,20,"CCF9579B2233","",273295,453

+UUDFP:6C1DEBA42837,19FF19000000A08601006400000086340D0032000000872C0300

+UUDF:6C1DEBA42837,-64,-20,16,0,0,"CCF9579B2233","",273345,454

+UUDF:6C1DEBA42837,-62,-20,16,0,23,"CCF9579B2233","",273395,455

+UUDF:6C1DEBA42837,-65,-21,16,0,2,"CCF9579B2233","",273445,456

+UUDF:6C1DEBA42837,-65,-21,15,0,5,"CCF9579B2233","",273495,457

+UUDF:6C1DEBA42837,-56,-22,15,0,23,"CCF9579B2233","",273545,458

+UUDF:6C1DEBA42837,-69,-22,14,0,4,"CCF9579B2233","",273595,459

+UUDF:6C1DEBA42837,-54,-23,14,0,25,"CCF9579B2233","",273645,460

+UUDF:6C1DEBA42837,-54,-23,14,0,26,"CCF9579B2233","",273695,461

+UUDF:6C1DEBA42837,-65,-24,14,0,6,"CCF9579B2233","",273745,462

+UUDF:6C1DEBA42837,-60,-24,14,0,17,"CCF9579B2233","",273795,463

+UUDF:6C1DEBA42837,-59,-24,14,0,33,"CCF9579B2233","",273845,464

+UUDF:6C1DEBA42837,-59,-25,13,0,12,"CCF9579B2233","",273895,465

+UUDF:6C1DEBA42837,-59,-25,13,0,9,"CCF9579B2233","",273945,466

+UUDF:6C1DEBA42837,-55,-26,13,0,36,"CCF9579B2233","",273995,467

+UUDF:6C1DEBA42837,-59,-26,13,0,3,"CCF9579B2233","",274045,468

+UUDF:6C1DEBA42837,-56,-26,13,0,23,"CCF9579B2233","",274095,469

+UUDF:6C1DEBA42837,-53,-27,12,0,36,"CCF9579B2233","",274145,470

+UUDF:6C1DEBA42837,-57,-27,12,0,35,"CCF9579B2233","",274195,471

+UUDF:6C1DEBA42837,-55,-27,12,0,32,"CCF9579B2233","",274245,472

+UUDF:6C1DEBA42837,-61,-28,12,0,13,"CCF9579B2233","",274295,473

+UUDFP:6C1DEBA42837,19FF19000000A08601006400000086340D0032000000872C0300

+UUDF:6C1DEBA42837,-59,-28,11,0,21,"CCF9579B2233","",274345,474

+UUDF:6C1DEBA42837,-59,-29,12,0,9,"CCF9579B2233","",274395,475

+UUDF:6C1DEBA42837,-57,-29,11,0,34,"CCF9579B2233","",274445,476

+UUDF:6C1DEBA42837,-62,-30,11,0,17,"CCF9579B2233","",274545,478

+UUDF:6C1DEBA42837,-59,-30,11,0,31,"CCF9579B2233","",274595,479

+UUDF:6C1DEBA42837,-62,-31,11,0,0,"CCF9579B2233","",274645,480

+UUDF:6C1DEBA42837,-58,-31,11,0,23,"CCF9579B2233","",274695,481

+UUDF:6C1DEBA42837,-60,-31,11,0,19,"CCF9579B2233","",274745,482

+UUDF:6C1DEBA42837,-57,-32,10,0,32,"CCF9579B2233","",274795,483

+UUDF:6C1DEBA42837,-56,-32,10,0,36,"CCF9579B2233","",274845,484

+UUDF:6C1DEBA42837,-57,-33,9,0,35,"CCF9579B2233","",274895,485

+UUDF:6C1DEBA42837,-62,-33,10,0,7,"CCF9579B2233","",274945,486

+UUDF:6C1DEBA42837,-55,-34,9,0,32,"CCF9579B2233","",274995,487

+UUDF:6C1DEBA42837,-60,-34,10,0,9,"CCF9579B2233","",275045,488

+UUDF:6C1DEBA42837,-62,-34,10,0,6,"CCF9579B2233","",275095,489

+UUDF:6C1DEBA42837,-54,-35,10,0,24,"CCF9579B2233","",275145,490

+UUDF:6C1DEBA42837,-61,-35,11,0,7,"CCF9579B2233","",275195,491

+UUDF:6C1DEBA42837,-57,-35,10,0,32,"CCF9579B2233","",275245,492

+UUDF:6C1DEBA42837,-62,-35,11,0,0,"CCF9579B2233","",275295,493

+UUDFP:6C1DEBA42837,19FF19000000A08601006400000086340D0032000000872C0300

+UUDF:6C1DEBA42837,-55,-35,11,0,21,"CCF9579B2233","",275345,494

+UUDF:6C1DEBA42837,-55,-35,11,0,19,"CCF9579B2233","",275395,495

+UUDF:6C1DEBA42837,-59,-36,10,0,15,"CCF9579B2233","",275495,497

+UUDF:6C1DEBA42837,-56,-35,10,0,27,"CCF9579B2233","",275545,498

+UUDF:6C1DEBA42837,-60,-36,11,0,2,"CCF9579B2233","",275595,499

+UUDF:6C1DEBA42837,-60,-36,11,0,1,"CCF9579B2233","",275645,500

+UUDF:6C1DEBA42837,-59,-36,11,0,15,"CCF9579B2233","",275695,501

+UUDF:6C1DEBA42837,-57,-36,10,0,30,"CCF9579B2233","",275745,502

+UUDF:6C1DEBA42837,-56,-36,10,0,31,"CCF9579B2233","",275845,504

+UUDF:6C1DEBA42837,-59,-36,10,0,5,"CCF9579B2233","",275895,505

+UUDF:6C1DEBA42837,-59,-36,10,0,9,"CCF9579B2233","",275945,506

+UUDF:6C1DEBA42837,-60,-37,10,0,21,"CCF9579B2233","",275995,507

+UUDF:6C1DEBA42837,-59,-37,10,0,6,"CCF9579B2233","",276045,508

+UUDF:6C1DEBA42837,-55,-37,10,0,27,"CCF9579B2233","",276095,509

+UUDF:6C1DEBA42837,-57,-37,11,0,2,"CCF9579B2233","",276145,510

+UUDF:6C1DEBA42837,-53,-37,10,0,19,"CCF9579B2233","",276195,511

+UUDF:6C1DEBA42837,-55,-37,10,0,18,"CCF9579B2233","",276245,512

+UUDF:6C1DEBA42837,-54,-37,10,0,24,"CCF9579B2233","",276295,513

+UUDFP:6C1DEBA42837,19FF19000000D0FB01006400000070350D003000000042630900

+UUDF:6C1DEBA42837,-57,-37,10,0,11,"CCF9579B2233","",276345,514

+UUDF:6C1DEBA42837,-57,-36,10,0,17,"CCF9579B2233","",276395,515

+UUDF:6C1DEBA42837,-54,-36,10,0,22,"CCF9579B2233","",276445,516

+UUDF:6C1DEBA42837,-55,-36,11,0,33,"CCF9579B2233","",276495,517

+UUDF:6C1DEBA42837,-54,-35,11,0,32,"CCF9579B2233","",276545,518

+UUDF:6C1DEBA42837,-54,-35,11,0,35,"CCF9579B2233","",276595,519

+UUDF:6C1DEBA42837,-59,-35,11,0,15,"CCF9579B2233","",276645,520

+UUDF:6C1DEBA42837,-56,-35,12,0,33,"CCF9579B2233","",276695,521

+UUDF:6C1DEBA42837,-57,-35,13,0,28,"CCF9579B2233","",276745,522

+UUDF:6C1DEBA42837,-53,-35,13,0,30,"CCF9579B2233","",276795,523

+UUDF:6C1DEBA42837,-60,-35,14,0,14,"CCF9579B2233","",276845,524

+UUDF:6C1DEBA42837,-60,-35,14,0,2,"CCF9579B2233","",276895,525

+UUDF:6C1DEBA42837,-60,-34,14,0,1,"CCF9579B2233","",276945,526

+UUDF:6C1DEBA42837,-64,-34,15,0,6,"CCF9579B2233","",276995,527

+UUDF:6C1DEBA42837,-67,-33,15,0,6,"CCF9579B2233","",277045,528

+UUDF:6C1DEBA42837,-63,-33,15,0,2,"CCF9579B2233","",277095,529

+UUDF:6C1DEBA42837,-58,-32,15,0,10,"CCF9579B2233","",277145,530

+UUDF:6C1DEBA42837,-59,-32,15,0,19,"CCF9579B2233","",277195,531

+UUDF:6C1DEBA42837,-62,-32,15,0,6,"CCF9579B2233","",277245,532

+UUDF:6C1DEBA42837,-66,-31,15,0,1,"CCF9579B2233","",277295,533

+UUDFP:6C1DEBA42837,19FF19000000D0FB01006400000070350D003000000042630900

+UUDF:6C1DEBA42837,-65,-31,15,0,22,"CCF9579B2233","",277345,534

+UUDF:6C1DEBA42837,-68,-30,15,0,18,"CCF9579B2233","",277395,535

+UUDF:6C1DEBA42837,-61,-30,15,0,27,"CCF9579B2233","",277445,536

+UUDF:6C1DEBA42837,-68,-29,16,0,11,"CCF9579B2233","",277495,537

+UUDF:6C1DEBA42837,-65,-29,16,0,21,"CCF9579B2233","",277545,538

+UUDF:6C1DEBA42837,-60,-29,16,0,28,"CCF9579B2233","",277595,539

+UUDF:6C1DEBA42837,-70,-28,16,0,3,"CCF9579B2233","",277645,540

+UUDF:6C1DEBA42837,-59,-28,16,0,32,"CCF9579B2233","",277695,541

+UUDF:6C1DEBA42837,-73,-27,16,0,5,"CCF9579B2233","",277745,542

+UUDF:6C1DEBA42837,-63,-27,16,0,24,"CCF9579B2233","",277795,543

+UUDF:6C1DEBA42837,-70,-27,16,0,6,"CCF9579B2233","",277845,544

+UUDF:6C1DEBA42837,-65,-26,16,0,24,"CCF9579B2233","",277895,545

+UUDF:6C1DEBA42837,-77,-26,16,0,0,"CCF9579B2233","",277945,546

+UUDF:6C1DEBA42837,-75,-26,16,0,1,"CCF9579B2233","",277995,547

+UUDF:6C1DEBA42837,-63,-25,16,0,16,"CCF9579B2233","",278045,548

+UUDF:6C1DEBA42837,-62,-25,16,0,17,"CCF9579B2233","",278095,549

+UUDF:6C1DEBA42837,-58,-25,16,0,26,"CCF9579B2233","",278145,550

+UUDF:6C1DEBA42837,-63,-24,16,0,29,"CCF9579B2233","",278195,551

+UUDF:6C1DEBA42837,-60,-24,16,0,18,"CCF9579B2233","",278245,552

+UUDF:6C1DEBA42837,-75,-24,16,0,1,"CCF9579B2233","",278295,553

+UUDFP:6C1DEBA42837,19FF19000000D0FB01006400000070350D003000000042630900

+UUDF:6C1DEBA42837,-63,-23,16,0,20,"CCF9579B2233","",278345,554

+UUDF:6C1DEBA42837,-56,-23,16,0,36,"CCF9579B2233","",278395,555

+UUDF:6C1DEBA42837,-63,-22,16,0,14,"CCF9579B2233","",278445,556

+UUDF:6C1DEBA42837,-62,-22,16,0,11,"CCF9579B2233","",278495,557

+UUDF:6C1DEBA42837,-62,-21,15,0,16,"CCF9579B2233","",278545,558

+UUDF:6C1DEBA42837,-59,-21,15,0,17,"CCF9579B2233","",278595,559

+UUDF:6C1DEBA42837,-59,-20,15,0,22,"CCF9579B2233","",278645,560

+UUDF:6C1DEBA42837,-61,-19,15,0,16,"CCF9579B2233","",278695,561

+UUDF:6C1DEBA42837,-63,-19,15,0,36,"CCF9579B2233","",278745,562

+UUDF:6C1DEBA42837,-65,-18,15,0,20,"CCF9579B2233","",278795,563

+UUDF:6C1DEBA42837,-77,-17,15,0,8,"CCF9579B2233","",278845,564

+UUDF:6C1DEBA42837,-70,-16,15,0,3,"CCF9579B2233","",278895,565

+UUDF:6C1DEBA42837,-77,-16,15,0,7,"CCF9579B2233","",278945,566

+UUDF:6C1DEBA42837,-64,-15,15,0,29,"CCF9579B2233","",278995,567

+UUDF:6C1DEBA42837,-61,-15,15,0,25,"CCF9579B2233","",279045,568

+UUDF:6C1DEBA42837,-71,-14,15,0,10,"CCF9579B2233","",279095,569

+UUDF:6C1DEBA42837,-68,-14,15,0,11,"CCF9579B2233","",279145,570

+UUDF:6C1DEBA42837,-65,-13,15,0,15,"CCF9579B2233","",279195,571

+UUDF:6C1DEBA42837,-65,-12,15,0,19,"CCF9579B2233","",279245,572

+UUDF:6C1DEBA42837,-63,-11,15,0,35,"CCF9579B2233","",279295,573

+UUDFP:6C1DEBA42837,19FF19000000D0FB01006400000070350D003000000042630900

+UUDF:6C1DEBA42837,-65,-11,15,0,13,"CCF9579B2233","",279345,574

+UUDF:6C1DEBA42837,-63,-10,15,0,26,"CCF9579B2233","",279395,575

+UUDF:6C1DEBA42837,-62,-10,15,0,33,"CCF9579B2233","",279445,576

+UUDF:6C1DEBA42837,-71,-9,15,0,19,"CCF9579B2233","",279495,577

+UUDF:6C1DEBA42837,-62,-8,16,0,33,"CCF9579B2233","",279545,578

+UUDF:6C1DEBA42837,-63,-8,15,0,15,"CCF9579B2233","",279595,579

+UUDF:6C1DEBA42837,-65,-7,15,0,4,"CCF9579B2233","",279645,580

+UUDF:6C1DEBA42837,-68,-7,15,0,25,"CCF9579B2233","",279695,581

+UUDF:6C1DEBA42837,-68,-7,15,0,33,"CCF9579B2233","",279745,582

+UUDF:6C1DEBA42837,-68,-6,15,0,33,"CCF9579B2233","",279795,583

+UUDF:6C1DEBA42837,-70,-6,15,0,33,"CCF9579B2233","",279845,584

+UUDF:6C1DEBA42837,-75,-5,15,0,32,"CCF9579B2233","",279895,585

+UUDF:6C1DEBA42837,-66,-5,15,0,20,"CCF9579B2233","",279945,586

+UUDF:6C1DEBA42837,-63,-5,15,0,2,"CCF9579B2233","",280045,588

+UUDF:6C1DEBA42837,-64,-4,15,0,12,"CCF9579B2233","",280095,589

+UUDF:6C1DEBA42837,-63,-4,15,0,1,"CCF9579B2233","",280145,590

+UUDF:6C1DEBA42837,-66,-4,15,0,25,"CCF9579B2233","",280245,592

+UUDF:6C1DEBA42837,-58,-3,15,0,36,"CCF9579B2233","",280295,593

+UUDFP:6C1DEBA42837,19FF19000000D0FB01006400000070350D003000000042630900

+UUDF:6C1DEBA42837,-64,-3,15,0,25,"CCF9579B2233","",280345,594
q
+UUDF:6C1DEBA42837,-61,-3,14,0,27,"CCF9579B2233","",280395,595

+UUDF:6C1DEBA42837,-68,-2,14,0,22,"CCF9579B2233","",280445,596

+UUDF:6C1DEBA42837,-56,-2,14,0,36,"CCF9579B2233","",280495,597

+UUDF:6C1DEBA42837,-62,-2,14,0,2,"CCF9579B2233","",280545,598

+UUDF:6C1DEBA42837,-63,-1,14,0,19,"CCF9579B2233","",280595,599

+UUDF:6C1DEBA42837,-63,-1,14,0,24,"CCF9579B2233","",280645,600

+UUDF:6C1DEBA42837,-65,-1,14,0,6,"CCF9579B2233","",280695,601

+UUDF:6C1DEBA42837,-62,0,14,0,18,"CCF9579B2233","",280745,602

+UUDF:6C1DEBA42837,-60,0,14,0,32,"CCF9579B2233","",280795,603

+UUDF:6C1DEBA42837,-61,0,14,0,12,"CCF9579B2233","",280845,604

+UUDF:6C1DEBA42837,-59,0,14,0,29,"CCF9579B2233","",280895,605

+UUDF:6C1DEBA42837,-62,0,14,0,11,"CCF9579B2233","",280945,606

+UUDF:6C1DEBA42837,-63,0,13,0,2,"CCF9579B2233","",280995,607

+UUDF:6C1DEBA42837,-60,0,13,0,30,"CCF9579B2233","",281045,608

+UUDF:6C1DEBA42837,-62,0,13,0,0,"CCF9579B2233","",281095,609

+UUDF:6C1DEBA42837,-62,1,13,0,16,"CCF9579B2233","",281145,610

+UUDF:6C1DEBA42837,-63,1,12,0,18,"CCF9579B2233","",281195,611

+UUDF:6C1DEBA42837,-60,1,12,0,18,"CCF9579B2233","",281245,612

+UUDF:6C1DEBA42837,-57,1,12,0,32,"CCF9579B2233","",281295,613

+UUDFP:6C1DEBA42837,19FF19000000F0490200640000003F380D002E000000AFD80B00

+UUDF:6C1DEBA42837,-58,2,12,0,32,"CCF9579B2233","",281346,614

+UUDF:6C1DEBA42837,-61,2,12,0,16,"CCF9579B2233","",281395,615

+UUDF:6C1DEBA42837,-53,2,11,0,34,"CCF9579B2233","",281445,616

+UUDF:6C1DEBA42837,-61,2,11,0,5,"CCF9579B2233","",281495,617

+UUDF:6C1DEBA42837,-60,2,11,0,25,"CCF9579B2233","",281545,618

+UUDF:6C1DEBA42837,-59,3,11,0,9,"CCF9579B2233","",281595,619

+UUDF:6C1DEBA42837,-55,3,11,0,11,"CCF9579B2233","",281645,620

+UUDF:6C1DEBA42837,-57,4,11,0,13,"CCF9579B2233","",281695,621

+UUDF:6C1DEBA42837,-60,4,11,0,17,"CCF9579B2233","",281745,622

+UUDF:6C1DEBA42837,-57,4,11,0,2,"CCF9579B2233","",281795,623

+UUDF:6C1DEBA42837,-48,5,11,0,31,"CCF9579B2233","",281845,624

+UUDF:6C1DEBA42837,-50,5,11,0,33,"CCF9579B2233","",281895,625
