
+UUDFP:6C1DEBA42837,19FF19000000A04A0B00640000000F3E0D003600000029210C00

+UUDF:6C1DEBA42837,-67,0,0,0,6,"CCF9579B2233","",377215,14

+UUDF:6C1DEBA42837,-59,1,0,0,13,"CCF9579B2233","",377265,15

+UUDF:6C1DEBA42837,-60,1,0,0,30,"CCF9579B2233","",377315,16

+UUDF:6C1DEBA42837,-62,1,1,0,3,"CCF9579B2233","",377365,17

+UUDF:6C1DEBA42837,-57,2,1,0,8,"CCF9579B2233","",377415,18

+UUDF:6C1DEBA42837,-61,2,1,0,27,"CCF9579B2233","",377465,19

+UUDF:6C1DEBA42837,-65,2,2,0,29,"CCF9579B2233","",377515,20

+UUDF:6C1DEBA42837,-64,1,2,0,25,"CCF9579B2233","",377565,21

+UUDF:6C1DEBA42837,-64,1,2,0,22,"CCF9579B2233","",377615,22

+UUDF:6C1DEBA42837,-71,1,2,0,9,"CCF9579B2233","",377666,23

+UUDF:6C1DEBA42837,-68,2,2,0,5,"CCF9579B2233","",377716,24

+UUDF:6C1DEBA42837,-59,1,2,0,26,"CCF9579B2233","",377766,25

+UUDF:6C1DEBA42837,-64,1,2,0,16,"CCF9579B2233","",377816,26

+UUDF:6C1DEBA42837,-57,1,2,0,26,"CCF9579B2233","",377865,27

+UUDF:6C1DEBA42837,-57,1,3,0,34,"CCF9579B2233","",377916,28

+UUDF:6C1DEBA42837,-61,1,3,0,34,"CCF9579B2233","",378016,30

+UUDF:6C1DEBA42837,-71,1,3,0,4,"CCF9579B2233","",378066,31

+UUDF:6C1DEBA42837,-76,1,4,0,7,"CCF9579B2233","",378116,32

+UUDF:6C1DEBA42837,-72,1,4,0,9,"CCF9579B2233","",378166,33

+UUDFP:6C1DEBA42837,19FF19000000A04A0B00640000000F3E0D003600000029210C00

+UUDF:6C1DEBA42837,-73,1,4,0,16,"CCF9579B2233","",378216,34

+UUDF:6C1DEBA42837,-69,1,5,0,24,"CCF9579B2233","",378266,35

+UUDF:6C1DEBA42837,-76,1,4,0,0,"CCF9579B2233","",378316,36

+UUDF:6C1DEBA42837,-69,0,5,0,5,"CCF9579B2233","",378366,37

+UUDF:6C1DEBA42837,-61,0,5,0,25,"CCF9579B2233","",378416,38

+UUDF:6C1DEBA42837,-70,0,5,0,5,"CCF9579B2233","",378466,39

+UUDF:6C1DEBA42837,-75,-1,5,0,12,"CCF9579B2233","",378516,40

+UUDF:6C1DEBA42837,-75,0,5,0,13,"CCF9579B2233","",378566,41

+UUDF:6C1DEBA42837,-61,0,6,0,33,"CCF9579B2233","",378616,42

+UUDF:6C1DEBA42837,-78,0,6,0,12,"CCF9579B2233","",378666,43

+UUDF:6C1DEBA42837,-76,0,6,0,5,"CCF9579B2233","",378716,44

+UUDF:6C1DEBA42837,-76,0,6,0,4,"CCF9579B2233","",378766,45

+UUDF:6C1DEBA42837,-58,0,6,0,36,"CCF9579B2233","",378816,46

+UUDF:6C1DEBA42837,-80,0,6,0,1,"CCF9579B2233","",378866,47

+UUDF:6C1DEBA42837,-73,0,7,0,0,"CCF9579B2233","",378916,48

+UUDF:6C1DEBA42837,-66,0,7,0,24,"CCF9579B2233","",378966,49

+UUDF:6C1DEBA42837,-68,-1,7,0,8,"CCF9579B2233","",379016,50

+UUDF:6C1DEBA42837,-66,-1,7,0,32,"CCF9579B2233","",379066,51

+UUDF:6C1DEBA42837,-63,-1,7,0,32,"CCF9579B2233","",379116,52

+UUDF:6C1DEBA42837,-59,-1,7,0,25,"CCF9579B2233","",379166,53

+UUDFP:6C1DEBA42837,19FF19000000A04A0B00640000000F3E0D003600000029210C00

+UUDF:6C1DEBA42837,-63,-1,7,0,19,"CCF9579B2233","",379216,54

+UUDF:6C1DEBA42837,-60,-1,8,0,20,"CCF9579B2233","",379266,55

+UUDF:6C1DEBA42837,-60,-2,8,0,18,"CCF9579B2233","",379316,56

+UUDF:6C1DEBA42837,-59,-2,8,0,22,"CCF9579B2233","",379366,57

+UUDF:6C1DEBA42837,-59,-3,8,0,30,"CCF9579B2233","",379416,58

+UUDF:6C1DEBA42837,-63,-3,8,0,11,"CCF9579B2233","",379466,59

+UUDF:6C1DEBA42837,-59,-3,8,0,26,"CCF9579B2233","",379516,60

+UUDF:6C1DEBA42837,-55,-4,8,0,36,"CCF9579B2233","",379566,61

+UUDF:6C1DEBA42837,-54,-4,8,0,36,"CCF9579B2233","",379616,62

+UUDF:6C1DEBA42837,-59,-4,9,0,29,"CCF9579B2233","",379666,63

+UUDF:6C1DEBA42837,-65,-5,9,0,1,"CCF9579B2233","",379716,64

+UUDF:6C1DEBA42837,-62,-5,8,0,11,"CCF9579B2233","",379766,65

+UUDF:6C1DEBA42837,-60,-6,8,0,16,"CCF9579B2233","",379816,66

+UUDF:6C1DEBA42837,-62,-6,8,0,25,"CCF9579B2233","",379866,67

+UUDF:6C1DEBA42837,-63,-7,8,0,26,"CCF9579B2233","",379916,68

+UUDF:6C1DEBA42837,-62,-7,8,0,27,"CCF9579B2233","",379966,69

+UUDF:6C1DEBA42837,-62,-7,8,0,27,"CCF9579B2233","",380016,70

+UUDF:6C1DEBA42837,-54,-8,8,0,33,"CCF9579B2233","",380066,71

+UUDF:6C1DEBA42837,-59,-8,9,0,30,"CCF9579B2233","",380116,72

+UUDF:6C1DEBA42837,-59,-9,9,0,25,"CCF9579B2233","",380166,73

+UUDFP:6C1DEBA42837,19FF19000000A04A0B00640000000F3E0D003600000029210C00

+UUDF:6C1DEBA42837,-61,-9,9,0,10,"CCF9579B2233","",380216,74

+UUDF:6C1DEBA42837,-58,-10,9,0,26,"CCF9579B2233","",380266,75

+UUDF:6C1DEBA42837,-62,-10,9,0,12,"CCF9579B2233","",380316,76

+UUDF:6C1DEBA42837,-58,-11,10,0,27,"CCF9579B2233","",380366,77

+UUDF:6C1DEBA42837,-62,-12,10,0,12,"CCF9579B2233","",380416,78

+UUDF:6C1DEBA42837,-62,-12,10,0,8,"CCF9579B2233","",380466,79

+UUDF:6C1DEBA42837,-60,-12,10,0,17,"CCF9579B2233","",380516,80

+UUDF:6C1DEBA42837,-71,-13,10,0,32,"CCF9579B2233","",380566,81

+UUDF:6C1DEBA42837,-63,-13,11,0,6,"CCF9579B2233","",380616,82

+UUDF:6C1DEBA42837,-63,-13,11,0,5,"CCF9579B2233","",380666,83

+UUDF:6C1DEBA42837,-59,-14,11,0,21,"CCF9579B2233","",380716,84

+UUDF:6C1DEBA42837,-59,-14,11,0,30,"CCF9579B2233","",380766,85

+UUDF:6C1DEBA42837,-60,-14,11,0,29,"CCF9579B2233","",380816,86

+UUDF:6C1DEBA42837,-68,-15,11,0,7,"CCF9579B2233","",380866,87

+UUDF:6C1DEBA42837,-61,-15,11,0,20,"CCF9579B2233","",380916,88

+UUDF:6C1DEBA42837,-62,-15,11,0,3,"CCF9579B2233","",380966,89

+UUDF:6C1DEBA42837,-62,-15,11,0,16,"CCF9579B2233","",381016,90

+UUDF:6C1DEBA42837,-57,-16,12,0,29,"CCF9579B2233","",381066,91

+UUDF:6C1DEBA42837,-65,-16,12,0,36,"CCF9579B2233","",381116,92

+UUDF:6C1DEBA42837,-62,-16,12,0,6,"CCF9579B2233","",381166,93

+UUDFP:6C1DEBA42837,19FF19000000A04A0B00640000000F3E0D003600000029210C00

+UUDF:6C1DEBA42837,-55,-16,12,0,27,"CCF9579B2233","",381216,94

+UUDF:6C1DEBA42837,-65,-16,12,0,3,"CCF9579B2233","",381266,95

+UUDF:6C1DEBA42837,-60,-17,12,0,12,"CCF9579B2233","",381316,96

+UUDF:6C1DEBA42837,-62,-17,12,0,2,"CCF9579B2233","",381366,97

+UUDF:6C1DEBA42837,-70,-17,11,0,34,"CCF9579B2233","",381416,98

+UUDF:6C1DEBA42837,-58,-17,12,0,26,"CCF9579B2233","",381466,99

+UUDF:6C1DEBA42837,-57,-18,12,0,18,"CCF9579B2233","",381516,100

+UUDF:6C1DEBA42837,-56,-18,12,0,24,"CCF9579B2233","",381566,101

+UUDF:6C1DEBA42837,-59,-19,11,0,14,"CCF9579B2233","",381616,102

+UUDF:6C1DEBA42837,-61,-19,10,0,8,"CCF9579B2233","",381666,103

+UUDF:6C1DEBA42837,-61,-20,10,0,1,"CCF9579B2233","",381716,104

+UUDF:6C1DEBA42837,-56,-20,10,0,28,"CCF9579B2233","",381766,105

+UUDF:6C1DEBA42837,-54,-20,10,0,22,"CCF9579B2233","",381816,106

+UUDF:6C1DEBA42837,-56,-20,10,0,20,"CCF9579B2233","",381916,108

+UUDF:6C1DEBA42837,-62,-21,10,0,10,"CCF9579B2233","",381966,109

+UUDF:6C1DEBA42837,-61,-21,9,0,7,"CCF9579B2233","",382016,110

+UUDF:6C1DEBA42837,-56,-21,9,0,34,"CCF9579B2233","",382066,111

+UUDF:6C1DEBA42837,-60,-22,9,0,6,"CCF9579B2233","",382116,112

+UUDF:6C1DEBA42837,-60,-22,8,0,3,"CCF9579B2233","",382166,113

+UUDFP:6C1DEBA42837,19FF19000000C027090064000000F1440D0035000000E8000700

+UUDF:6C1DEBA42837,-56,-22,8,0,30,"CCF9579B2233","",382216,114

+UUDF:6C1DEBA42837,-54,-23,8,0,27,"CCF9579B2233","",382266,115

+UUDF:6C1DEBA42837,-57,-23,8,0,14,"CCF9579B2233","",382316,116

+UUDF:6C1DEBA42837,-56,-24,8,0,25,"CCF9579B2233","",382366,117

+UUDF:6C1DEBA42837,-52,-24,8,0,35,"CCF9579B2233","",382416,118

+UUDF:6C1DEBA42837,-62,-24,8,0,6,"CCF9579B2233","",382466,119

+UUDF:6C1DEBA42837,-69,-24,9,0,0,"CCF9579B2233","",382516,120

+UUDF:6C1DEBA42837,-61,-25,9,0,24,"CCF9579B2233","",382566,121

+UUDF:6C1DEBA42837,-59,-26,9,0,23,"CCF9579B2233","",382616,122

+UUDF:6C1DEBA42837,-57,-26,10,0,33,"CCF9579B2233","",382666,123

+UUDF:6C1DEBA42837,-55,-26,10,0,32,"CCF9579B2233","",382716,124

+UUDF:6C1DEBA42837,-53,-27,10,0,31,"CCF9579B2233","",382766,125

+UUDF:6C1DEBA42837,-61,-27,10,0,4,"CCF9579B2233","",382816,126

+UUDF:6C1DEBA42837,-61,-27,10,0,2,"CCF9579B2233","",382866,127

+UUDF:6C1DEBA42837,-62,-27,9,0,2,"CCF9579B2233","",382916,128

+UUDF:6C1DEBA42837,-62,-28,9,0,2,"CCF9579B2233","",382966,129

+UUDF:6C1DEBA42837,-60,-28,9,0,26,"CCF9579B2233","",383016,130

+UUDF:6C1DEBA42837,-58,-28,9,0,18,"CCF9579B2233","",383066,131

+UUDF:6C1DEBA42837,-57,-28,9,0,18,"CCF9579B2233","",383116,132

+UUDF:6C1DEBA42837,-59,-28,9,0,9,"CCF9579B2233","",383166,133

+UUDFP:6C1DEBA42837,19FF19000000C027090064000000F1440D0035000000E8000700

+UUDF:6C1DEBA42837,-59,-29,9,0,28,"CCF9579B2233","",383216,134

+UUDF:6C1DEBA42837,-59,-29,9,0,32,"CCF9579B2233","",383266,135

+UUDF:6C1DEBA42837,-55,-29,9,0,21,"CCF9579B2233","",383316,136

+UUDF:6C1DEBA42837,-62,-29,9,0,6,"CCF9579B2233","",383366,137

+UUDF:6C1DEBA42837,-57,-29,9,0,27,"CCF9579B2233","",383416,138

+UUDF:6C1DEBA42837,-54,-29,9,0,34,"CCF9579B2233","",383466,139

+UUDF:6C1DEBA42837,-57,-30,9,0,25,"CCF9579B2233","",383516,140

+UUDF:6C1DEBA42837,-55,-30,9,0,18,"CCF9579B2233","",383566,141

+UUDF:6C1DEBA42837,-55,-30,9,0,32,"CCF9579B2233","",383616,142

+UUDF:6C1DEBA42837,-64,-30,9,0,5,"CCF9579B2233","",383666,143

+UUDF:6C1DEBA42837,-52,-30,9,0,36,"CCF9579B2233","",383716,144

+UUDF:6C1DEBA42837,-68,-30,9,0,1,"CCF9579B2233","",383766,145

+UUDF:6C1DEBA42837,-62,-30,9,0,11,"CCF9579B2233","",383816,146

+UUDF:6C1DEBA42837,-55,-30,9,0,34,"CCF9579B2233","",383866,147

+UUDF:6C1DEBA42837,-62,-31,9,0,30,"CCF9579B2233","",383916,148

+UUDF:6C1DEBA42837,-63,-31,9,0,3,"CCF9579B2233","",383966,149

+UUDF:6C1DEBA42837,-66,-31,9,0,10,"CCF9579B2233","",384016,150

+UUDF:6C1DEBA42837,-61,-31,9,0,27,"CCF9579B2233","",384066,151

+UUDF:6C1DEBA42837,-61,-32,9,0,20,"CCF9579B2233","",384116,152

+UUDF:6C1DEBA42837,-61,-32,9,0,16,"CCF9579B2233","",384166,153

+UUDFP:6C1DEBA42837,19FF19000000C027090064000000F1440D0035000000E8000700

+UUDF:6C1DEBA42837,-55,-32,9,0,35,"CCF9579B2233","",384216,154

+UUDF:6C1DEBA42837,-62,-32,9,0,31,"CCF9579B2233","",384266,155

+UUDF:6C1DEBA42837,-57,-32,8,0,33,"CCF9579B2233","",384316,156

+UUDF:6C1DEBA42837,-61,-32,8,0,15,"CCF9579B2233","",384366,157

+UUDF:6C1DEBA42837,-62,-32,8,0,1,"CCF9579B2233","",384416,158

+UUDF:6C1DEBA42837,-63,-32,8,0,11,"CCF9579B2233","",384466,159

+UUDF:6C1DEBA42837,-59,-32,8,0,28,"CCF9579B2233","",384516,160

+UUDF:6C1DEBA42837,-66,-32,8,0,2,"CCF9579B2233","",384566,161

+UUDF:6C1DEBA42837,-66,-32,8,0,5,"CCF9579B2233","",384616,162

+UUDF:6C1DEBA42837,-54,-33,8,0,32,"CCF9579B2233","",384666,163

+UUDF:6C1DEBA42837,-57,-33,8,0,27,"CCF9579B2233","",384716,164

+UUDF:6C1DEBA42837,-58,-33,8,0,14,"CCF9579B2233","",384766,165

+UUDF:6C1DEBA42837,-58,-33,8,0,11,"CCF9579B2233","",384816,166

+UUDF:6C1DEBA42837,-56,-33,8,0,35,"CCF9579B2233","",384866,167

+UUDF:6C1DEBA42837,-53,-33,8,0,36,"CCF9579B2233","",384916,168

+UUDF:6C1DEBA42837,-62,-33,8,0,3,"CCF9579B2233","",384966,169

+UUDF:6C1DEBA42837,-52,-33,8,0,36,"CCF9579B2233","",385016,170

+UUDF:6C1DEBA42837,-59,-33,8,0,18,"CCF9579B2233","",385066,171

+UUDF:6C1DEBA42837,-63,-33,8,0,0,"CCF9579B2233","",385116,172

+UUDF:6C1DEBA42837,-60,-32,8,0,7,"CCF9579B2233","",385166,173

+UUDFP:6C1DEBA42837,19FF19000000C027090064000000F1440D0035000000E8000700

+UUDF:6C1DEBA42837,-60,-32,8,0,0,"CCF9579B2233","",385216,174

+UUDF:6C1DEBA42837,-51,-32,8,0,36,"CCF9579B2233","",385266,175

+UUDF:6C1DEBA42837,-58,-32,8,0,23,"CCF9579B2233","",385316,176

+UUDF:6C1DEBA42837,-52,-32,8,0,36,"CCF9579B2233","",385366,177

+UUDF:6C1DEBA42837,-66,-32,8,0,1,"CCF9579B2233","",385416,178

+UUDF:6C1DEBA42837,-59,-32,8,0,15,"CCF9579B2233","",385466,179

+UUDF:6C1DEBA42837,-61,-32,8,0,4,"CCF9579B2233","",385516,180

+UUDF:6C1DEBA42837,-60,-32,8,0,21,"CCF9579B2233","",385566,181

+UUDF:6C1DEBA42837,-63,-32,8,0,0,"CCF9579B2233","",385616,182

+UUDF:6C1DEBA42837,-61,-32,8,0,2,"CCF9579B2233","",385666,183

+UUDF:6C1DEBA42837,-61,-32,8,0,6,"CCF9579B2233","",385716,184

+UUDF:6C1DEBA42837,-61,-32,8,0,18,"CCF9579B2233","",385816,186

+UUDF:6C1DEBA42837,-61,-32,8,0,21,"CCF9579B2233","",385866,187

+UUDF:6C1DEBA42837,-66,-31,8,0,17,"CCF9579B2233","",385916,188

+UUDF:6C1DEBA42837,-72,-31,9,0,27,"CCF9579B2233","",385966,189

+UUDF:6C1DEBA42837,-64,-31,9,0,34,"CCF9579B2233","",386016,190

+UUDF:6C1DEBA42837,-65,-30,9,0,8,"CCF9579B2233","",386066,191

+UUDF:6C1DEBA42837,-67,-30,10,0,15,"CCF9579B2233","",386116,192

+UUDF:6C1DEBA42837,-62,-30,10,0,9,"CCF9579B2233","",386166,193

+UUDFP:6C1DEBA42837,19FF19000000C027090064000000F1440D0035000000E8000700

+UUDF:6C1DEBA42837,-73,-30,11,0,32,"CCF9579B2233","",386216,194

+UUDF:6C1DEBA42837,-60,-30,11,0,23,"CCF9579B2233","",386266,195

+UUDF:6C1DEBA42837,-66,-30,11,0,7,"CCF9579B2233","",386316,196

+UUDF:6C1DEBA42837,-59,-29,11,0,22,"CCF9579B2233","",386366,197

+UUDF:6C1DEBA42837,-60,-29,11,0,23,"CCF9579B2233","",386416,198

+UUDF:6C1DEBA42837,-60,-29,11,0,17,"CCF9579B2233","",386466,199

+UUDF:6C1DEBA42837,-67,-29,11,0,27,"CCF9579B2233","",386516,200

+UUDF:6C1DEBA42837,-70,-28,11,0,11,"CCF9579B2233","",386566,201

+UUDF:6C1DEBA42837,-60,-28,11,0,36,"CCF9579B2233","",386616,202

+UUDF:6C1DEBA42837,-61,-28,11,0,16,"CCF9579B2233","",386666,203

+UUDF:6C1DEBA42837,-61,-27,11,0,15,"CCF9579B2233","",386716,204

+UUDF:6C1DEBA42837,-62,-27,11,0,13,"CCF9579B2233","",386766,205

+UUDF:6C1DEBA42837,-65,-27,11,0,24,"CCF9579B2233","",386816,206

+UUDF:6C1DEBA42837,-55,-27,11,0,35,"CCF9579B2233","",386866,207

+UUDF:6C1DEBA42837,-60,-27,11,0,25,"CCF9579B2233","",386916,208

+UUDF:6C1DEBA42837,-70,-26,11,0,7,"CCF9579B2233","",386966,209

+UUDF:6C1DEBA42837,-56,-26,11,0,27,"CCF9579B2233","",387016,210

+UUDF:6C1DEBA42837,-73,-26,11,0,17,"CCF9579B2233","",387066,211

+UUDF:6C1DEBA42837,-60,-26,12,0,34,"CCF9579B2233","",387116,212

+UUDF:6C1DEBA42837,-66,-25,12,0,12,"CCF9579B2233","",387166,213

+UUDFP:6C1DEBA42837,19FF19000000D04E0900640000008F420D00330000000E6A0B00

+UUDF:6C1DEBA42837,-64,-25,12,0,8,"CCF9579B2233","",387216,214

+UUDF:6C1DEBA42837,-55,-25,12,0,32,"CCF9579B2233","",387266,215

+UUDF:6C1DEBA42837,-58,-24,12,0,25,"CCF9579B2233","",387316,216

+UUDF:6C1DEBA42837,-60,-24,12,0,19,"CCF9579B2233","",387366,217

+UUDF:6C1DEBA42837,-63,-23,12,0,0,"CCF9579B2233","",387416,218

+UUDF:6C1DEBA42837,-54,-23,12,0,36,"CCF9579B2233","",387466,219

+UUDF:6C1DEBA42837,-53,-23,12,0,36,"CCF9579B2233","",387516,220

+UUDF:6C1DEBA42837,-64,-22,12,0,0,"CCF9579B2233","",387566,221

+UUDF:6C1DEBA42837,-63,-22,12,0,15,"CCF9579B2233","",387616,222

+UUDF:6C1DEBA42837,-56,-21,12,0,25,"CCF9579B2233","",387666,223

+UUDF:6C1DEBA42837,-57,-21,13,0,23,"CCF9579B2233","",387716,224

+UUDF:6C1DEBA42837,-59,-20,13,0,32,"CCF9579B2233","",387766,225

+UUDF:6C1DEBA42837,-62,-20,12,0,1,"CCF9579B2233","",387816,226

+UUDF:6C1DEBA42837,-58,-19,12,0,12,"CCF9579B2233","",387866,227

+UUDF:6C1DEBA42837,-60,-18,12,0,25,"CCF9579B2233","",387916,228

+UUDF:6C1DEBA42837,-58,-18,12,0,10,"CCF9579B2233","",387966,229

+UUDF:6C1DEBA42837,-63,-17,12,0,24,"CCF9579B2233","",388016,230

+UUDF:6C1DEBA42837,-61,-16,12,0,30,"CCF9579B2233","",388066,231

+UUDF:6C1DEBA42837,-65,-15,12,0,26,"CCF9579B2233","",388116,232

+UUDF:6C1DEBA42837,-63,-15,12,0,13,"CCF9579B2233","",388166,233

+UUDFP:6C1DEBA42837,19FF19000000D04E0900640000008F420D00330000000E6A0B00

+UUDF:6C1DEBA42837,-62,-14,12,0,11,"CCF9579B2233","",388216,234

+UUDF:6C1DEBA42837,-58,-13,12,0,28,"CCF9579B2233","",388266,235

+UUDF:6C1DEBA42837,-56,-12,12,0,32,"CCF9579B2233","",388316,236

+UUDF:6C1DEBA42837,-55,-12,12,0,26,"CCF9579B2233","",388366,237

+UUDF:6C1DEBA42837,-63,-11,13,0,16,"CCF9579B2233","",388416,238

+UUDF:6C1DEBA42837,-56,-10,13,0,35,"CCF9579B2233","",388466,239

+UUDF:6C1DEBA42837,-55,-10,13,0,29,"CCF9579B2233","",388516,240

+UUDF:6C1DEBA42837,-61,-9,13,0,8,"CCF9579B2233","",388566,241

+UUDF:6C1DEBA42837,-60,-8,14,0,18,"CCF9579B2233","",388616,242

+UUDF:6C1DEBA42837,-57,-7,14,0,32,"CCF9579B2233","",388666,243

+UUDF:6C1DEBA42837,-67,-7,13,0,0,"CCF9579B2233","",388716,244

+UUDF:6C1DEBA42837,-56,-6,14,0,33,"CCF9579B2233","",388767,245

+UUDF:6C1DEBA42837,-56,-5,14,0,33,"CCF9579B2233","",388816,246

+UUDF:6C1DEBA42837,-56,-4,14,0,34,"CCF9579B2233","",388866,247

+UUDF:6C1DEBA42837,-60,-3,14,0,36,"CCF9579B2233","",388916,248

+UUDF:6C1DEBA42837,-64,-2,15,0,1,"CCF9579B2233","",388966,249

+UUDF:6C1DEBA42837,-58,-1,15,0,15,"CCF9579B2233","",389016,250

+UUDF:6C1DEBA42837,-59,0,15,0,25,"CCF9579B2233","",389066,251

+UUDF:6C1DEBA42837,-56,1,15,0,27,"CCF9579B2233","",389116,252

+UUDF:6C1DEBA42837,-57,1,15,0,23,"CCF9579B2233","",389166,253

+UUDFP:6C1DEBA42837,19FF19000000D04E0900640000008F420D00330000000E6A0B00

+UUDF:6C1DEBA42837,-59,2,16,0,16,"CCF9579B2233","",389217,254

+UUDF:6C1DEBA42837,-59,3,16,0,27,"CCF9579B2233","",389266,255

+UUDF:6C1DEBA42837,-57,4,16,0,34,"CCF9579B2233","",389316,256

+UUDF:6C1DEBA42837,-61,5,16,0,3,"CCF9579B2233","",389366,257

+UUDF:6C1DEBA42837,-59,6,16,0,30,"CCF9579B2233","",389416,258

+UUDF:6C1DEBA42837,-56,6,16,0,26,"CCF9579B2233","",389466,259

+UUDF:6C1DEBA42837,-65,7,16,0,6,"CCF9579B2233","",389516,260

+UUDF:6C1DEBA42837,-63,7,16,0,19,"CCF9579B2233","",389616,262

+UUDF:6C1DEBA42837,-72,8,17,0,5,"CCF9579B2233","",389666,263

+UUDF:6C1DEBA42837,-71,9,17,0,10,"CCF9579B2233","",389717,264

+UUDF:6C1DEBA42837,-59,9,17,0,20,"CCF9579B2233","",389766,265

+UUDF:6C1DEBA42837,-59,10,17,0,18,"CCF9579B2233","",389816,266

+UUDF:6C1DEBA42837,-68,12,18,0,35,"CCF9579B2233","",389866,267

+UUDF:6C1DEBA42837,-59,13,17,0,31,"CCF9579B2233","",389916,268

+UUDF:6C1DEBA42837,-70,13,16,0,16,"CCF9579B2233","",389967,269

+UUDF:6C1DEBA42837,-55,14,16,0,30,"CCF9579B2233","",390016,270

+UUDF:6C1DEBA42837,-65,14,15,0,7,"CCF9579B2233","",390066,271

+UUDF:6C1DEBA42837,-59,14,14,0,33,"CCF9579B2233","",390116,272

+UUDF:6C1DEBA42837,-63,15,14,0,12,"CCF9579B2233","",390166,273

+UUDFP:6C1DEBA42837,19FF19000000D04E0900640000008F420D00330000000E6A0B00

+UUDF:6C1DEBA42837,-54,15,14,0,28,"CCF9579B2233","",390217,274

+UUDF:6C1DEBA42837,-55,16,13,0,36,"CCF9579B2233","",390266,275

+UUDF:6C1DEBA42837,-64,16,13,0,17,"CCF9579B2233","",390316,276

+UUDF:6C1DEBA42837,-61,16,13,0,11,"CCF9579B2233","",390366,277

+UUDF:6C1DEBA42837,-59,16,12,0,17,"CCF9579B2233","",390416,278

+UUDF:6C1DEBA42837,-71,17,13,0,0,"CCF9579B2233","",390516,280

+UUDF:6C1DEBA42837,-63,17,13,0,13,"CCF9579B2233","",390566,281

+UUDF:6C1DEBA42837,-69,18,13,0,19,"CCF9579B2233","",390616,282

+UUDF:6C1DEBA42837,-62,19,13,0,6,"CCF9579B2233","",390666,283

+UUDF:6C1DEBA42837,-60,19,13,0,29,"CCF9579B2233","",390716,284

+UUDF:6C1DEBA42837,-60,20,13,0,4,"CCF9579B2233","",390766,285

+UUDF:6C1DEBA42837,-63,20,13,0,2,"CCF9579B2233","",390816,286

+UUDF:6C1DEBA42837,-61,21,13,0,28,"CCF9579B2233","",390866,287

+UUDF:6C1DEBA42837,-61,21,13,0,28,"CCF9579B2233","",390916,288

+UUDF:6C1DEBA42837,-64,22,13,0,2,"CCF9579B2233","",390966,289

+UUDF:6C1DEBA42837,-60,23,13,0,32,"CCF9579B2233","",391016,290

+UUDF:6C1DEBA42837,-57,23,12,0,32,"CCF9579B2233","",391066,291

+UUDF:6C1DEBA42837,-74,22,11,0,7,"CCF9579B2233","",391166,293

+UUDFP:6C1DEBA42837,19FF19000000D04E0900640000008F420D00330000000E6A0B00

+UUDF:6C1DEBA42837,-61,24,12,0,20,"CCF9579B2233","",391217,294

+UUDF:6C1DEBA42837,-60,24,11,0,5,"CCF9579B2233","",391266,295

+UUDF:6C1DEBA42837,-63,24,10,0,19,"CCF9579B2233","",391316,296

+UUDF:6C1DEBA42837,-63,24,10,0,0,"CCF9579B2233","",391366,297

+UUDF:6C1DEBA42837,-57,25,9,0,25,"CCF9579B2233","",391416,298

+UUDF:6C1DEBA42837,-59,25,8,0,20,"CCF9579B2233","",391466,299

+UUDF:6C1DEBA42837,-68,24,7,0,9,"CCF9579B2233","",391516,300

+UUDF:6C1DEBA42837,-63,24,7,0,28,"CCF9579B2233","",391567,301

+UUDF:6C1DEBA42837,-64,25,7,0,16,"CCF9579B2233","",391617,302

+UUDF:6C1DEBA42837,-62,25,7,0,32,"CCF9579B2233","",391667,303

+UUDF:6C1DEBA42837,-67,26,8,0,2,"CCF9579B2233","",391717,304

+UUDF:6C1DEBA42837,-56,27,7,0,27,"CCF9579B2233","",391767,305

+UUDF:6C1DEBA42837,-63,28,6,0,2,"CCF9579B2233","",391817,306

+UUDF:6C1DEBA42837,-56,28,6,0,35,"CCF9579B2233","",391867,307

+UUDF:6C1DEBA42837,-59,29,6,0,26,"CCF9579B2233","",391917,308

+UUDF:6C1DEBA42837,-72,29,4,0,12,"CCF9579B2233","",391967,309

+UUDF:6C1DEBA42837,-75,30,2,0,13,"CCF9579B2233","",392017,310

+UUDF:6C1DEBA42837,-60,30,3,0,22,"CCF9579B2233","",392067,311

+UUDF:6C1DEBA42837,-59,30,4,0,22,"CCF9579B2233","",392117,312

+UUDF:6C1DEBA42837,-57,31,4,0,9,"CCF9579B2233","",392167,313

+UUDFP:6C1DEBA42837,19FF19000000E075090064000000DC410D0032000000607E0800

+UUDF:6C1DEBA42837,-56,31,4,0,31,"CCF9579B2233","",392217,314

+UUDF:6C1DEBA42837,-54,32,4,0,35,"CCF9579B2233","",392267,315

+UUDF:6C1DEBA42837,-55,32,5,0,30,"CCF9579B2233","",392317,316

+UUDF:6C1DEBA42837,-56,32,6,0,30,"CCF9579B2233","",392367,317

+UUDF:6C1DEBA42837,-62,32,5,0,16,"CCF9579B2233","",392417,318

+UUDF:6C1DEBA42837,-56,33,4,0,33,"CCF9579B2233","",392467,319

+UUDF:6C1DEBA42837,-60,34,5,0,12,"CCF9579B2233","",392567,321

+UUDF:6C1DEBA42837,-59,35,5,0,13,"CCF9579B2233","",392617,322

+UUDF:6C1DEBA42837,-57,36,6,0,12,"CCF9579B2233","",392667,323

+UUDF:6C1DEBA42837,-57,36,4,0,28,"CCF9579B2233","",392717,324

+UUDF:6C1DEBA42837,-59,37,6,0,14,"CCF9579B2233","",392767,325

+UUDF:6C1DEBA42837,-56,37,6,0,35,"CCF9579B2233","",392817,326

+UUDF:6C1DEBA42837,-56,37,6,0,35,"CCF9579B2233","",392867,327

+UUDF:6C1DEBA42837,-63,37,6,0,25,"CCF9579B2233","",392917,328

+UUDF:6C1DEBA42837,-72,38,4,0,12,"CCF9579B2233","",392967,329

+UUDF:6C1DEBA42837,-72,39,2,0,14,"CCF9579B2233","",393017,330

+UUDF:6C1DEBA42837,-82,39,0,0,13,"CCF9579B2233","",393067,331

+UUDF:6C1DEBA42837,-68,39,-1,0,7,"CCF9579B2233","",393117,332

+UUDF:6C1DEBA42837,-81,39,-3,0,14,"CCF9579B2233","",393167,333

+UUDFP:6C1DEBA42837,19FF19000000E075090064000000DC410D0032000000607E0800

+UUDF:6C1DEBA42837,-67,40,-1,0,22,"CCF9579B2233","",393217,334

+UUDF:6C1DEBA42837,-60,40,-1,0,32,"CCF9579B2233","",393267,335

+UUDF:6C1DEBA42837,-63,40,1,0,26,"CCF9579B2233","",393317,336

+UUDF:6C1DEBA42837,-72,40,-1,0,1,"CCF9579B2233","",393367,337

+UUDF:6C1DEBA42837,-61,39,-1,0,24,"CCF9579B2233","",393417,338

+UUDF:6C1DEBA42837,-59,39,0,0,32,"CCF9579B2233","",393467,339

+UUDF:6C1DEBA42837,-61,39,0,0,16,"CCF9579B2233","",393517,340

+UUDF:6C1DEBA42837,-59,39,1,0,27,"CCF9579B2233","",393567,341

+UUDF:6C1DEBA42837,-54,39,-1,0,35,"CCF9579B2233","",393617,342

+UUDF:6C1DEBA42837,-57,39,-1,0,28,"CCF9579B2233","",393667,343

+UUDF:6C1DEBA42837,-57,39,-1,0,15,"CCF9579B2233","",393717,344

+UUDF:6C1DEBA42837,-61,39,0,0,2,"CCF9579B2233","",393767,345

+UUDF:6C1DEBA42837,-62,39,-1,0,18,"CCF9579B2233","",393817,346

+UUDF:6C1DEBA42837,-60,39,-1,0,26,"CCF9579B2233","",393867,347

+UUDF:6C1DEBA42837,-58,39,0,0,31,"CCF9579B2233","",393917,348

+UUDF:6C1DEBA42837,-59,39,1,0,30,"CCF9579B2233","",393967,349

+UUDF:6C1DEBA42837,-63,39,1,0,16,"CCF9579B2233","",394017,350

+UUDF:6C1DEBA42837,-64,39,1,0,20,"CCF9579B2233","",394067,351

+UUDF:6C1DEBA42837,-60,39,1,0,29,"CCF9579B2233","",394117,352

+UUDF:6C1DEBA42837,-74,36,0,0,11,"CCF9579B2233","",394167,353

+UUDFP:6C1DEBA42837,19FF19000000E075090064000000DC410D0032000000607E0800

+UUDF:6C1DEBA42837,-66,35,0,0,2,"CCF9579B2233","",394217,354

+UUDF:6C1DEBA42837,-55,36,1,0,35,"CCF9579B2233","",394267,355

+UUDF:6C1DEBA42837,-59,36,2,0,28,"CCF9579B2233","",394317,356

+UUDF:6C1DEBA42837,-62,36,2,0,10,"CCF9579B2233","",394367,357

+UUDF:6C1DEBA42837,-60,35,3,0,25,"CCF9579B2233","",394417,358

+UUDF:6C1DEBA42837,-67,33,2,0,11,"CCF9579B2233","",394467,359

+UUDF:6C1DEBA42837,-54,34,3,0,33,"CCF9579B2233","",394517,360

+UUDF:6C1DEBA42837,-59,35,5,0,15,"CCF9579B2233","",394567,361

+UUDF:6C1DEBA42837,-56,35,4,0,26,"CCF9579B2233","",394617,362

+UUDF:6C1DEBA42837,-63,36,4,0,5,"CCF9579B2233","",394667,363

+UUDF:6C1DEBA42837,-60,36,4,0,24,"CCF9579B2233","",394717,364

+UUDF:6C1DEBA42837,-53,36,4,0,34,"CCF9579B2233","",394767,365

+UUDF:6C1DEBA42837,-61,36,5,0,8,"CCF9579B2233","",394817,366

+UUDF:6C1DEBA42837,-59,37,5,0,14,"CCF9579B2233","",394867,367

+UUDF:6C1DEBA42837,-61,36,4,0,8,"CCF9579B2233","",394917,368

+UUDF:6C1DEBA42837,-57,37,6,0,34,"CCF9579B2233","",394967,369

+UUDF:6C1DEBA42837,-63,35,6,0,22,"CCF9579B2233","",395017,370

+UUDF:6C1DEBA42837,-63,35,7,0,30,"CCF9579B2233","",395067,371

+UUDF:6C1DEBA42837,-61,34,7,0,25,"CCF9579B2233","",395117,372

+UUDF:6C1DEBA42837,-65,34,7,0,28,"CCF9579B2233","",395167,373

+UUDFP:6C1DEBA42837,19FF19000000E075090064000000DC410D0032000000607E0800

+UUDF:6C1DEBA42837,-57,33,8,0,29,"CCF9579B2233","",395217,374

+UUDF:6C1DEBA42837,-62,32,7,0,17,"CCF9579B2233","",395267,375

+UUDF:6C1DEBA42837,-62,32,7,0,11,"CCF9579B2233","",395317,376

+UUDF:6C1DEBA42837,-62,31,7,0,11,"CCF9579B2233","",395367,377

+UUDF:6C1DEBA42837,-54,30,7,0,27,"CCF9579B2233","",395417,378

+UUDF:6C1DEBA42837,-56,29,7,0,27,"CCF9579B2233","",395467,379

+UUDF:6C1DEBA42837,-54,29,7,0,36,"CCF9579B2233","",395517,380

+UUDF:6C1DEBA42837,-69,29,8,0,11,"CCF9579B2233","",395567,381

+UUDF:6C1DEBA42837,-52,28,8,0,33,"CCF9579B2233","",395617,382

+UUDF:6C1DEBA42837,-56,28,8,0,26,"CCF9579B2233","",395667,383

+UUDF:6C1DEBA42837,-62,27,9,0,4,"CCF9579B2233","",395717,384

+UUDF:6C1DEBA42837,-61,27,9,0,4,"CCF9579B2233","",395767,385

+UUDF:6C1DEBA42837,-74,26,9,0,13,"CCF9579B2233","",395817,386

+UUDF:6C1DEBA42837,-65,25,9,0,14,"CCF9579B2233","",395867,387

+UUDF:6C1DEBA42837,-59,25,9,0,20,"CCF9579B2233","",395917,388

+UUDF:6C1DEBA42837,-59,24,9,0,24,"CCF9579B2233","",396017,390

+UUDF:6C1DEBA42837,-56,24,9,0,28,"CCF9579B2233","",396067,391

+UUDF:6C1DEBA42837,-55,24,10,0,25,"CCF9579B2233","",396117,392

+UUDF:6C1DEBA42837,-66,23,10,0,10,"CCF9579B2233","",396167,393

+UUDFP:6C1DEBA42837,19FF19000000E075090064000000DC410D0032000000607E0800

+UUDF:6C1DEBA42837,-67,23,10,0,7,"CCF9579B2233","",396217,394

+UUDF:6C1DEBA42837,-53,23,10,0,31,"CCF9579B2233","",396267,395

+UUDF:6C1DEBA42837,-53,22,10,0,20,"CCF9579B2233","",396317,396

+UUDF:6C1DEBA42837,-53,22,11,0,20,"CCF9579B2233","",396367,397

+UUDF:6C1DEBA42837,-64,21,11,0,0,"CCF9579B2233","",396417,398

+UUDF:6C1DEBA42837,-57,21,11,0,36,"CCF9579B2233","",396467,399

+UUDF:6C1DEBA42837,-54,21,10,0,31,"CCF9579B2233","",396517,400

+UUDF:6C1DEBA42837,-56,21,11,0,26,"CCF9579B2233","",396567,401

+UUDF:6C1DEBA42837,-59,20,10,0,2,"CCF9579B2233","",396667,403

+UUDF:6C1DEBA42837,-60,19,10,0,33,"CCF9579B2233","",396717,404

+UUDF:6C1DEBA42837,-60,19,10,0,13,"CCF9579B2233","",396767,405

+UUDF:6C1DEBA42837,-69,18,10,0,5,"CCF9579B2233","",396817,406

+UUDF:6C1DEBA42837,-56,17,10,0,30,"CCF9579B2233","",396867,407

+UUDF:6C1DEBA42837,-62,17,10,0,15,"CCF9579B2233","",396917,408

+UUDF:6C1DEBA42837,-61,16,10,0,11,"CCF9579B2233","",396967,409

+UUDF:6C1DEBA42837,-64,15,9,0,2,"CCF9579B2233","",397017,410

+UUDF:6C1DEBA42837,-66,15,9,0,21,"CCF9579B2233","",397067,411

+UUDF:6C1DEBA42837,-64,14,9,0,0,"CCF9579B2233","",397117,412

+UUDF:6C1DEBA42837,-61,13,9,0,10,"CCF9579B2233","",397167,413

+UUDFP:6C1DEBA42837,19FF1900000000C4090064000000B0470D003100000067DF0400

+UUDF:6C1DEBA42837,-62,13,9,0,18,"CCF9579B2233","",397217,414

+UUDF:6C1DEBA42837,-57,12,9,0,23,"CCF9579B2233","",397267,415

+UUDF:6C1DEBA42837,-58,12,9,0,28,"CCF9579B2233","",397317,416

+UUDF:6C1DEBA42837,-63,11,9,0,16,"CCF9579B2233","",397367,417

+UUDF:6C1DEBA42837,-61,11,9,0,20,"CCF9579B2233","",397417,418

+UUDF:6C1DEBA42837,-62,10,9,0,12,"CCF9579B2233","",397467,419

+UUDF:6C1DEBA42837,-65,10,9,0,13,"CCF9579B2233","",397517,420

+UUDF:6C1DEBA42837,-70,9,9,0,30,"CCF9579B2233","",397567,421

+UUDF:6C1DEBA42837,-59,9,9,0,25,"CCF9579B2233","",397617,422

+UUDF:6C1DEBA42837,-60,8,8,0,23,"CCF9579B2233","",397717,424

+UUDF:6C1DEBA42837,-59,8,9,0,35,"CCF9579B2233","",397767,425

+UUDF:6C1DEBA42837,-60,7,9,0,23,"CCF9579B2233","",397817,426

+UUDF:6C1DEBA42837,-60,6,8,0,22,"CCF9579B2233","",397867,427

+UUDF:6C1DEBA42837,-62,6,8,0,30,"CCF9579B2233","",397917,428

+UUDF:6C1DEBA42837,-59,5,8,0,28,"CCF9579B2233","",397967,429

+UUDF:6C1DEBA42837,-55,5,8,0,17,"CCF9579B2233","",398017,430

+UUDF:6C1DEBA42837,-57,5,8,0,30,"CCF9579B2233","",398067,431

+UUDF:6C1DEBA42837,-59,4,8,0,27,"CCF9579B2233","",398117,432

+UUDF:6C1DEBA42837,-65,4,8,0,31,"CCF9579B2233","",398167,433
Q