
+UUDFP:6C1DEBA42837,19FF19000000E0570E00640000005A490D003700000024F40000

+UUDF:6C1DEBA42837,-57,1,0,0,27,"CCF9579B2233","",478557,23

+UUDF:6C1DEBA42837,-57,2,1,0,25,"CCF9579B2233","",478607,24

+UUDF:6C1DEBA42837,-60,2,1,0,0,"CCF9579B2233","",478657,25

+UUDF:6C1DEBA42837,-60,2,1,0,3,"CCF9579B2233","",478707,26

+UUDF:6C1DEBA42837,-54,3,1,0,31,"CCF9579B2233","",478757,27

+UUDF:6C1DEBA42837,-60,4,1,0,3,"CCF9579B2233","",478807,28

+UUDF:6C1DEBA42837,-59,4,1,0,5,"CCF9579B2233","",478857,29

+UUDF:6C1DEBA42837,-56,4,1,0,20,"CCF9579B2233","",478907,30

+UUDF:6C1DEBA42837,-55,7,2,0,26,"CCF9579B2233","",478957,31

+UUDF:6C1DEBA42837,-56,10,2,0,32,"CCF9579B2233","",479007,32

+UUDF:6C1DEBA42837,-55,11,3,0,22,"CCF9579B2233","",479057,33

+UUDF:6C1DEBA42837,-55,12,3,0,36,"CCF9579B2233","",479107,34

+UUDF:6C1DEBA42837,-57,11,5,0,6,"CCF9579B2233","",479157,35

+UUDF:6C1DEBA42837,-56,12,4,0,13,"CCF9579B2233","",479207,36

+UUDF:6C1DEBA42837,-54,12,4,0,34,"CCF9579B2233","",479257,37

+UUDF:6C1DEBA42837,-55,13,2,0,28,"CCF9579B2233","",479307,38

+UUDF:6C1DEBA42837,-58,12,4,0,7,"CCF9579B2233","",479357,39

+UUDF:6C1DEBA42837,-56,13,6,0,20,"CCF9579B2233","",479407,40

+UUDF:6C1DEBA42837,-56,14,6,0,13,"CCF9579B2233","",479457,41

+UUDFP:6C1DEBA42837,19FF19000000E0570E00640000005A490D003700000024F40000

+UUDF:6C1DEBA42837,-54,12,4,0,36,"CCF9579B2233","",479507,42

+UUDF:6C1DEBA42837,-57,11,4,0,23,"CCF9579B2233","",479557,43

+UUDF:6C1DEBA42837,-57,11,6,0,4,"CCF9579B2233","",479607,44

+UUDF:6C1DEBA42837,-57,12,7,0,5,"CCF9579B2233","",479657,45

+UUDF:6C1DEBA42837,-59,13,7,0,10,"CCF9579B2233","",479707,46

+UUDF:6C1DEBA42837,-58,12,6,0,1,"CCF9579B2233","",479757,47

+UUDF:6C1DEBA42837,-56,12,6,0,2,"CCF9579B2233","",479807,48

+UUDF:6C1DEBA42837,-57,12,6,0,19,"CCF9579B2233","",479857,49

+UUDF:6C1DEBA42837,-58,14,5,0,11,"CCF9579B2233","",479907,50

+UUDF:6C1DEBA42837,-58,15,6,0,15,"CCF9579B2233","",479957,51

+UUDF:6C1DEBA42837,-58,15,6,0,9,"CCF9579B2233","",480007,52

+UUDF:6C1DEBA42837,-58,14,5,0,25,"CCF9579B2233","",480057,53

+UUDF:6C1DEBA42837,-60,13,5,0,0,"CCF9579B2233","",480107,54

+UUDF:6C1DEBA42837,-59,12,6,0,5,"CCF9579B2233","",480157,55

+UUDF:6C1DEBA42837,-60,12,6,0,21,"CCF9579B2233","",480207,56

+UUDF:6C1DEBA42837,-62,12,7,0,20,"CCF9579B2233","",480257,57

+UUDF:6C1DEBA42837,-63,11,7,0,26,"CCF9579B2233","",480307,58

+UUDF:6C1DEBA42837,-61,10,8,0,23,"CCF9579B2233","",480357,59

+UUDF:6C1DEBA42837,-58,9,9,0,27,"CCF9579B2233","",480407,60

+UUDF:6C1DEBA42837,-56,7,10,0,29,"CCF9579B2233","",480457,61

+UUDFP:6C1DEBA42837,19FF19000000E0570E00640000005A490D003700000024F40000

+UUDF:6C1DEBA42837,-64,7,10,0,4,"CCF9579B2233","",480507,62

+UUDF:6C1DEBA42837,-52,5,14,0,35,"CCF9579B2233","",480557,63

+UUDF:6C1DEBA42837,-61,4,14,0,16,"CCF9579B2233","",480607,64

+UUDF:6C1DEBA42837,-58,7,16,0,7,"CCF9579B2233","",480657,65

+UUDF:6C1DEBA42837,-50,5,19,0,35,"CCF9579B2233","",480707,66

+UUDF:6C1DEBA42837,-58,7,21,0,6,"CCF9579B2233","",480757,67

+UUDF:6C1DEBA42837,-60,8,22,0,12,"CCF9579B2233","",480807,68

+UUDF:6C1DEBA42837,-59,9,22,0,6,"CCF9579B2233","",480857,69

+UUDF:6C1DEBA42837,-59,10,23,0,8,"CCF9579B2233","",480907,70

+UUDF:6C1DEBA42837,-59,11,23,0,15,"CCF9579B2233","",480957,71

+UUDF:6C1DEBA42837,-60,10,22,0,1,"CCF9579B2233","",481007,72

+UUDF:6C1DEBA42837,-59,11,23,0,15,"CCF9579B2233","",481057,73

+UUDF:6C1DEBA42837,-59,10,24,0,17,"CCF9579B2233","",481107,74

+UUDF:6C1DEBA42837,-55,6,22,0,30,"CCF9579B2233","",481157,75

+UUDF:6C1DEBA42837,-60,9,23,0,11,"CCF9579B2233","",481207,76

+UUDF:6C1DEBA42837,-53,7,23,0,36,"CCF9579B2233","",481257,77

+UUDF:6C1DEBA42837,-56,4,23,0,22,"CCF9579B2233","",481307,78

+UUDF:6C1DEBA42837,-60,4,24,0,13,"CCF9579B2233","",481357,79

+UUDF:6C1DEBA42837,-53,3,23,0,34,"CCF9579B2233","",481407,80

+UUDF:6C1DEBA42837,-59,6,24,0,5,"CCF9579B2233","",481457,81

+UUDFP:6C1DEBA42837,19FF19000000E0570E00640000005A490D003700000024F40000

+UUDF:6C1DEBA42837,-54,2,23,0,29,"CCF9579B2233","",481507,82

+UUDF:6C1DEBA42837,-53,-1,21,0,30,"CCF9579B2233","",481557,83

+UUDF:6C1DEBA42837,-60,1,23,0,7,"CCF9579B2233","",481607,84

+UUDF:6C1DEBA42837,-53,1,23,0,36,"CCF9579B2233","",481657,85

+UUDF:6C1DEBA42837,-55,-2,21,0,29,"CCF9579B2233","",481707,86

+UUDF:6C1DEBA42837,-56,-3,23,0,20,"CCF9579B2233","",481757,87

+UUDF:6C1DEBA42837,-60,0,26,0,6,"CCF9579B2233","",481807,88

+UUDF:6C1DEBA42837,-57,-4,25,0,30,"CCF9579B2233","",481857,89

+UUDF:6C1DEBA42837,-55,-3,26,0,21,"CCF9579B2233","",481907,90

+UUDF:6C1DEBA42837,-54,-3,26,0,22,"CCF9579B2233","",481957,91

+UUDF:6C1DEBA42837,-54,-3,26,0,21,"CCF9579B2233","",482007,92

+UUDF:6C1DEBA42837,-55,-3,26,0,30,"CCF9579B2233","",482057,93

+UUDF:6C1DEBA42837,-61,-4,26,0,5,"CCF9579B2233","",482107,94

+UUDF:6C1DEBA42837,-57,-4,26,0,33,"CCF9579B2233","",482157,95

+UUDF:6C1DEBA42837,-57,-4,26,0,36,"CCF9579B2233","",482207,96

+UUDF:6C1DEBA42837,-61,-4,26,0,6,"CCF9579B2233","",482257,97

+UUDF:6C1DEBA42837,-56,-4,27,0,35,"CCF9579B2233","",482307,98

+UUDF:6C1DEBA42837,-56,-5,27,0,22,"CCF9579B2233","",482357,99

+UUDF:6C1DEBA42837,-58,-2,27,0,22,"CCF9579B2233","",482407,100

+UUDF:6C1DEBA42837,-58,0,28,0,25,"CCF9579B2233","",482457,101

+UUDFP:6C1DEBA42837,19FF19000000E0570E00640000005A490D003700000024F40000

+UUDF:6C1DEBA42837,-68,0,28,0,13,"CCF9579B2233","",482507,102

+UUDF:6C1DEBA42837,-65,-1,28,0,8,"CCF9579B2233","",482557,103

+UUDF:6C1DEBA42837,-56,0,29,0,31,"CCF9579B2233","",482607,104

+UUDF:6C1DEBA42837,-58,1,30,0,31,"CCF9579B2233","",482657,105

+UUDF:6C1DEBA42837,-61,0,30,0,7,"CCF9579B2233","",482707,106

+UUDF:6C1DEBA42837,-58,0,30,0,36,"CCF9579B2233","",482757,107

+UUDF:6C1DEBA42837,-56,0,31,0,36,"CCF9579B2233","",482807,108

+UUDF:6C1DEBA42837,-58,1,32,0,29,"CCF9579B2233","",482857,109

+UUDF:6C1DEBA42837,-61,1,32,0,1,"CCF9579B2233","",482907,110

+UUDF:6C1DEBA42837,-56,0,32,0,25,"CCF9579B2233","",483007,112

+UUDF:6C1DEBA42837,-60,-1,31,0,13,"CCF9579B2233","",483057,113

+UUDF:6C1DEBA42837,-60,-1,31,0,12,"CCF9579B2233","",483107,114

+UUDF:6C1DEBA42837,-56,-2,31,0,27,"CCF9579B2233","",483157,115

+UUDF:6C1DEBA42837,-60,-3,31,0,11,"CCF9579B2233","",483207,116

+UUDF:6C1DEBA42837,-56,-1,31,0,35,"CCF9579B2233","",483257,117

+UUDF:6C1DEBA42837,-59,-1,30,0,19,"CCF9579B2233","",483307,118

+UUDF:6C1DEBA42837,-57,-2,30,0,26,"CCF9579B2233","",483357,119

+UUDF:6C1DEBA42837,-57,-2,30,0,20,"CCF9579B2233","",483407,120

+UUDF:6C1DEBA42837,-63,-2,30,0,2,"CCF9579B2233","",483457,121

+UUDFP:6C1DEBA42837,19FF1900000090940D0064000000233A0D0030000000850B0900

+UUDF:6C1DEBA42837,-59,-2,30,0,20,"CCF9579B2233","",483507,122

+UUDF:6C1DEBA42837,-62,-2,30,0,21,"CCF9579B2233","",483557,123

+UUDF:6C1DEBA42837,-70,-2,30,0,12,"CCF9579B2233","",483607,124

+UUDF:6C1DEBA42837,-61,-3,30,0,25,"CCF9579B2233","",483657,125

+UUDF:6C1DEBA42837,-70,-2,30,0,8,"CCF9579B2233","",483707,126

+UUDF:6C1DEBA42837,-76,-2,29,0,11,"CCF9579B2233","",483757,127

+UUDF:6C1DEBA42837,-61,-2,29,0,36,"CCF9579B2233","",483807,128

+UUDF:6C1DEBA42837,-58,-3,29,0,24,"CCF9579B2233","",483857,129

+UUDF:6C1DEBA42837,-55,-3,29,0,19,"CCF9579B2233","",483907,130

+UUDF:6C1DEBA42837,-55,-3,29,0,20,"CCF9579B2233","",483957,131

+UUDF:6C1DEBA42837,-61,-2,29,0,1,"CCF9579B2233","",484007,132

+UUDF:6C1DEBA42837,-55,-2,29,0,26,"CCF9579B2233","",484057,133

+UUDF:6C1DEBA42837,-54,-2,29,0,23,"CCF9579B2233","",484107,134

+UUDF:6C1DEBA42837,-62,-2,28,0,4,"CCF9579B2233","",484157,135

+UUDF:6C1DEBA42837,-52,-2,28,0,35,"CCF9579B2233","",484207,136

+UUDF:6C1DEBA42837,-55,-2,28,0,25,"CCF9579B2233","",484257,137

+UUDF:6C1DEBA42837,-55,-2,28,0,30,"CCF9579B2233","",484307,138

+UUDF:6C1DEBA42837,-54,-3,28,0,32,"CCF9579B2233","",484357,139

+UUDF:6C1DEBA42837,-58,-2,28,0,23,"CCF9579B2233","",484407,140

+UUDF:6C1DEBA42837,-63,-2,27,0,13,"CCF9579B2233","",484457,141

+UUDFP:6C1DEBA42837,19FF1900000090940D0064000000233A0D0030000000850B0900

+UUDF:6C1DEBA42837,-59,-1,27,0,23,"CCF9579B2233","",484508,142

+UUDF:6C1DEBA42837,-60,-1,26,0,23,"CCF9579B2233","",484557,143

+UUDF:6C1DEBA42837,-62,-1,26,0,13,"CCF9579B2233","",484607,144

+UUDF:6C1DEBA42837,-63,0,25,0,10,"CCF9579B2233","",484657,145

+UUDF:6C1DEBA42837,-61,0,25,0,9,"CCF9579B2233","",484707,146

+UUDF:6C1DEBA42837,-60,0,25,0,12,"CCF9579B2233","",484757,147

+UUDF:6C1DEBA42837,-62,1,24,0,10,"CCF9579B2233","",484807,148

+UUDF:6C1DEBA42837,-59,1,24,0,33,"CCF9579B2233","",484857,149

+UUDF:6C1DEBA42837,-60,1,24,0,33,"CCF9579B2233","",484907,150

+UUDF:6C1DEBA42837,-60,1,23,0,8,"CCF9579B2233","",484957,151

+UUDF:6C1DEBA42837,-59,2,23,0,6,"CCF9579B2233","",485007,152

+UUDF:6C1DEBA42837,-57,2,22,0,26,"CCF9579B2233","",485057,153

+UUDF:6C1DEBA42837,-55,2,22,0,21,"CCF9579B2233","",485107,154

+UUDF:6C1DEBA42837,-60,2,21,0,7,"CCF9579B2233","",485157,155

+UUDF:6C1DEBA42837,-61,2,21,0,6,"CCF9579B2233","",485207,156

+UUDF:6C1DEBA42837,-59,2,20,0,10,"CCF9579B2233","",485257,157

+UUDF:6C1DEBA42837,-55,2,20,0,26,"CCF9579B2233","",485307,158

+UUDF:6C1DEBA42837,-58,3,19,0,22,"CCF9579B2233","",485357,159

+UUDF:6C1DEBA42837,-62,3,19,0,14,"CCF9579B2233","",485407,160

+UUDF:6C1DEBA42837,-71,4,19,0,28,"CCF9579B2233","",485457,161

+UUDFP:6C1DEBA42837,19FF1900000090940D0064000000233A0D0030000000850B0900

+UUDF:6C1DEBA42837,-61,4,18,0,4,"CCF9579B2233","",485508,162

+UUDF:6C1DEBA42837,-62,4,18,0,34,"CCF9579B2233","",485557,163

+UUDF:6C1DEBA42837,-60,4,17,0,9,"CCF9579B2233","",485607,164

+UUDF:6C1DEBA42837,-60,4,17,0,25,"CCF9579B2233","",485657,165

+UUDF:6C1DEBA42837,-61,5,17,0,19,"CCF9579B2233","",485707,166

+UUDF:6C1DEBA42837,-60,5,16,0,30,"CCF9579B2233","",485757,167

+UUDF:6C1DEBA42837,-60,5,15,0,1,"CCF9579B2233","",485807,168

+UUDF:6C1DEBA42837,-56,5,15,0,35,"CCF9579B2233","",485858,169

+UUDF:6C1DEBA42837,-60,5,14,0,7,"CCF9579B2233","",485907,170

+UUDF:6C1DEBA42837,-56,5,13,0,33,"CCF9579B2233","",485958,171

+UUDF:6C1DEBA42837,-58,5,13,0,2,"CCF9579B2233","",486008,172

+UUDF:6C1DEBA42837,-59,5,13,0,19,"CCF9579B2233","",486058,173

+UUDF:6C1DEBA42837,-59,5,12,0,2,"CCF9579B2233","",486108,174

+UUDF:6C1DEBA42837,-59,5,12,0,15,"CCF9579B2233","",486158,175

+UUDF:6C1DEBA42837,-58,5,11,0,13,"CCF9579B2233","",486208,176

+UUDF:6C1DEBA42837,-60,5,11,0,15,"CCF9579B2233","",486258,177

+UUDF:6C1DEBA42837,-55,4,10,0,4,"CCF9579B2233","",486308,178

+UUDF:6C1DEBA42837,-58,4,9,0,1,"CCF9579B2233","",486358,179

+UUDF:6C1DEBA42837,-56,4,9,0,15,"CCF9579B2233","",486408,180

+UUDF:6C1DEBA42837,-55,4,9,0,15,"CCF9579B2233","",486458,181

+UUDFP:6C1DEBA42837,19FF1900000090940D0064000000233A0D0030000000850B0900

+UUDF:6C1DEBA42837,-53,4,8,0,34,"CCF9579B2233","",486508,182

+UUDF:6C1DEBA42837,-55,4,7,0,6,"CCF9579B2233","",486558,183

+UUDF:6C1DEBA42837,-59,3,7,0,10,"CCF9579B2233","",486608,184

+UUDF:6C1DEBA42837,-59,2,6,0,16,"CCF9579B2233","",486658,185

+UUDF:6C1DEBA42837,-58,2,6,0,22,"CCF9579B2233","",486708,186

+UUDF:6C1DEBA42837,-60,2,5,0,4,"CCF9579B2233","",486758,187

+UUDF:6C1DEBA42837,-63,2,5,0,32,"CCF9579B2233","",486808,188

+UUDF:6C1DEBA42837,-65,1,4,0,35,"CCF9579B2233","",486858,189

+UUDF:6C1DEBA42837,-70,0,4,0,16,"CCF9579B2233","",486908,190

+UUDF:6C1DEBA42837,-61,0,3,0,24,"CCF9579B2233","",486958,191

+UUDF:6C1DEBA42837,-66,0,2,0,15,"CCF9579B2233","",487008,192

+UUDF:6C1DEBA42837,-60,0,2,0,11,"CCF9579B2233","",487058,193

+UUDF:6C1DEBA42837,-76,0,1,0,36,"CCF9579B2233","",487108,194

+UUDF:6C1DEBA42837,-68,0,1,0,8,"CCF9579B2233","",487158,195

+UUDF:6C1DEBA42837,-66,-1,0,0,10,"CCF9579B2233","",487208,196

+UUDF:6C1DEBA42837,-62,-1,-1,0,23,"CCF9579B2233","",487258,197

+UUDF:6C1DEBA42837,-64,-2,-1,0,2,"CCF9579B2233","",487308,198

+UUDF:6C1DEBA42837,-63,-2,-2,0,20,"CCF9579B2233","",487358,199

+UUDF:6C1DEBA42837,-62,-2,-2,0,6,"CCF9579B2233","",487408,200

+UUDF:6C1DEBA42837,-61,-3,-2,0,6,"CCF9579B2233","",487458,201

+UUDFP:6C1DEBA42837,19FF1900000090940D0064000000233A0D0030000000850B0900

+UUDF:6C1DEBA42837,-60,-3,-3,0,18,"CCF9579B2233","",487508,202

+UUDF:6C1DEBA42837,-60,-4,-4,0,12,"CCF9579B2233","",487558,203

+UUDF:6C1DEBA42837,-61,-4,-5,0,10,"CCF9579B2233","",487608,204

+UUDF:6C1DEBA42837,-61,-5,-6,0,11,"CCF9579B2233","",487658,205

+UUDF:6C1DEBA42837,-61,-5,-6,0,18,"CCF9579B2233","",487708,206

+UUDF:6C1DEBA42837,-61,-5,-7,0,20,"CCF9579B2233","",487758,207

+UUDF:6C1DEBA42837,-66,-5,-7,0,13,"CCF9579B2233","",487808,208

+UUDF:6C1DEBA42837,-63,-5,-8,0,10,"CCF9579B2233","",487858,209

+UUDF:6C1DEBA42837,-63,-6,-8,0,4,"CCF9579B2233","",487908,210

+UUDF:6C1DEBA42837,-61,-6,-8,0,7,"CCF9579B2233","",487958,211

+UUDF:6C1DEBA42837,-58,-6,-9,0,33,"CCF9579B2233","",488008,212

+UUDF:6C1DEBA42837,-59,-7,-10,0,9,"CCF9579B2233","",488058,213

+UUDF:6C1DEBA42837,-58,-7,-10,0,21,"CCF9579B2233","",488108,214

+UUDF:6C1DEBA42837,-56,-7,-11,0,28,"CCF9579B2233","",488158,215

+UUDF:6C1DEBA42837,-58,-8,-11,0,23,"CCF9579B2233","",488208,216

+UUDF:6C1DEBA42837,-63,-8,-12,0,8,"CCF9579B2233","",488258,217

+UUDF:6C1DEBA42837,-63,-8,-12,0,6,"CCF9579B2233","",488308,218

+UUDF:6C1DEBA42837,-57,-9,-13,0,33,"CCF9579B2233","",488358,219

+UUDF:6C1DEBA42837,-56,-10,-14,0,31,"CCF9579B2233","",488408,220

+UUDF:6C1DEBA42837,-60,-10,-14,0,24,"CCF9579B2233","",488458,221

+UUDFP:6C1DEBA42837,19FF19000000B0E20D006400000097620D00320000006F940A00

+UUDF:6C1DEBA42837,-63,-10,-15,0,9,"CCF9579B2233","",488508,222

+UUDF:6C1DEBA42837,-61,-10,-15,0,12,"CCF9579B2233","",488558,223

+UUDF:6C1DEBA42837,-58,-11,-15,0,36,"CCF9579B2233","",488608,224

+UUDF:6C1DEBA42837,-59,-11,-16,0,34,"CCF9579B2233","",488658,225

+UUDF:6C1DEBA42837,-60,-11,-16,0,27,"CCF9579B2233","",488758,227

+UUDF:6C1DEBA42837,-62,-12,-16,0,36,"CCF9579B2233","",488808,228

+UUDF:6C1DEBA42837,-60,-12,-16,0,31,"CCF9579B2233","",488858,229

+UUDF:6C1DEBA42837,-68,-12,-16,0,5,"CCF9579B2233","",488908,230

+UUDF:6C1DEBA42837,-64,-12,-16,0,35,"CCF9579B2233","",488958,231

+UUDF:6C1DEBA42837,-63,-12,-16,0,12,"CCF9579B2233","",489008,232

+UUDF:6C1DEBA42837,-70,-11,-16,0,0,"CCF9579B2233","",489058,233

+UUDF:6C1DEBA42837,-63,-11,-15,0,29,"CCF9579B2233","",489108,234

+UUDF:6C1DEBA42837,-69,-10,-15,0,9,"CCF9579B2233","",489158,235

+UUDF:6C1DEBA42837,-67,-10,-15,0,32,"CCF9579B2233","",489208,236

+UUDF:6C1DEBA42837,-69,-9,-15,0,1,"CCF9579B2233","",489258,237

+UUDF:6C1DEBA42837,-70,-9,-15,0,3,"CCF9579B2233","",489308,238

+UUDF:6C1DEBA42837,-73,-9,-15,0,18,"CCF9579B2233","",489358,239

+UUDF:6C1DEBA42837,-69,-9,-16,0,12,"CCF9579B2233","",489408,240

+UUDF:6C1DEBA42837,-67,-9,-16,0,29,"CCF9579B2233","",489458,241

+UUDFP:6C1DEBA42837,19FF19000000B0E20D006400000097620D00320000006F940A00

+UUDF:6C1DEBA42837,-68,-8,-16,0,30,"CCF9579B2233","",489508,242

+UUDF:6C1DEBA42837,-70,-8,-16,0,8,"CCF9579B2233","",489558,243

+UUDF:6C1DEBA42837,-66,-7,-16,0,33,"CCF9579B2233","",489608,244

+UUDF:6C1DEBA42837,-71,-7,-16,0,13,"CCF9579B2233","",489658,245

+UUDF:6C1DEBA42837,-66,-7,-17,0,4,"CCF9579B2233","",489708,246

+UUDF:6C1DEBA42837,-66,-7,-17,0,2,"CCF9579B2233","",489758,247

+UUDF:6C1DEBA42837,-67,-6,-17,0,36,"CCF9579B2233","",489808,248

+UUDF:6C1DEBA42837,-63,-6,-17,0,5,"CCF9579B2233","",489858,249

+UUDF:6C1DEBA42837,-64,-6,-17,0,17,"CCF9579B2233","",489908,250

+UUDF:6C1DEBA42837,-73,-6,-17,0,26,"CCF9579B2233","",489958,251

+UUDF:6C1DEBA42837,-81,-5,-17,0,27,"CCF9579B2233","",490008,252

+UUDF:6C1DEBA42837,-72,-5,-17,0,13,"CCF9579B2233","",490058,253

+UUDF:6C1DEBA42837,-79,-5,-18,0,20,"CCF9579B2233","",490108,254

+UUDF:6C1DEBA42837,-65,-5,-18,0,29,"CCF9579B2233","",490158,255

+UUDF:6C1DEBA42837,-69,-5,-18,0,4,"CCF9579B2233","",490208,256

+UUDF:6C1DEBA42837,-67,-5,-17,0,4,"CCF9579B2233","",490258,257

+UUDF:6C1DEBA42837,-68,-6,-18,0,31,"CCF9579B2233","",490308,258

+UUDF:6C1DEBA42837,-65,-6,-18,0,4,"CCF9579B2233","",490358,259

+UUDF:6C1DEBA42837,-65,-6,-18,0,13,"CCF9579B2233","",490408,260

+UUDF:6C1DEBA42837,-68,-6,-18,0,0,"CCF9579B2233","",490458,261

+UUDFP:6C1DEBA42837,19FF19000000B0E20D006400000097620D00320000006F940A00

+UUDF:6C1DEBA42837,-59,-7,-19,0,34,"CCF9579B2233","",490508,262

+UUDF:6C1DEBA42837,-64,-7,-19,0,12,"CCF9579B2233","",490558,263

+UUDF:6C1DEBA42837,-56,-7,-19,0,29,"CCF9579B2233","",490608,264

+UUDF:6C1DEBA42837,-60,-7,-19,0,17,"CCF9579B2233","",490658,265

+UUDF:6C1DEBA42837,-60,-7,-19,0,34,"CCF9579B2233","",490708,266

+UUDF:6C1DEBA42837,-63,-7,-19,0,18,"CCF9579B2233","",490758,267

+UUDF:6C1DEBA42837,-60,-7,-19,0,13,"CCF9579B2233","",490808,268

+UUDF:6C1DEBA42837,-58,-6,-19,0,13,"CCF9579B2233","",490858,269

+UUDF:6C1DEBA42837,-66,-6,-19,0,24,"CCF9579B2233","",490908,270

+UUDF:6C1DEBA42837,-66,-7,-18,0,34,"CCF9579B2233","",490958,271

+UUDF:6C1DEBA42837,-61,-7,-18,0,21,"CCF9579B2233","",491058,273

+UUDF:6C1DEBA42837,-69,-7,-18,0,8,"CCF9579B2233","",491108,274

+UUDF:6C1DEBA42837,-69,-7,-18,0,12,"CCF9579B2233","",491158,275

+UUDF:6C1DEBA42837,-85,-7,-18,0,2,"CCF9579B2233","",491208,276

+UUDF:6C1DEBA42837,-63,-7,-17,0,19,"CCF9579B2233","",491258,277

+UUDF:6C1DEBA42837,-61,-7,-17,0,21,"CCF9579B2233","",491308,278

+UUDF:6C1DEBA42837,-54,-7,-16,0,32,"CCF9579B2233","",491358,279

+UUDF:6C1DEBA42837,-66,-6,-15,0,1,"CCF9579B2233","",491408,280

+UUDF:6C1DEBA42837,-65,-6,-14,0,3,"CCF9579B2233","",491458,281

+UUDFP:6C1DEBA42837,19FF19000000B0E20D006400000097620D00320000006F940A00

+UUDF:6C1DEBA42837,-61,-5,-14,0,26,"CCF9579B2233","",491558,283

+UUDF:6C1DEBA42837,-65,-5,-13,0,6,"CCF9579B2233","",491608,284

+UUDF:6C1DEBA42837,-60,-4,-12,0,0,"CCF9579B2233","",491658,285

+UUDF:6C1DEBA42837,-60,-4,-12,0,33,"CCF9579B2233","",491708,286

+UUDF:6C1DEBA42837,-59,-3,-11,0,31,"CCF9579B2233","",491758,287

+UUDF:6C1DEBA42837,-59,-3,-11,0,0,"CCF9579B2233","",491808,288

+UUDF:6C1DEBA42837,-56,-2,-10,0,12,"CCF9579B2233","",491858,289

+UUDF:6C1DEBA42837,-60,-1,-9,0,31,"CCF9579B2233","",491908,290

+UUDF:6C1DEBA42837,-59,-1,-9,0,19,"CCF9579B2233","",491958,291

+UUDF:6C1DEBA42837,-60,-1,-9,0,26,"CCF9579B2233","",492008,292

+UUDF:6C1DEBA42837,-56,0,-8,0,29,"CCF9579B2233","",492058,293

+UUDF:6C1DEBA42837,-60,-1,-8,0,24,"CCF9579B2233","",492108,294

+UUDF:6C1DEBA42837,-62,0,-7,0,20,"CCF9579B2233","",492158,295

+UUDF:6C1DEBA42837,-63,0,-6,0,25,"CCF9579B2233","",492208,296

+UUDF:6C1DEBA42837,-59,0,-6,0,26,"CCF9579B2233","",492258,297

+UUDF:6C1DEBA42837,-68,-1,-6,0,7,"CCF9579B2233","",492308,298

+UUDF:6C1DEBA42837,-55,0,-5,0,36,"CCF9579B2233","",492358,299

+UUDF:6C1DEBA42837,-57,0,-5,0,10,"CCF9579B2233","",492408,300

+UUDF:6C1DEBA42837,-58,1,-4,0,25,"CCF9579B2233","",492458,301

+UUDF:6C1DEBA42837,-57,1,-3,0,8,"CCF9579B2233","",492508,302

+UUDFP:6C1DEBA42837,19FF19000000B0E20D006400000097620D00320000006F940A00

+UUDF:6C1DEBA42837,-54,1,-3,0,14,"CCF9579B2233","",492558,303

+UUDF:6C1DEBA42837,-54,0,-3,0,15,"CCF9579B2233","",492608,304

+UUDF:6C1DEBA42837,-57,0,-2,0,9,"CCF9579B2233","",492658,305

+UUDF:6C1DEBA42837,-55,-1,-2,0,18,"CCF9579B2233","",492708,306

+UUDF:6C1DEBA42837,-55,1,-2,0,22,"CCF9579B2233","",492758,307

+UUDF:6C1DEBA42837,-59,2,-1,0,31,"CCF9579B2233","",492808,308

+UUDF:6C1DEBA42837,-54,3,0,0,26,"CCF9579B2233","",492858,309

+UUDF:6C1DEBA42837,-59,2,1,0,7,"CCF9579B2233","",492908,310

+UUDF:6C1DEBA42837,-57,1,1,0,12,"CCF9579B2233","",492958,311

+UUDF:6C1DEBA42837,-53,2,2,0,27,"CCF9579B2233","",493058,313

+UUDF:6C1DEBA42837,-64,1,3,0,2,"CCF9579B2233","",493108,314

+UUDF:6C1DEBA42837,-56,1,4,0,36,"CCF9579B2233","",493158,315

+UUDF:6C1DEBA42837,-55,1,5,0,32,"CCF9579B2233","",493208,316

+UUDF:6C1DEBA42837,-61,0,6,0,9,"CCF9579B2233","",493258,317

+UUDF:6C1DEBA42837,-59,-1,7,0,11,"CCF9579B2233","",493308,318

+UUDF:6C1DEBA42837,-58,-2,7,0,33,"CCF9579B2233","",493358,319

+UUDF:6C1DEBA42837,-59,-3,9,0,29,"CCF9579B2233","",493408,320

+UUDF:6C1DEBA42837,-56,-6,10,0,19,"CCF9579B2233","",493458,321

+UUDF:6C1DEBA42837,-58,-8,11,0,30,"CCF9579B2233","",493508,322

+UUDFP:6C1DEBA42837,19FF19000000B0E20D0064000000443F0D002E000000733B0D00

+UUDF:6C1DEBA42837,-56,-11,12,0,19,"CCF9579B2233","",493558,323

+UUDF:6C1DEBA42837,-55,-13,13,0,25,"CCF9579B2233","",493608,324

+UUDF:6C1DEBA42837,-63,-14,14,0,1,"CCF9579B2233","",493658,325

+UUDF:6C1DEBA42837,-63,-14,14,0,4,"CCF9579B2233","",493708,326

+UUDF:6C1DEBA42837,-54,-15,16,0,28,"CCF9579B2233","",493758,327

+UUDF:6C1DEBA42837,-50,-15,17,0,36,"CCF9579B2233","",493808,328

+UUDF:6C1DEBA42837,-70,-15,17,0,12,"CCF9579B2233","",493858,329

+UUDF:6C1DEBA42837,-56,-14,18,0,30,"CCF9579B2233","",493908,330

+UUDF:6C1DEBA42837,-55,-13,19,0,36,"CCF9579B2233","",493958,331

+UUDF:6C1DEBA42837,-64,-13,20,0,24,"CCF9579B2233","",494008,332

+UUDF:6C1DEBA42837,-65,-13,21,0,19,"CCF9579B2233","",494058,333

+UUDF:6C1DEBA42837,-64,-13,21,0,20,"CCF9579B2233","",494108,334

+UUDF:6C1DEBA42837,-67,-13,21,0,19,"CCF9579B2233","",494158,335

+UUDF:6C1DEBA42837,-57,-11,21,0,32,"CCF9579B2233","",494208,336

+UUDF:6C1DEBA42837,-59,-11,21,0,30,"CCF9579B2233","",494258,337

+UUDF:6C1DEBA42837,-61,-11,21,0,6,"CCF9579B2233","",494358,339

+UUDF:6C1DEBA42837,-71,-12,21,0,20,"CCF9579B2233","",494408,340

+UUDF:6C1DEBA42837,-67,-12,22,0,28,"CCF9579B2233","",494458,341

+UUDF:6C1DEBA42837,-65,-13,22,0,25,"CCF9579B2233","",494508,342

+UUDFP:6C1DEBA42837,19FF19000000B0E20D0064000000443F0D002E000000733B0D00

+UUDF:6C1DEBA42837,-66,-13,22,0,33,"CCF9579B2233","",494558,343

+UUDF:6C1DEBA42837,-66,-14,22,0,33,"CCF9579B2233","",494608,344

+UUDF:6C1DEBA42837,-71,-14,19,0,5,"CCF9579B2233","",494658,345

+UUDF:6C1DEBA42837,-68,-13,19,0,17,"CCF9579B2233","",494708,346

+UUDF:6C1DEBA42837,-66,-13,19,0,20,"CCF9579B2233","",494758,347

+UUDF:6C1DEBA42837,-67,-13,20,0,19,"CCF9579B2233","",494808,348

+UUDF:6C1DEBA42837,-65,-12,20,0,26,"CCF9579B2233","",494858,349

+UUDF:6C1DEBA42837,-69,-12,21,0,32,"CCF9579B2233","",494908,350

+UUDF:6C1DEBA42837,-77,-11,22,0,31,"CCF9579B2233","",494958,351

+UUDF:6C1DEBA42837,-78,-10,22,0,32,"CCF9579B2233","",495008,352

+UUDF:6C1DEBA42837,-74,-10,24,0,9,"CCF9579B2233","",495058,353

+UUDF:6C1DEBA42837,-62,-10,24,0,30,"CCF9579B2233","",495108,354

+UUDF:6C1DEBA42837,-64,-10,24,0,35,"CCF9579B2233","",495158,355

+UUDF:6C1DEBA42837,-62,-10,24,0,35,"CCF9579B2233","",495208,356

+UUDF:6C1DEBA42837,-66,-5,26,0,8,"CCF9579B2233","",495258,357

+UUDF:6C1DEBA42837,-65,-1,27,0,9,"CCF9579B2233","",495308,358

+UUDF:6C1DEBA42837,-59,-2,27,0,21,"CCF9579B2233","",495358,359

+UUDF:6C1DEBA42837,-60,-3,28,0,21,"CCF9579B2233","",495408,360

+UUDF:6C1DEBA42837,-73,-4,23,0,0,"CCF9579B2233","",495508,362

+UUDFP:6C1DEBA42837,19FF19000000B0E20D0064000000443F0D002E000000733B0D00

+UUDF:6C1DEBA42837,-64,-5,23,0,34,"CCF9579B2233","",495558,363

+UUDF:6C1DEBA42837,-69,-6,23,0,34,"CCF9579B2233","",495608,364

+UUDF:6C1DEBA42837,-62,-6,24,0,32,"CCF9579B2233","",495658,365

+UUDF:6C1DEBA42837,-61,-7,24,0,34,"CCF9579B2233","",495708,366

+UUDF:6C1DEBA42837,-58,-7,24,0,25,"CCF9579B2233","",495758,367

+UUDF:6C1DEBA42837,-56,-8,24,0,31,"CCF9579B2233","",495808,368

+UUDF:6C1DEBA42837,-75,-8,23,0,9,"CCF9579B2233","",495858,369

+UUDF:6C1DEBA42837,-75,-8,21,0,10,"CCF9579B2233","",495908,370

+UUDF:6C1DEBA42837,-61,-8,22,0,24,"CCF9579B2233","",495958,371

+UUDF:6C1DEBA42837,-62,-8,22,0,24,"CCF9579B2233","",496008,372

+UUDF:6C1DEBA42837,-64,-8,24,0,6,"CCF9579B2233","",496058,373

+UUDF:6C1DEBA42837,-81,-8,20,0,15,"CCF9579B2233","",496109,374

+UUDF:6C1DEBA42837,-65,-8,21,0,2,"CCF9579B2233","",496158,375

+UUDF:6C1DEBA42837,-69,-8,18,0,18,"CCF9579B2233","",496208,376

+UUDF:6C1DEBA42837,-52,-8,19,0,36,"CCF9579B2233","",496258,377

+UUDF:6C1DEBA42837,-60,-8,20,0,24,"CCF9579B2233","",496308,378

+UUDF:6C1DEBA42837,-56,-9,20,0,27,"CCF9579B2233","",496358,379

+UUDF:6C1DEBA42837,-69,-10,22,0,9,"CCF9579B2233","",496408,380

+UUDF:6C1DEBA42837,-62,-10,24,0,21,"CCF9579B2233","",496458,381

+UUDFP:6C1DEBA42837,19FF19000000B0E20D0064000000443F0D002E000000733B0D00

+UUDF:6C1DEBA42837,-68,-13,26,0,8,"CCF9579B2233","",496559,383

+UUDF:6C1DEBA42837,-72,-13,27,0,2,"CCF9579B2233","",496608,384

+UUDF:6C1DEBA42837,-56,-13,27,0,27,"CCF9579B2233","",496658,385

+UUDF:6C1DEBA42837,-55,-14,27,0,32,"CCF9579B2233","",496708,386

+UUDF:6C1DEBA42837,-56,-14,28,0,25,"CCF9579B2233","",496758,387

+UUDF:6C1DEBA42837,-62,-14,29,0,14,"CCF9579B2233","",496808,388

+UUDF:6C1DEBA42837,-55,-14,29,0,30,"CCF9579B2233","",496858,389

+UUDF:6C1DEBA42837,-55,-15,29,0,36,"CCF9579B2233","",496908,390

+UUDF:6C1DEBA42837,-69,-15,30,0,4,"CCF9579B2233","",497008,392

+UUDF:6C1DEBA42837,-59,-15,30,0,23,"CCF9579B2233","",497058,393

+UUDF:6C1DEBA42837,-54,-16,31,0,27,"CCF9579B2233","",497108,394

+UUDF:6C1DEBA42837,-56,-16,32,0,24,"CCF9579B2233","",497158,395

+UUDF:6C1DEBA42837,-58,-16,33,0,19,"CCF9579B2233","",497208,396

+UUDF:6C1DEBA42837,-62,-16,33,0,33,"CCF9579B2233","",497258,397

+UUDF:6C1DEBA42837,-58,-17,34,0,20,"CCF9579B2233","",497308,398

+UUDF:6C1DEBA42837,-63,-17,34,0,21,"CCF9579B2233","",497358,399

+UUDF:6C1DEBA42837,-62,-17,35,0,9,"CCF9579B2233","",497408,400

+UUDF:6C1DEBA42837,-65,-17,36,0,6,"CCF9579B2233","",497458,401

+UUDF:6C1DEBA42837,-66,-18,37,0,6,"CCF9579B2233","",497508,402

+UUDFP:6C1DEBA42837,19FF19000000B0E20D0064000000443F0D002E000000733B0D00

+UUDF:6C1DEBA42837,-63,-18,38,0,10,"CCF9579B2233","",497559,403

+UUDF:6C1DEBA42837,-62,-18,38,0,14,"CCF9579B2233","",497608,404

+UUDF:6C1DEBA42837,-57,-18,38,0,25,"CCF9579B2233","",497658,405

+UUDF:6C1DEBA42837,-59,-18,38,0,9,"CCF9579B2233","",497708,406

+UUDF:6C1DEBA42837,-59,-18,38,0,4,"CCF9579B2233","",497758,407

+UUDF:6C1DEBA42837,-59,-17,38,0,19,"CCF9579B2233","",497808,408

+UUDF:6C1DEBA42837,-59,-17,38,0,29,"CCF9579B2233","",497858,409

+UUDF:6C1DEBA42837,-55,-16,39,0,27,"CCF9579B2233","",497958,411

+UUDF:6C1DEBA42837,-54,-16,39,0,33,"CCF9579B2233","",498008,412

+UUDF:6C1DEBA42837,-59,-16,39,0,5,"CCF9579B2233","",498058,413

+UUDF:6C1DEBA42837,-60,-16,39,0,2,"CCF9579B2233","",498108,414

+UUDF:6C1DEBA42837,-61,-16,39,0,18,"CCF9579B2233","",498158,415

+UUDF:6C1DEBA42837,-53,-16,39,0,27,"CCF9579B2233","",498208,416

+UUDF:6C1DEBA42837,-54,-16,39,0,27,"CCF9579B2233","",498258,417

+UUDF:6C1DEBA42837,-62,-16,39,0,17,"CCF9579B2233","",498308,418

+UUDF:6C1DEBA42837,-55,-16,39,0,30,"CCF9579B2233","",498358,419

+UUDF:6C1DEBA42837,-56,-16,39,0,26,"CCF9579B2233","",498408,420

+UUDF:6C1DEBA42837,-56,-16,38,0,33,"CCF9579B2233","",498458,421

+UUDF:6C1DEBA42837,-58,-15,38,0,32,"CCF9579B2233","",498508,422

+UUDFP:6C1DEBA42837,19FF19000000F07E0E00640000005A290D002E00000015880300

+UUDF:6C1DEBA42837,-62,-15,37,0,26,"CCF9579B2233","",498559,423

+UUDF:6C1DEBA42837,-61,-16,37,0,14,"CCF9579B2233","",498608,424

+UUDF:6C1DEBA42837,-79,-15,36,0,3,"CCF9579B2233","",498658,425

+UUDF:6C1DEBA42837,-59,-15,36,0,20,"CCF9579B2233","",498708,426

+UUDF:6C1DEBA42837,-62,-14,36,0,28,"CCF9579B2233","",498758,427

+UUDF:6C1DEBA42837,-61,-14,35,0,14,"CCF9579B2233","",498808,428

+UUDF:6C1DEBA42837,-67,-13,35,0,7,"CCF9579B2233","",498858,429

+UUDF:6C1DEBA42837,-61,-12,35,0,15,"CCF9579B2233","",498908,430

+UUDF:6C1DEBA42837,-63,-11,34,0,11,"CCF9579B2233","",498959,431

+UUDF:6C1DEBA42837,-57,-11,34,0,25,"CCF9579B2233","",499009,432

+UUDF:6C1DEBA42837,-61,-10,34,0,14,"CCF9579B2233","",499059,433

+UUDF:6C1DEBA42837,-57,-8,34,0,17,"CCF9579B2233","",499109,434

+UUDF:6C1DEBA42837,-60,-8,33,0,28,"CCF9579B2233","",499159,435

+UUDF:6C1DEBA42837,-60,-7,33,0,20,"CCF9579B2233","",499209,436

+UUDF:6C1DEBA42837,-56,-7,32,0,32,"CCF9579B2233","",499259,437

+UUDF:6C1DEBA42837,-55,-7,32,0,32,"CCF9579B2233","",499309,438

+UUDF:6C1DEBA42837,-55,-7,31,0,33,"CCF9579B2233","",499359,439

+UUDF:6C1DEBA42837,-65,-7,30,0,8,"CCF9579B2233","",499409,440

+UUDF:6C1DEBA42837,-65,-7,29,0,6,"CCF9579B2233","",499459,441

+UUDF:6C1DEBA42837,-58,-6,29,0,20,"CCF9579B2233","",499509,442

+UUDFP:6C1DEBA42837,19FF19000000F07E0E00640000005A290D002E00000015880300

+UUDF:6C1DEBA42837,-58,-6,29,0,25,"CCF9579B2233","",499559,443

+UUDF:6C1DEBA42837,-58,-6,28,0,20,"CCF9579B2233","",499609,444

+UUDF:6C1DEBA42837,-56,-5,28,0,31,"CCF9579B2233","",499659,445

+UUDF:6C1DEBA42837,-57,-5,27,0,23,"CCF9579B2233","",499709,446

+UUDF:6C1DEBA42837,-60,-4,26,0,14,"CCF9579B2233","",499759,447

+UUDF:6C1DEBA42837,-59,-3,25,0,18,"CCF9579B2233","",499809,448

+UUDF:6C1DEBA42837,-60,-3,25,0,24,"CCF9579B2233","",499859,449

+UUDF:6C1DEBA42837,-60,-3,24,0,12,"CCF9579B2233","",499909,450

+UUDF:6C1DEBA42837,-63,-3,23,0,4,"CCF9579B2233","",499959,451

+UUDF:6C1DEBA42837,-60,-3,22,0,14,"CCF9579B2233","",500009,452

+UUDF:6C1DEBA42837,-60,-2,21,0,36,"CCF9579B2233","",500059,453

+UUDF:6C1DEBA42837,-62,-3,20,0,15,"CCF9579B2233","",500109,454

+UUDF:6C1DEBA42837,-69,-3,20,0,12,"CCF9579B2233","",500209,456

+UUDF:6C1DEBA42837,-71,-2,19,0,4,"CCF9579B2233","",500259,457

+UUDF:6C1DEBA42837,-61,-2,18,0,24,"CCF9579B2233","",500309,458

+UUDF:6C1DEBA42837,-82,-2,18,0,6,"CCF9579B2233","",500409,460

+UUDF:6C1DEBA42837,-75,-1,17,0,8,"CCF9579B2233","",500459,461

+UUDF:6C1DEBA42837,-59,-1,17,0,15,"CCF9579B2233","",500509,462

+UUDFP:6C1DEBA42837,19FF19000000F07E0E00640000005A290D002E00000015880300

+UUDF:6C1DEBA42837,-59,-1,17,0,18,"CCF9579B2233","",500559,463

+UUDF:6C1DEBA42837,-65,-1,16,0,9,"CCF9579B2233","",500609,464

+UUDF:6C1DEBA42837,-60,-1,16,0,16,"CCF9579B2233","",500659,465

+UUDF:6C1DEBA42837,-62,-1,15,0,1,"CCF9579B2233","",500709,466

+UUDF:6C1DEBA42837,-60,-1,14,0,12,"CCF9579B2233","",500759,467

+UUDF:6C1DEBA42837,-63,-1,13,0,21,"CCF9579B2233","",500809,468

+UUDF:6C1DEBA42837,-58,-1,12,0,15,"CCF9579B2233","",500859,469

+UUDF:6C1DEBA42837,-59,-1,12,0,27,"CCF9579B2233","",500909,470

+UUDF:6C1DEBA42837,-60,-1,11,0,26,"CCF9579B2233","",500959,471

+UUDF:6C1DEBA42837,-56,-1,10,0,36,"CCF9579B2233","",501009,472

+UUDF:6C1DEBA42837,-63,-1,9,0,21,"CCF9579B2233","",501059,473

+UUDF:6C1DEBA42837,-62,-1,9,0,19,"CCF9579B2233","",501109,474

+UUDF:6C1DEBA42837,-60,-1,8,0,4,"CCF9579B2233","",501159,475

+UUDF:6C1DEBA42837,-64,-1,7,0,21,"CCF9579B2233","",501209,476

+UUDF:6C1DEBA42837,-60,-1,7,0,28,"CCF9579B2233","",501259,477

+UUDF:6C1DEBA42837,-65,-1,7,0,22,"CCF9579B2233","",501309,478

+UUDF:6C1DEBA42837,-61,0,7,0,12,"CCF9579B2233","",501409,480

+UUDF:6C1DEBA42837,-60,0,6,0,0,"CCF9579B2233","",501459,481

+UUDF:6C1DEBA42837,-64,0,6,0,2,"CCF9579B2233","",501509,482

+UUDFP:6C1DEBA42837,19FF19000000F07E0E00640000005A290D002E00000015880300

+UUDF:6C1DEBA42837,-61,0,6,0,23,"CCF9579B2233","",501559,483

+UUDF:6C1DEBA42837,-54,0,4,0,26,"CCF9579B2233","",501609,484

+UUDF:6C1DEBA42837,-60,1,3,0,2,"CCF9579B2233","",501659,485

+UUDF:6C1DEBA42837,-59,0,2,0,18,"CCF9579B2233","",501709,486

+UUDF:6C1DEBA42837,-64,1,1,0,3,"CCF9579B2233","",501759,487