
+UUDFP:6C1DEBA42837,19FF18000000B01E040064000000EF4E0D00360000007C780D00

+UUDF:6C1DEBA42837,-61,-1,0,0,30,"CCF9579B2233","",132676,10

+UUDF:6C1DEBA42837,-71,-1,0,0,3,"CCF9579B2233","",132726,11

+UUDF:6C1DEBA42837,-57,-1,0,0,34,"CCF9579B2233","",132776,12

+UUDF:6C1DEBA42837,-60,-2,1,0,30,"CCF9579B2233","",132826,13

+UUDF:6C1DEBA42837,-59,-3,1,0,30,"CCF9579B2233","",132926,15

+UUDF:6C1DEBA42837,-68,-3,2,0,19,"CCF9579B2233","",132976,16

+UUDF:6C1DEBA42837,-63,-1,1,0,11,"CCF9579B2233","",133026,17

+UUDF:6C1DEBA42837,-62,-1,1,0,22,"CCF9579B2233","",133076,18

+UUDF:6C1DEBA42837,-67,3,0,0,4,"CCF9579B2233","",133126,19

+UUDF:6C1DEBA42837,-56,3,1,0,36,"CCF9579B2233","",133227,21

+UUDF:6C1DEBA42837,-67,3,1,0,0,"CCF9579B2233","",133276,22

+UUDF:6C1DEBA42837,-69,4,1,0,2,"CCF9579B2233","",133326,23

+UUDF:6C1DEBA42837,-59,3,2,0,36,"CCF9579B2233","",133376,24

+UUDF:6C1DEBA42837,-65,2,3,0,20,"CCF9579B2233","",133426,25

+UUDF:6C1DEBA42837,-67,1,4,0,18,"CCF9579B2233","",133476,26

+UUDF:6C1DEBA42837,-63,1,4,0,35,"CCF9579B2233","",133526,27

+UUDF:6C1DEBA42837,-70,0,4,0,21,"CCF9579B2233","",133576,28

+UUDF:6C1DEBA42837,-69,-1,5,0,21,"CCF9579B2233","",133626,29

+UUDFP:6C1DEBA42837,19FF18000000B01E040064000000EF4E0D00360000007C780D00

+UUDF:6C1DEBA42837,-67,-1,5,0,1,"CCF9579B2233","",133677,30

+UUDF:6C1DEBA42837,-66,-1,6,0,16,"CCF9579B2233","",133726,31

+UUDF:6C1DEBA42837,-65,-4,6,0,10,"CCF9579B2233","",133776,32

+UUDF:6C1DEBA42837,-59,-2,7,0,13,"CCF9579B2233","",133876,34

+UUDF:6C1DEBA42837,-61,-3,7,0,0,"CCF9579B2233","",133926,35

+UUDF:6C1DEBA42837,-60,-1,8,0,24,"CCF9579B2233","",133976,36

+UUDF:6C1DEBA42837,-62,1,9,0,26,"CCF9579B2233","",134026,37

+UUDF:6C1DEBA42837,-59,3,10,0,21,"CCF9579B2233","",134076,38

+UUDF:6C1DEBA42837,-57,2,11,0,4,"CCF9579B2233","",134127,39

+UUDF:6C1DEBA42837,-57,2,12,0,32,"CCF9579B2233","",134176,40

+UUDF:6C1DEBA42837,-62,-4,13,0,16,"CCF9579B2233","",134226,41

+UUDF:6C1DEBA42837,-60,-7,14,0,35,"CCF9579B2233","",134276,42

+UUDF:6C1DEBA42837,-61,-8,15,0,29,"CCF9579B2233","",134326,43

+UUDF:6C1DEBA42837,-61,-10,14,0,27,"CCF9579B2233","",134376,44

+UUDF:6C1DEBA42837,-59,-13,14,0,29,"CCF9579B2233","",134426,45

+UUDF:6C1DEBA42837,-69,-12,16,0,22,"CCF9579B2233","",134476,46

+UUDF:6C1DEBA42837,-66,-11,18,0,22,"CCF9579B2233","",134526,47

+UUDF:6C1DEBA42837,-64,-9,19,0,22,"CCF9579B2233","",134576,48

+UUDF:6C1DEBA42837,-55,-10,18,0,32,"CCF9579B2233","",134627,49

+UUDFP:6C1DEBA42837,19FF18000000B01E040064000000EF4E0D00360000007C780D00

+UUDF:6C1DEBA42837,-62,-11,17,0,11,"CCF9579B2233","",134677,50

+UUDF:6C1DEBA42837,-63,-6,18,0,2,"CCF9579B2233","",134727,51

+UUDF:6C1DEBA42837,-54,-5,22,0,36,"CCF9579B2233","",134777,52

+UUDF:6C1DEBA42837,-65,-3,20,0,21,"CCF9579B2233","",134827,53

+UUDF:6C1DEBA42837,-56,-4,16,0,35,"CCF9579B2233","",134877,54

+UUDF:6C1DEBA42837,-64,-2,14,0,20,"CCF9579B2233","",134927,55

+UUDF:6C1DEBA42837,-63,-2,15,0,10,"CCF9579B2233","",134977,56

+UUDF:6C1DEBA42837,-65,-3,16,0,6,"CCF9579B2233","",135027,57

+UUDF:6C1DEBA42837,-63,-4,16,0,10,"CCF9579B2233","",135077,58

+UUDF:6C1DEBA42837,-65,-2,19,0,20,"CCF9579B2233","",135127,59

+UUDF:6C1DEBA42837,-54,-6,21,0,34,"CCF9579B2233","",135177,60

+UUDF:6C1DEBA42837,-66,-6,22,0,21,"CCF9579B2233","",135227,61

+UUDF:6C1DEBA42837,-62,-8,23,0,22,"CCF9579B2233","",135277,62

+UUDF:6C1DEBA42837,-66,-9,20,0,6,"CCF9579B2233","",135327,63

+UUDF:6C1DEBA42837,-59,-10,21,0,23,"CCF9579B2233","",135377,64

+UUDF:6C1DEBA42837,-73,-10,17,0,1,"CCF9579B2233","",135427,65

+UUDF:6C1DEBA42837,-56,-12,18,0,32,"CCF9579B2233","",135477,66

+UUDF:6C1DEBA42837,-62,-14,19,0,9,"CCF9579B2233","",135527,67

+UUDF:6C1DEBA42837,-59,-16,20,0,27,"CCF9579B2233","",135577,68

+UUDF:6C1DEBA42837,-60,-18,21,0,27,"CCF9579B2233","",135627,69

+UUDFP:6C1DEBA42837,19FF18000000B01E040064000000EF4E0D00360000007C780D00

+UUDF:6C1DEBA42837,-74,-13,24,0,0,"CCF9579B2233","",135677,70

+UUDF:6C1DEBA42837,-57,-13,26,0,18,"CCF9579B2233","",135727,71

+UUDF:6C1DEBA42837,-74,-8,29,0,2,"CCF9579B2233","",135777,72

+UUDF:6C1DEBA42837,-59,-10,28,0,32,"CCF9579B2233","",135827,73

+UUDF:6C1DEBA42837,-73,-6,30,0,2,"CCF9579B2233","",135877,74

+UUDF:6C1DEBA42837,-63,-8,29,0,24,"CCF9579B2233","",135927,75

+UUDF:6C1DEBA42837,-59,-11,29,0,35,"CCF9579B2233","",135977,76

+UUDF:6C1DEBA42837,-73,-7,31,0,2,"CCF9579B2233","",136027,77

+UUDF:6C1DEBA42837,-60,-10,30,0,31,"CCF9579B2233","",136077,78

+UUDF:6C1DEBA42837,-66,-13,31,0,5,"CCF9579B2233","",136127,79

+UUDF:6C1DEBA42837,-61,-14,30,0,22,"CCF9579B2233","",136177,80

+UUDF:6C1DEBA42837,-62,-16,28,0,10,"CCF9579B2233","",136227,81

+UUDF:6C1DEBA42837,-73,-12,30,0,1,"CCF9579B2233","",136277,82

+UUDF:6C1DEBA42837,-58,-14,29,0,20,"CCF9579B2233","",136327,83

+UUDF:6C1DEBA42837,-61,-15,28,0,10,"CCF9579B2233","",136377,84

+UUDF:6C1DEBA42837,-60,-16,28,0,11,"CCF9579B2233","",136427,85

+UUDF:6C1DEBA42837,-79,-14,29,0,0,"CCF9579B2233","",136477,86

+UUDF:6C1DEBA42837,-66,-15,29,0,24,"CCF9579B2233","",136527,87

+UUDF:6C1DEBA42837,-58,-17,29,0,31,"CCF9579B2233","",136577,88

+UUDF:6C1DEBA42837,-63,-18,29,0,23,"CCF9579B2233","",136627,89

+UUDFP:6C1DEBA42837,19FF18000000B01E040064000000EF4E0D00360000007C780D00

+UUDF:6C1DEBA42837,-56,-20,28,0,17,"CCF9579B2233","",136677,90

+UUDF:6C1DEBA42837,-61,-22,29,0,6,"CCF9579B2233","",136727,91

+UUDF:6C1DEBA42837,-60,-23,29,0,29,"CCF9579B2233","",136777,92

+UUDF:6C1DEBA42837,-59,-24,29,0,20,"CCF9579B2233","",136827,93

+UUDF:6C1DEBA42837,-60,-25,30,0,6,"CCF9579B2233","",136877,94

+UUDF:6C1DEBA42837,-60,-26,30,0,29,"CCF9579B2233","",136927,95

+UUDF:6C1DEBA42837,-66,-26,30,0,26,"CCF9579B2233","",136977,96

+UUDF:6C1DEBA42837,-57,-26,30,0,16,"CCF9579B2233","",137027,97

+UUDF:6C1DEBA42837,-57,-26,30,0,32,"CCF9579B2233","",137077,98

+UUDF:6C1DEBA42837,-69,-27,30,0,24,"CCF9579B2233","",137127,99

+UUDF:6C1DEBA42837,-60,-27,29,0,11,"CCF9579B2233","",137177,100

+UUDF:6C1DEBA42837,-67,-27,29,0,25,"CCF9579B2233","",137227,101

+UUDF:6C1DEBA42837,-62,-27,29,0,28,"CCF9579B2233","",137277,102

+UUDF:6C1DEBA42837,-56,-27,29,0,35,"CCF9579B2233","",137327,103

+UUDF:6C1DEBA42837,-61,-27,29,0,20,"CCF9579B2233","",137377,104

+UUDF:6C1DEBA42837,-58,-27,29,0,18,"CCF9579B2233","",137427,105

+UUDF:6C1DEBA42837,-65,-27,29,0,26,"CCF9579B2233","",137477,106

+UUDF:6C1DEBA42837,-60,-27,29,0,12,"CCF9579B2233","",137527,107

+UUDF:6C1DEBA42837,-61,-27,28,0,20,"CCF9579B2233","",137577,108

+UUDF:6C1DEBA42837,-55,-27,29,0,34,"CCF9579B2233","",137627,109

+UUDFP:6C1DEBA42837,19FF18000000D0FB010064000000D4320D003400000012670900

+UUDF:6C1DEBA42837,-60,-27,29,0,29,"CCF9579B2233","",137677,110

+UUDF:6C1DEBA42837,-60,-28,29,0,7,"CCF9579B2233","",137727,111

+UUDF:6C1DEBA42837,-66,-28,28,0,22,"CCF9579B2233","",137777,112

+UUDF:6C1DEBA42837,-59,-28,28,0,14,"CCF9579B2233","",137827,113

+UUDF:6C1DEBA42837,-66,-28,29,0,0,"CCF9579B2233","",137877,114

+UUDF:6C1DEBA42837,-59,-29,28,0,6,"CCF9579B2233","",137927,115

+UUDF:6C1DEBA42837,-62,-30,29,0,1,"CCF9579B2233","",137977,116

+UUDF:6C1DEBA42837,-59,-30,29,0,22,"CCF9579B2233","",138027,117

+UUDF:6C1DEBA42837,-57,-31,29,0,6,"CCF9579B2233","",138077,118

+UUDF:6C1DEBA42837,-59,-32,29,0,4,"CCF9579B2233","",138127,119

+UUDF:6C1DEBA42837,-54,-33,29,0,27,"CCF9579B2233","",138177,120

+UUDF:6C1DEBA42837,-53,-29,29,0,31,"CCF9579B2233","",138227,121

+UUDF:6C1DEBA42837,-53,-26,29,0,32,"CCF9579B2233","",138277,122

+UUDF:6C1DEBA42837,-57,-26,30,0,13,"CCF9579B2233","",138327,123

+UUDF:6C1DEBA42837,-53,-26,31,0,29,"CCF9579B2233","",138377,124

+UUDF:6C1DEBA42837,-56,-26,27,0,18,"CCF9579B2233","",138427,125

+UUDF:6C1DEBA42837,-56,-27,23,0,16,"CCF9579B2233","",138477,126

+UUDF:6C1DEBA42837,-64,-26,19,0,6,"CCF9579B2233","",138577,128

+UUDF:6C1DEBA42837,-68,-25,20,0,1,"CCF9579B2233","",138627,129

+UUDFP:6C1DEBA42837,19FF18000000D0FB010064000000D4320D003400000012670900

+UUDF:6C1DEBA42837,-54,-24,21,0,29,"CCF9579B2233","",138677,130

+UUDF:6C1DEBA42837,-54,-23,22,0,34,"CCF9579B2233","",138727,131

+UUDF:6C1DEBA42837,-68,-22,23,0,0,"CCF9579B2233","",138777,132

+UUDF:6C1DEBA42837,-74,-20,24,0,7,"CCF9579B2233","",138827,133

+UUDF:6C1DEBA42837,-54,-19,22,0,31,"CCF9579B2233","",138877,134

+UUDF:6C1DEBA42837,-59,-18,20,0,33,"CCF9579B2233","",138927,135

+UUDF:6C1DEBA42837,-68,-17,21,0,12,"CCF9579B2233","",138977,136

+UUDF:6C1DEBA42837,-66,-16,18,0,30,"CCF9579B2233","",139077,138

+UUDF:6C1DEBA42837,-71,-14,19,0,10,"CCF9579B2233","",139127,139

+UUDF:6C1DEBA42837,-63,-13,16,0,34,"CCF9579B2233","",139177,140

+UUDF:6C1DEBA42837,-68,-12,17,0,20,"CCF9579B2233","",139227,141

+UUDF:6C1DEBA42837,-60,-12,18,0,5,"CCF9579B2233","",139277,142

+UUDF:6C1DEBA42837,-72,-12,20,0,24,"CCF9579B2233","",139327,143

+UUDF:6C1DEBA42837,-60,-12,21,0,6,"CCF9579B2233","",139377,144

+UUDF:6C1DEBA42837,-77,-11,21,0,24,"CCF9579B2233","",139427,145

+UUDF:6C1DEBA42837,-62,-10,22,0,13,"CCF9579B2233","",139477,146

+UUDF:6C1DEBA42837,-60,-11,23,0,6,"CCF9579B2233","",139527,147

+UUDF:6C1DEBA42837,-60,-10,24,0,10,"CCF9579B2233","",139577,148

+UUDF:6C1DEBA42837,-68,-9,25,0,24,"CCF9579B2233","",139627,149

+UUDFP:6C1DEBA42837,19FF18000000D0FB010064000000D4320D003400000012670900

+UUDF:6C1DEBA42837,-60,-8,26,0,10,"CCF9579B2233","",139677,150

+UUDF:6C1DEBA42837,-62,-7,27,0,14,"CCF9579B2233","",139727,151

+UUDF:6C1DEBA42837,-59,-8,27,0,5,"CCF9579B2233","",139777,152

+UUDF:6C1DEBA42837,-61,-7,28,0,18,"CCF9579B2233","",139827,153

+UUDF:6C1DEBA42837,-60,-6,29,0,11,"CCF9579B2233","",139877,154

+UUDF:6C1DEBA42837,-61,-5,29,0,18,"CCF9579B2233","",139927,155

+UUDF:6C1DEBA42837,-66,-4,29,0,22,"CCF9579B2233","",139977,156

+UUDF:6C1DEBA42837,-65,-3,30,0,21,"CCF9579B2233","",140027,157

+UUDF:6C1DEBA42837,-67,-3,30,0,25,"CCF9579B2233","",140077,158

+UUDF:6C1DEBA42837,-65,-2,30,0,21,"CCF9579B2233","",140127,159

+UUDF:6C1DEBA42837,-60,-1,30,0,15,"CCF9579B2233","",140177,160

+UUDF:6C1DEBA42837,-60,-1,32,0,1,"CCF9579B2233","",140227,161

+UUDF:6C1DEBA42837,-59,-1,33,0,9,"CCF9579B2233","",140277,162

+UUDF:6C1DEBA42837,-60,-1,34,0,3,"CCF9579B2233","",140327,163

+UUDF:6C1DEBA42837,-60,-1,35,0,9,"CCF9579B2233","",140377,164

+UUDF:6C1DEBA42837,-62,0,35,0,18,"CCF9579B2233","",140427,165

+UUDF:6C1DEBA42837,-62,0,35,0,15,"CCF9579B2233","",140477,166

+UUDF:6C1DEBA42837,-64,1,35,0,19,"CCF9579B2233","",140527,167

+UUDF:6C1DEBA42837,-62,1,36,0,13,"CCF9579B2233","",140577,168

+UUDF:6C1DEBA42837,-70,1,36,0,23,"CCF9579B2233","",140627,169

+UUDFP:6C1DEBA42837,19FF18000000D0FB010064000000D4320D003400000012670900

+UUDF:6C1DEBA42837,-65,1,36,0,20,"CCF9579B2233","",140677,170

+UUDF:6C1DEBA42837,-61,1,37,0,10,"CCF9579B2233","",140727,171

+UUDF:6C1DEBA42837,-60,1,38,0,6,"CCF9579B2233","",140777,172

+UUDF:6C1DEBA42837,-63,1,38,0,15,"CCF9579B2233","",140827,173

+UUDF:6C1DEBA42837,-63,2,38,0,11,"CCF9579B2233","",140877,174

+UUDF:6C1DEBA42837,-70,2,38,0,17,"CCF9579B2233","",140927,175

+UUDF:6C1DEBA42837,-57,2,34,0,30,"CCF9579B2233","",140977,176

+UUDF:6C1DEBA42837,-60,2,30,0,26,"CCF9579B2233","",141027,177

+UUDF:6C1DEBA42837,-70,2,31,0,12,"CCF9579B2233","",141077,178

+UUDF:6C1DEBA42837,-66,2,31,0,16,"CCF9579B2233","",141127,179

+UUDF:6C1DEBA42837,-63,2,31,0,19,"CCF9579B2233","",141177,180

+UUDF:6C1DEBA42837,-60,1,32,0,3,"CCF9579B2233","",141227,181

+UUDF:6C1DEBA42837,-59,2,28,0,27,"CCF9579B2233","",141277,182

+UUDF:6C1DEBA42837,-68,2,28,0,12,"CCF9579B2233","",141327,183

+UUDF:6C1DEBA42837,-63,2,29,0,23,"CCF9579B2233","",141377,184

+UUDF:6C1DEBA42837,-63,2,29,0,20,"CCF9579B2233","",141427,185

+UUDF:6C1DEBA42837,-65,2,30,0,7,"CCF9579B2233","",141477,186

+UUDF:6C1DEBA42837,-63,2,31,0,21,"CCF9579B2233","",141527,187

+UUDF:6C1DEBA42837,-64,3,32,0,5,"CCF9579B2233","",141577,188

+UUDF:6C1DEBA42837,-73,2,32,0,23,"CCF9579B2233","",141627,189

+UUDFP:6C1DEBA42837,19FF18000000D0FB010064000000D4320D003400000012670900

+UUDF:6C1DEBA42837,-62,2,33,0,29,"CCF9579B2233","",141677,190

+UUDF:6C1DEBA42837,-67,2,34,0,26,"CCF9579B2233","",141727,191

+UUDF:6C1DEBA42837,-63,2,35,0,13,"CCF9579B2233","",141777,192

+UUDF:6C1DEBA42837,-66,2,36,0,27,"CCF9579B2233","",141877,194

+UUDF:6C1DEBA42837,-71,1,36,0,21,"CCF9579B2233","",141927,195

+UUDF:6C1DEBA42837,-65,1,36,0,33,"CCF9579B2233","",141977,196

+UUDF:6C1DEBA42837,-70,1,36,0,18,"CCF9579B2233","",142027,197

+UUDF:6C1DEBA42837,-69,0,36,0,14,"CCF9579B2233","",142077,198

+UUDF:6C1DEBA42837,-62,0,36,0,19,"CCF9579B2233","",142127,199

+UUDF:6C1DEBA42837,-75,0,36,0,27,"CCF9579B2233","",142177,200

+UUDF:6C1DEBA42837,-64,-1,36,0,15,"CCF9579B2233","",142227,201

+UUDF:6C1DEBA42837,-62,-4,32,0,5,"CCF9579B2233","",142277,202

+UUDF:6C1DEBA42837,-60,-4,32,0,15,"CCF9579B2233","",142327,203

+UUDF:6C1DEBA42837,-61,-7,30,0,4,"CCF9579B2233","",142377,204

+UUDF:6C1DEBA42837,-79,-8,30,0,25,"CCF9579B2233","",142427,205

+UUDF:6C1DEBA42837,-62,-7,30,0,20,"CCF9579B2233","",142477,206

+UUDF:6C1DEBA42837,-59,-6,28,0,28,"CCF9579B2233","",142527,207

+UUDF:6C1DEBA42837,-52,-6,29,0,33,"CCF9579B2233","",142577,208

+UUDF:6C1DEBA42837,-56,-6,25,0,27,"CCF9579B2233","",142627,209

+UUDFP:6C1DEBA42837,19FF18000000D0FB010064000000D4320D003400000012670900

+UUDF:6C1DEBA42837,-64,-5,25,0,18,"CCF9579B2233","",142677,210

+UUDF:6C1DEBA42837,-63,-4,24,0,17,"CCF9579B2233","",142727,211

+UUDF:6C1DEBA42837,-50,-5,25,0,34,"CCF9579B2233","",142777,212

+UUDF:6C1DEBA42837,-53,-7,26,0,28,"CCF9579B2233","",142827,213

+UUDF:6C1DEBA42837,-55,-8,27,0,23,"CCF9579B2233","",142877,214

+UUDF:6C1DEBA42837,-60,-6,25,0,14,"CCF9579B2233","",142927,215

+UUDF:6C1DEBA42837,-64,-6,26,0,1,"CCF9579B2233","",142977,216

+UUDF:6C1DEBA42837,-59,-6,24,0,13,"CCF9579B2233","",143027,217

+UUDF:6C1DEBA42837,-58,-9,26,0,19,"CCF9579B2233","",143077,218

+UUDF:6C1DEBA42837,-59,-11,26,0,11,"CCF9579B2233","",143127,219

+UUDF:6C1DEBA42837,-60,-7,26,0,7,"CCF9579B2233","",143177,220

+UUDF:6C1DEBA42837,-58,-9,26,0,19,"CCF9579B2233","",143227,221

+UUDF:6C1DEBA42837,-60,-11,26,0,10,"CCF9579B2233","",143277,222

+UUDF:6C1DEBA42837,-57,-13,26,0,22,"CCF9579B2233","",143327,223

+UUDF:6C1DEBA42837,-57,-14,25,0,23,"CCF9579B2233","",143377,224

+UUDF:6C1DEBA42837,-59,-17,24,0,7,"CCF9579B2233","",143427,225

+UUDF:6C1DEBA42837,-56,-18,25,0,35,"CCF9579B2233","",143477,226

+UUDF:6C1DEBA42837,-59,-21,26,0,0,"CCF9579B2233","",143527,227

+UUDF:6C1DEBA42837,-56,-21,27,0,31,"CCF9579B2233","",143577,228

+UUDF:6C1DEBA42837,-57,-20,28,0,36,"CCF9579B2233","",143627,229

+UUDFP:6C1DEBA42837,19FF1800000000E2040064000000A0380D003300000074800300

+UUDF:6C1DEBA42837,-61,-22,29,0,7,"CCF9579B2233","",143677,230

+UUDF:6C1DEBA42837,-58,-22,29,0,27,"CCF9579B2233","",143727,231

+UUDF:6C1DEBA42837,-59,-22,30,0,24,"CCF9579B2233","",143777,232

+UUDF:6C1DEBA42837,-58,-21,30,0,24,"CCF9579B2233","",143827,233

+UUDF:6C1DEBA42837,-62,-22,31,0,6,"CCF9579B2233","",143877,234

+UUDF:6C1DEBA42837,-53,-21,32,0,35,"CCF9579B2233","",143927,235

+UUDF:6C1DEBA42837,-62,-22,33,0,8,"CCF9579B2233","",143977,236

+UUDF:6C1DEBA42837,-60,-22,33,0,11,"CCF9579B2233","",144027,237

+UUDF:6C1DEBA42837,-61,-22,34,0,9,"CCF9579B2233","",144077,238

+UUDF:6C1DEBA42837,-62,-22,34,0,2,"CCF9579B2233","",144127,239

+UUDF:6C1DEBA42837,-57,-22,34,0,30,"CCF9579B2233","",144177,240

+UUDF:6C1DEBA42837,-62,-20,34,0,15,"CCF9579B2233","",144227,241

+UUDF:6C1DEBA42837,-62,-19,34,0,11,"CCF9579B2233","",144277,242

+UUDF:6C1DEBA42837,-61,-18,34,0,25,"CCF9579B2233","",144327,243

+UUDF:6C1DEBA42837,-61,-18,34,0,27,"CCF9579B2233","",144377,244

+UUDF:6C1DEBA42837,-55,-18,34,0,34,"CCF9579B2233","",144427,245

+UUDF:6C1DEBA42837,-57,-19,34,0,32,"CCF9579B2233","",144477,246

+UUDF:6C1DEBA42837,-58,-19,34,0,33,"CCF9579B2233","",144527,247

+UUDF:6C1DEBA42837,-66,-16,34,0,5,"CCF9579B2233","",144577,248

+UUDF:6C1DEBA42837,-70,-14,35,0,5,"CCF9579B2233","",144627,249

+UUDFP:6C1DEBA42837,19FF1800000000E2040064000000A0380D003300000074800300

+UUDF:6C1DEBA42837,-62,-14,34,0,36,"CCF9579B2233","",144677,250

+UUDF:6C1DEBA42837,-65,-15,33,0,22,"CCF9579B2233","",144727,251

+UUDF:6C1DEBA42837,-70,-14,32,0,2,"CCF9579B2233","",144777,252

+UUDF:6C1DEBA42837,-68,-15,31,0,21,"CCF9579B2233","",144827,253

+UUDF:6C1DEBA42837,-67,-15,30,0,1,"CCF9579B2233","",144877,254

+UUDF:6C1DEBA42837,-66,-14,29,0,1,"CCF9579B2233","",144927,255

+UUDF:6C1DEBA42837,-61,-15,28,0,31,"CCF9579B2233","",144977,256

+UUDF:6C1DEBA42837,-61,-15,26,0,33,"CCF9579B2233","",145027,257

+UUDF:6C1DEBA42837,-66,-14,25,0,2,"CCF9579B2233","",145077,258

+UUDF:6C1DEBA42837,-72,-15,25,0,22,"CCF9579B2233","",145127,259

+UUDF:6C1DEBA42837,-63,-15,24,0,29,"CCF9579B2233","",145177,260

+UUDF:6C1DEBA42837,-62,-16,23,0,30,"CCF9579B2233","",145227,261

+UUDF:6C1DEBA42837,-66,-13,23,0,10,"CCF9579B2233","",145277,262

+UUDF:6C1DEBA42837,-74,-14,23,0,26,"CCF9579B2233","",145327,263

+UUDF:6C1DEBA42837,-66,-16,22,0,16,"CCF9579B2233","",145377,264

+UUDF:6C1DEBA42837,-61,-16,21,0,36,"CCF9579B2233","",145427,265

+UUDF:6C1DEBA42837,-65,-18,21,0,14,"CCF9579B2233","",145477,266

+UUDF:6C1DEBA42837,-73,-19,20,0,24,"CCF9579B2233","",145527,267

+UUDF:6C1DEBA42837,-61,-19,19,0,33,"CCF9579B2233","",145577,268

+UUDF:6C1DEBA42837,-63,-21,19,0,6,"CCF9579B2233","",145627,269

+UUDFP:6C1DEBA42837,19FF1800000000E2040064000000A0380D003300000074800300

+UUDF:6C1DEBA42837,-67,-22,18,0,25,"CCF9579B2233","",145678,270

+UUDF:6C1DEBA42837,-64,-23,18,0,6,"CCF9579B2233","",145727,271

+UUDF:6C1DEBA42837,-60,-23,17,0,36,"CCF9579B2233","",145777,272

+UUDF:6C1DEBA42837,-68,-23,17,0,9,"CCF9579B2233","",145827,273

+UUDF:6C1DEBA42837,-60,-23,16,0,35,"CCF9579B2233","",145877,274

+UUDF:6C1DEBA42837,-69,-24,16,0,9,"CCF9579B2233","",145927,275

+UUDF:6C1DEBA42837,-67,-25,16,0,7,"CCF9579B2233","",145977,276

+UUDF:6C1DEBA42837,-60,-25,16,0,28,"CCF9579B2233","",146027,277

+UUDF:6C1DEBA42837,-59,-24,15,0,35,"CCF9579B2233","",146077,278

+UUDF:6C1DEBA42837,-63,-25,14,0,22,"CCF9579B2233","",146127,279

+UUDF:6C1DEBA42837,-59,-25,14,0,29,"CCF9579B2233","",146177,280

+UUDF:6C1DEBA42837,-57,-24,13,0,34,"CCF9579B2233","",146227,281

+UUDF:6C1DEBA42837,-56,-24,13,0,31,"CCF9579B2233","",146277,282

+UUDF:6C1DEBA42837,-63,-24,13,0,19,"CCF9579B2233","",146327,283

+UUDF:6C1DEBA42837,-65,-25,12,0,3,"CCF9579B2233","",146377,284

+UUDF:6C1DEBA42837,-66,-26,12,0,4,"CCF9579B2233","",146427,285

+UUDF:6C1DEBA42837,-69,-25,12,0,14,"CCF9579B2233","",146477,286

+UUDF:6C1DEBA42837,-56,-25,12,0,36,"CCF9579B2233","",146527,287

+UUDF:6C1DEBA42837,-65,-24,12,0,15,"CCF9579B2233","",146577,288

+UUDF:6C1DEBA42837,-68,-23,12,0,13,"CCF9579B2233","",146627,289

+UUDFP:6C1DEBA42837,19FF1800000000E2040064000000A0380D003300000074800300

+UUDF:6C1DEBA42837,-54,-22,12,0,34,"CCF9579B2233","",146678,290

+UUDF:6C1DEBA42837,-54,-22,11,0,35,"CCF9579B2233","",146727,291

+UUDF:6C1DEBA42837,-53,-21,11,0,28,"CCF9579B2233","",146777,292

+UUDF:6C1DEBA42837,-55,-21,11,0,24,"CCF9579B2233","",146827,293

+UUDF:6C1DEBA42837,-62,-20,11,0,12,"CCF9579B2233","",146877,294

+UUDF:6C1DEBA42837,-62,-18,11,0,9,"CCF9579B2233","",146927,295

+UUDF:6C1DEBA42837,-60,-17,11,0,17,"CCF9579B2233","",146978,296

+UUDF:6C1DEBA42837,-63,-17,11,0,0,"CCF9579B2233","",147027,297

+UUDF:6C1DEBA42837,-63,-16,10,0,0,"CCF9579B2233","",147077,298

+UUDF:6C1DEBA42837,-60,-15,10,0,12,"CCF9579B2233","",147127,299

+UUDF:6C1DEBA42837,-62,-13,10,0,5,"CCF9579B2233","",147177,300

+UUDF:6C1DEBA42837,-55,-13,10,0,20,"CCF9579B2233","",147227,301

+UUDF:6C1DEBA42837,-51,-12,10,0,26,"CCF9579B2233","",147277,302

+UUDF:6C1DEBA42837,-62,-11,10,0,5,"CCF9579B2233","",147327,303

+UUDF:6C1DEBA42837,-51,-10,10,0,28,"CCF9579B2233","",147377,304

+UUDF:6C1DEBA42837,-62,-9,10,0,8,"CCF9579B2233","",147428,305

+UUDF:6C1DEBA42837,-62,-8,10,0,6,"CCF9579B2233","",147477,306

+UUDF:6C1DEBA42837,-60,-7,10,0,0,"CCF9579B2233","",147528,307

+UUDF:6C1DEBA42837,-52,-6,10,0,31,"CCF9579B2233","",147578,308

+UUDF:6C1DEBA42837,-53,-5,10,0,34,"CCF9579B2233","",147628,309

+UUDFP:6C1DEBA42837,19FF1800000000E2040064000000A0380D003300000074800300

+UUDF:6C1DEBA42837,-59,-5,10,0,18,"CCF9579B2233","",147678,310

+UUDF:6C1DEBA42837,-53,-4,10,0,33,"CCF9579B2233","",147728,311

+UUDF:6C1DEBA42837,-54,-3,10,0,28,"CCF9579B2233","",147778,312

+UUDF:6C1DEBA42837,-58,-2,10,0,18,"CCF9579B2233","",147828,313

+UUDF:6C1DEBA42837,-60,-1,10,0,9,"CCF9579B2233","",147878,314

+UUDF:6C1DEBA42837,-56,0,9,0,18,"CCF9579B2233","",147928,315

+UUDF:6C1DEBA42837,-60,0,9,0,8,"CCF9579B2233","",147978,316

+UUDF:6C1DEBA42837,-62,1,9,0,4,"CCF9579B2233","",148028,317

+UUDF:6C1DEBA42837,-55,0,8,0,25,"CCF9579B2233","",148078,318

+UUDF:6C1DEBA42837,-58,0,7,0,26,"CCF9579B2233","",148128,319

+UUDF:6C1DEBA42837,-61,1,7,0,14,"CCF9579B2233","",148178,320

+UUDF:6C1DEBA42837,-62,2,6,0,6,"CCF9579B2233","",148228,321

+UUDF:6C1DEBA42837,-64,3,7,0,30,"CCF9579B2233","",148278,322

+UUDF:6C1DEBA42837,-59,4,7,0,20,"CCF9579B2233","",148328,323

+UUDF:6C1DEBA42837,-57,3,6,0,25,"CCF9579B2233","",148378,324

+UUDF:6C1DEBA42837,-58,3,6,0,22,"CCF9579B2233","",148428,325

+UUDF:6C1DEBA42837,-55,3,6,0,35,"CCF9579B2233","",148478,326

+UUDF:6C1DEBA42837,-59,4,6,0,16,"CCF9579B2233","",148528,327

+UUDF:6C1DEBA42837,-60,4,6,0,16,"CCF9579B2233","",148578,328

+UUDF:6C1DEBA42837,-56,4,5,0,23,"CCF9579B2233","",148628,329

+UUDFP:6C1DEBA42837,19FF1800000030E6020064000000F54D0D0033000000B45D0400

+UUDF:6C1DEBA42837,-64,3,5,0,7,"CCF9579B2233","",148678,330

+UUDF:6C1DEBA42837,-63,3,5,0,8,"CCF9579B2233","",148728,331

+UUDF:6C1DEBA42837,-60,3,5,0,33,"CCF9579B2233","",148778,332

+UUDF:6C1DEBA42837,-65,3,4,0,12,"CCF9579B2233","",148828,333

+UUDF:6C1DEBA42837,-55,3,4,0,36,"CCF9579B2233","",148878,334

+UUDF:6C1DEBA42837,-58,4,4,0,26,"CCF9579B2233","",148928,335

+UUDF:6C1DEBA42837,-62,4,4,0,5,"CCF9579B2233","",148978,336

+UUDF:6C1DEBA42837,-57,5,4,0,27,"CCF9579B2233","",149028,337

+UUDF:6C1DEBA42837,-65,5,4,0,6,"CCF9579B2233","",149078,338

+UUDF:6C1DEBA42837,-58,5,3,0,31,"CCF9579B2233","",149128,339

+UUDF:6C1DEBA42837,-65,5,3,0,17,"CCF9579B2233","",149178,340

+UUDF:6C1DEBA42837,-66,6,3,0,17,"CCF9579B2233","",149228,341

+UUDF:6C1DEBA42837,-68,6,3,0,17,"CCF9579B2233","",149278,342

+UUDF:6C1DEBA42837,-66,6,3,0,7,"CCF9579B2233","",149328,343

+UUDF:6C1DEBA42837,-79,6,3,0,14,"CCF9579B2233","",149378,344

+UUDF:6C1DEBA42837,-71,6,3,0,23,"CCF9579B2233","",149428,345

+UUDF:6C1DEBA42837,-62,7,2,0,31,"CCF9579B2233","",149478,346

+UUDF:6C1DEBA42837,-63,8,2,0,34,"CCF9579B2233","",149528,347

+UUDF:6C1DEBA42837,-66,7,2,0,12,"CCF9579B2233","",149578,348

+UUDF:6C1DEBA42837,-68,9,1,0,0,"CCF9579B2233","",149628,349

+UUDFP:6C1DEBA42837,19FF1800000030E6020064000000F54D0D0033000000B45D0400

+UUDF:6C1DEBA42837,-65,8,0,0,11,"CCF9579B2233","",149678,350

+UUDF:6C1DEBA42837,-60,7,0,0,24,"CCF9579B2233","",149728,351

+UUDF:6C1DEBA42837,-59,7,-1,0,18,"CCF9579B2233","",149778,352

+UUDF:6C1DEBA42837,-60,6,-1,0,14,"CCF9579B2233","",149828,353

+UUDF:6C1DEBA42837,-55,6,-2,0,36,"CCF9579B2233","",149878,354

+UUDF:6C1DEBA42837,-73,6,-2,0,0,"CCF9579B2233","",149928,355

+UUDF:6C1DEBA42837,-66,6,-3,0,6,"CCF9579B2233","",149978,356

+UUDF:6C1DEBA42837,-69,6,-3,0,1,"CCF9579B2233","",150028,357

+UUDF:6C1DEBA42837,-67,5,-4,0,5,"CCF9579B2233","",150078,358

+UUDF:6C1DEBA42837,-63,5,-5,0,13,"CCF9579B2233","",150128,359

+UUDF:6C1DEBA42837,-59,5,-5,0,21,"CCF9579B2233","",150178,360

+UUDF:6C1DEBA42837,-54,5,-5,0,30,"CCF9579B2233","",150278,362

+UUDF:6C1DEBA42837,-56,4,-5,0,25,"CCF9579B2233","",150328,363

+UUDF:6C1DEBA42837,-59,4,-5,0,23,"CCF9579B2233","",150378,364

+UUDF:6C1DEBA42837,-57,4,-6,0,26,"CCF9579B2233","",150428,365

+UUDF:6C1DEBA42837,-58,3,-6,0,29,"CCF9579B2233","",150478,366

+UUDF:6C1DEBA42837,-63,3,-5,0,20,"CCF9579B2233","",150528,367

+UUDF:6C1DEBA42837,-72,2,-5,0,12,"CCF9579B2233","",150578,368

+UUDF:6C1DEBA42837,-69,1,-5,0,33,"CCF9579B2233","",150628,369

+UUDFP:6C1DEBA42837,19FF1800000030E6020064000000F54D0D0033000000B45D0400

+UUDF:6C1DEBA42837,-80,1,-5,0,26,"CCF9579B2233","",150728,371

+UUDF:6C1DEBA42837,-69,1,-6,0,31,"CCF9579B2233","",150778,372

+UUDF:6C1DEBA42837,-66,1,-6,0,17,"CCF9579B2233","",150828,373

+UUDF:6C1DEBA42837,-65,1,-6,0,26,"CCF9579B2233","",150878,374

+UUDF:6C1DEBA42837,-74,1,-6,0,36,"CCF9579B2233","",150928,375

+UUDF:6C1DEBA42837,-76,1,-6,0,5,"CCF9579B2233","",150978,376

+UUDF:6C1DEBA42837,-64,0,-6,0,33,"CCF9579B2233","",151028,377

+UUDF:6C1DEBA42837,-62,-1,-6,0,32,"CCF9579B2233","",151078,378

+UUDF:6C1DEBA42837,-64,-2,-6,0,33,"CCF9579B2233","",151128,379

+UUDF:6C1DEBA42837,-71,-2,-6,0,5,"CCF9579B2233","",151178,380

+UUDF:6C1DEBA42837,-64,-3,-6,0,0,"CCF9579B2233","",151228,381

+UUDF:6C1DEBA42837,-72,-3,-6,0,9,"CCF9579B2233","",151278,382

+UUDF:6C1DEBA42837,-71,-4,-6,0,9,"CCF9579B2233","",151328,383

+UUDF:6C1DEBA42837,-69,-4,-6,0,5,"CCF9579B2233","",151378,384

+UUDF:6C1DEBA42837,-70,-4,-7,0,9,"CCF9579B2233","",151428,385

+UUDF:6C1DEBA42837,-63,-5,-5,0,24,"CCF9579B2233","",151478,386

+UUDF:6C1DEBA42837,-62,-6,-6,0,22,"CCF9579B2233","",151528,387

+UUDF:6C1DEBA42837,-66,-6,-7,0,10,"CCF9579B2233","",151578,388

+UUDF:6C1DEBA42837,-67,-6,-7,0,2,"CCF9579B2233","",151628,389

+UUDF:6C1DEBA42837,-62,-7,-6,0,29,"CCF9579B2233","",151678,390

+UUDFP:6C1DEBA42837,19FF1800000030E6020064000000F54D0D0033000000B45D0400

+UUDF:6C1DEBA42837,-69,-7,-6,0,1,"CCF9579B2233","",151728,391

+UUDF:6C1DEBA42837,-72,-7,-7,0,5,"CCF9579B2233","",151778,392

+UUDF:6C1DEBA42837,-69,-8,-8,0,6,"CCF9579B2233","",151828,393

+UUDF:6C1DEBA42837,-62,-7,-8,0,14,"CCF9579B2233","",151878,394

+UUDF:6C1DEBA42837,-60,-7,-8,0,23,"CCF9579B2233","",151928,395

+UUDF:6C1DEBA42837,-62,-7,-8,0,19,"CCF9579B2233","",151978,396

+UUDF:6C1DEBA42837,-60,-7,-9,0,33,"CCF9579B2233","",152028,397

+UUDF:6C1DEBA42837,-68,-5,-9,0,0,"CCF9579B2233","",152128,399

+UUDF:6C1DEBA42837,-61,-5,-10,0,27,"CCF9579B2233","",152178,400

+UUDF:6C1DEBA42837,-63,-6,-10,0,29,"CCF9579B2233","",152228,401

+UUDF:6C1DEBA42837,-64,-6,-10,0,35,"CCF9579B2233","",152278,402

+UUDF:6C1DEBA42837,-72,-6,-11,0,23,"CCF9579B2233","",152378,404

+UUDF:6C1DEBA42837,-78,-7,-12,0,16,"CCF9579B2233","",152428,405

+UUDF:6C1DEBA42837,-81,-7,-12,0,28,"CCF9579B2233","",152478,406

+UUDF:6C1DEBA42837,-73,-7,-12,0,34,"CCF9579B2233","",152528,407

+UUDF:6C1DEBA42837,-73,-8,-13,0,20,"CCF9579B2233","",152578,408

+UUDF:6C1DEBA42837,-80,-8,-13,0,31,"CCF9579B2233","",152628,409

+UUDF:6C1DEBA42837,-65,-7,-14,0,6,"CCF9579B2233","",152678,410

+UUDFP:6C1DEBA42837,19FF1800000030E6020064000000F54D0D0033000000B45D0400

+UUDF:6C1DEBA42837,-65,-5,-15,0,9,"CCF9579B2233","",152728,411

+UUDF:6C1DEBA42837,-70,-1,-16,0,13,"CCF9579B2233","",152778,412

+UUDF:6C1DEBA42837,-71,-2,-16,0,34,"CCF9579B2233","",152828,413

+UUDF:6C1DEBA42837,-68,-3,-16,0,27,"CCF9579B2233","",152878,414

+UUDF:6C1DEBA42837,-68,-2,-16,0,4,"CCF9579B2233","",152928,415

+UUDF:6C1DEBA42837,-66,-2,-17,0,11,"CCF9579B2233","",152978,416

+UUDF:6C1DEBA42837,-67,-2,-18,0,22,"CCF9579B2233","",153028,417

+UUDF:6C1DEBA42837,-65,-1,-18,0,11,"CCF9579B2233","",153078,418

+UUDF:6C1DEBA42837,-67,-2,-19,0,23,"CCF9579B2233","",153128,419

+UUDF:6C1DEBA42837,-65,-2,-20,0,11,"CCF9579B2233","",153178,420

+UUDF:6C1DEBA42837,-68,-2,-19,0,1,"CCF9579B2233","",153228,421

+UUDF:6C1DEBA42837,-66,-3,-19,0,27,"CCF9579B2233","",153278,422

+UUDF:6C1DEBA42837,-65,-3,-19,0,36,"CCF9579B2233","",153328,423

+UUDF:6C1DEBA42837,-69,-3,-20,0,5,"CCF9579B2233","",153378,424

+UUDF:6C1DEBA42837,-72,-4,-20,0,21,"CCF9579B2233","",153428,425

+UUDF:6C1DEBA42837,-69,-4,-19,0,24,"CCF9579B2233","",153478,426

+UUDF:6C1DEBA42837,-74,-4,-19,0,1,"CCF9579B2233","",153528,427

+UUDF:6C1DEBA42837,-70,-4,-19,0,33,"CCF9579B2233","",153578,428

+UUDF:6C1DEBA42837,-64,-7,-20,0,13,"CCF9579B2233","",153628,429

+UUDF:6C1DEBA42837,-65,-8,-20,0,15,"CCF9579B2233","",153678,430

+UUDFP:6C1DEBA42837,19FF180000007082030064000000C9660D0033000000D70E0100

+UUDF:6C1DEBA42837,-67,-9,-20,0,30,"CCF9579B2233","",153728,431

+UUDF:6C1DEBA42837,-70,-9,-20,0,35,"CCF9579B2233","",153778,432

+UUDF:6C1DEBA42837,-67,-10,-20,0,5,"CCF9579B2233","",153828,433

+UUDF:6C1DEBA42837,-66,-11,-19,0,19,"CCF9579B2233","",153878,434

+UUDF:6C1DEBA42837,-66,-12,-19,0,33,"CCF9579B2233","",153928,435

+UUDF:6C1DEBA42837,-68,-12,-19,0,34,"CCF9579B2233","",153978,436

+UUDF:6C1DEBA42837,-63,-14,-17,0,11,"CCF9579B2233","",154028,437

+UUDF:6C1DEBA42837,-66,-15,-15,0,9,"CCF9579B2233","",154078,438

+UUDF:6C1DEBA42837,-66,-16,-15,0,29,"CCF9579B2233","",154128,439

+UUDF:6C1DEBA42837,-67,-15,-14,0,11,"CCF9579B2233","",154228,441

+UUDF:6C1DEBA42837,-70,-16,-14,0,22,"CCF9579B2233","",154278,442

+UUDF:6C1DEBA42837,-71,-17,-14,0,19,"CCF9579B2233","",154328,443

+UUDF:6C1DEBA42837,-74,-17,-14,0,4,"CCF9579B2233","",154378,444

+UUDF:6C1DEBA42837,-77,-16,-14,0,28,"CCF9579B2233","",154428,445

+UUDF:6C1DEBA42837,-65,-17,-12,0,7,"CCF9579B2233","",154478,446

+UUDF:6C1DEBA42837,-74,-16,-12,0,31,"CCF9579B2233","",154528,447

+UUDF:6C1DEBA42837,-77,-16,-12,0,30,"CCF9579B2233","",154578,448

+UUDF:6C1DEBA42837,-80,-15,-12,0,25,"CCF9579B2233","",154628,449

+UUDF:6C1DEBA42837,-70,-14,-12,0,22,"CCF9579B2233","",154678,450

+UUDFP:6C1DEBA42837,19FF180000007082030064000000C9660D0033000000D70E0100

+UUDF:6C1DEBA42837,-69,-15,-13,0,12,"CCF9579B2233","",154728,451

+UUDF:6C1DEBA42837,-61,-15,-13,0,26,"CCF9579B2233","",154778,452

+UUDF:6C1DEBA42837,-71,-16,-13,0,9,"CCF9579B2233","",154828,453

+UUDF:6C1DEBA42837,-65,-16,-13,0,17,"CCF9579B2233","",154878,454

+UUDF:6C1DEBA42837,-67,-14,-13,0,34,"CCF9579B2233","",154928,455

+UUDF:6C1DEBA42837,-73,-13,-12,0,35,"CCF9579B2233","",154978,456

+UUDF:6C1DEBA42837,-61,-13,-12,0,13,"CCF9579B2233","",155028,457

+UUDF:6C1DEBA42837,-68,-13,-12,0,4,"CCF9579B2233","",155078,458

+UUDF:6C1DEBA42837,-60,-11,-11,0,36,"CCF9579B2233","",155128,459

+UUDF:6C1DEBA42837,-61,-11,-12,0,25,"CCF9579B2233","",155178,460

+UUDF:6C1DEBA42837,-61,-11,-11,0,23,"CCF9579B2233","",155228,461

+UUDF:6C1DEBA42837,-61,-8,-11,0,34,"CCF9579B2233","",155278,462

+UUDF:6C1DEBA42837,-62,-7,-11,0,26,"CCF9579B2233","",155328,463

+UUDF:6C1DEBA42837,-63,-6,-10,0,29,"CCF9579B2233","",155378,464

+UUDF:6C1DEBA42837,-69,-5,-9,0,25,"CCF9579B2233","",155428,465

+UUDF:6C1DEBA42837,-66,-4,-8,0,25,"CCF9579B2233","",155478,466

+UUDF:6C1DEBA42837,-62,-4,-8,0,15,"CCF9579B2233","",155528,467

+UUDF:6C1DEBA42837,-58,-3,-7,0,32,"CCF9579B2233","",155578,468

+UUDF:6C1DEBA42837,-64,-3,-7,0,12,"CCF9579B2233","",155628,469

+UUDF:6C1DEBA42837,-58,-3,-6,0,34,"CCF9579B2233","",155678,470

+UUDFP:6C1DEBA42837,19FF180000007082030064000000C9660D0033000000D70E0100

+UUDF:6C1DEBA42837,-57,-2,-6,0,36,"CCF9579B2233","",155729,471

+UUDF:6C1DEBA42837,-62,-1,-5,0,16,"CCF9579B2233","",155778,472

+UUDF:6C1DEBA42837,-62,-1,-5,0,26,"CCF9579B2233","",155828,473

+UUDF:6C1DEBA42837,-63,-2,-4,0,23,"CCF9579B2233","",155879,474

+UUDF:6C1DEBA42837,-67,-1,-5,0,9,"CCF9579B2233","",155928,475

+UUDF:6C1DEBA42837,-66,-1,-4,0,12,"CCF9579B2233","",155978,476

+UUDF:6C1DEBA42837,-54,-1,-3,0,33,"CCF9579B2233","",156028,477

+UUDF:6C1DEBA42837,-67,0,-3,0,10,"CCF9579B2233","",156078,478

+UUDF:6C1DEBA42837,-54,0,-2,0,27,"CCF9579B2233","",156128,479

+UUDF:6C1DEBA42837,-52,-3,-2,0,36,"CCF9579B2233","",156178,480

+UUDF:6C1DEBA42837,-64,-3,-2,0,19,"CCF9579B2233","",156228,481

+UUDF:6C1DEBA42837,-54,-4,-1,0,35,"CCF9579B2233","",156328,483

+UUDF:6C1DEBA42837,-54,-4,-1,0,34,"CCF9579B2233","",156378,484

+UUDF:6C1DEBA42837,-65,-3,-1,0,20,"CCF9579B2233","",156428,485

+UUDF:6C1DEBA42837,-80,-3,-1,0,3,"CCF9579B2233","",156478,486

+UUDF:6C1DEBA42837,-62,-3,-1,0,21,"CCF9579B2233","",156528,487

+UUDF:6C1DEBA42837,-57,-3,-1,0,27,"CCF9579B2233","",156578,488

+UUDF:6C1DEBA42837,-60,-4,-1,0,22,"CCF9579B2233","",156628,489

+UUDF:6C1DEBA42837,-71,-4,-1,0,1,"CCF9579B2233","",156678,490

+UUDFP:6C1DEBA42837,19FF180000007082030064000000C9660D0033000000D70E0100

+UUDF:6C1DEBA42837,-60,-1,0,0,11,"CCF9579B2233","",156729,491

+UUDF:6C1DEBA42837,-59,-3,0,0,28,"CCF9579B2233","",156778,492

+UUDF:6C1DEBA42837,-59,-5,1,0,23,"CCF9579B2233","",156828,493

+UUDF:6C1DEBA42837,-59,-3,2,0,30,"CCF9579B2233","",156878,494

+UUDF:6C1DEBA42837,-60,-6,2,0,15,"CCF9579B2233","",156928,495

+UUDF:6C1DEBA42837,-60,-7,2,0,23,"CCF9579B2233","",156978,496

+UUDF:6C1DEBA42837,-59,-6,3,0,29,"CCF9579B2233","",157028,497

+UUDF:6C1DEBA42837,-60,-6,3,0,24,"CCF9579B2233","",157078,498

+UUDF:6C1DEBA42837,-60,-6,3,0,23,"CCF9579B2233","",157128,499

+UUDF:6C1DEBA42837,-60,-5,4,0,33,"CCF9579B2233","",157178,500

+UUDF:6C1DEBA42837,-68,-6,4,0,4,"CCF9579B2233","",157228,501

+UUDF:6C1DEBA42837,-59,-5,4,0,31,"CCF9579B2233","",157278,502

+UUDF:6C1DEBA42837,-73,-6,4,0,1,"CCF9579B2233","",157328,503

+UUDF:6C1DEBA42837,-76,-7,3,0,21,"CCF9579B2233","",157378,504

+UUDF:6C1DEBA42837,-65,-7,1,0,33,"CCF9579B2233","",157428,505

+UUDF:6C1DEBA42837,-67,-6,1,0,5,"CCF9579B2233","",157478,506

+UUDF:6C1DEBA42837,-57,-6,1,0,35,"CCF9579B2233","",157528,507

+UUDF:6C1DEBA42837,-63,-6,0,0,0,"CCF9579B2233","",157579,508

+UUDF:6C1DEBA42837,-54,-6,0,0,34,"CCF9579B2233","",157628,509

+UUDF:6C1DEBA42837,-55,-6,1,0,33,"CCF9579B2233","",157679,510

+UUDFP:6C1DEBA42837,19FF180000007082030064000000C9660D0033000000D70E0100

+UUDF:6C1DEBA42837,-59,-5,2,0,15,"CCF9579B2233","",157729,511

+UUDF:6C1DEBA42837,-56,-5,3,0,36,"CCF9579B2233","",157779,512

+UUDF:6C1DEBA42837,-61,-4,3,0,17,"CCF9579B2233","",157829,513

+UUDF:6C1DEBA42837,-60,-2,4,0,16,"CCF9579B2233","",157879,514

+UUDF:6C1DEBA42837,-55,-2,5,0,35,"CCF9579B2233","",157929,515
